#Build: Fabric Compiler 2022.1, Build 99559, Jul 12 00:20 2022
#Install: H:\PANGO_EDA\PDS_2022.1\bin
#Application name: pds_shell.exe
#OS: Windows 10 10.0.26100
#Hostname: DESKTOP-4P2ET5G
Generated by Fabric Compiler (version 2022.1 build 99559) at Sun Feb 23 16:43:54 2025
Compiling verification operator library.
Compiling common defs.
Compiling prim grid devices.
Compiling gate devices.
Compiling gate operators.
Building architecture model.
Loading device packaging model.
Building architecture floorplan logic view.
Constraint check start.
W: ConstraintEditor-4019: Port 'gpio_led[0]' unspecified I/O constraint.
W: ConstraintEditor-4019: Port 'gpio_led[1]' unspecified I/O constraint.
W: ConstraintEditor-4019: Port 'gpio_led[2]' unspecified I/O constraint.
W: ConstraintEditor-4019: Port 'gpio_led[3]' unspecified I/O constraint.
W: ConstraintEditor-4019: Port 'gpio_led[4]' unspecified I/O constraint.
W: ConstraintEditor-4019: Port 'gpio_led[5]' unspecified I/O constraint.
W: ConstraintEditor-4019: Port 'io_jtag_tdo' unspecified I/O constraint.
W: ConstraintEditor-4019: Port 'io_uart_txd' unspecified I/O constraint.
W: ConstraintEditor-4019: Port 'botton' unspecified I/O constraint.
W: ConstraintEditor-4019: Port 'io_asyncReset' unspecified I/O constraint.
W: ConstraintEditor-4019: Port 'io_axiClk' unspecified I/O constraint.
W: ConstraintEditor-4019: Port 'io_coreInterrupt' unspecified I/O constraint.
W: ConstraintEditor-4019: Port 'io_jtag_tck' unspecified I/O constraint.
W: ConstraintEditor-4019: Port 'io_jtag_tdi' unspecified I/O constraint.
W: ConstraintEditor-4019: Port 'io_jtag_tms' unspecified I/O constraint.
W: ConstraintEditor-4019: Port 'io_timerExternal_clear' unspecified I/O constraint.
W: ConstraintEditor-4019: Port 'io_timerExternal_tick' unspecified I/O constraint.
W: ConstraintEditor-4019: Port 'io_uart_rxd' unspecified I/O constraint.
Constraint check end.
I: Column Clock Check open.
Read Column Clock Map.

Placement started.
Phase 1 Pre global placement started.
I: Infer CARRY group, base inst: axi_core_cpu/IBusCachedPlugin_cache/ways_0_tags/iGopDrm, insts:2.
I: Infer CARRY group, base inst: axi_core_cpu/RegFilePlugin_regFile_1/iGopDrm, insts:2.
I: Infer CARRY group, base inst: axi_core_cpu/dataCache_1/ways_0_data_symbol1/iGopDrm, insts:2.
I: Infer CARRY group, base inst: axi_core_cpu/dataCache_1/ways_0_data_symbol3/iGopDrm, insts:2.
I: Infer CARRY group, base inst: axi_ram/ram_symbol0/iGopDrm, insts:2.
I: Infer CARRY group, base inst: axi_ram/ram_symbol2/iGopDrm, insts:2.
Phase 1.1 1st GP placement started.
Design Utilization : 8%.
Wirelength after clock region global placement is 28453.
1st GP placement takes 4.69 sec.

Phase 1.2 Clock placement started.
Mapping instance io_axiClk_ibuf/opit_1 to IOL_7_205.
Mapping instance clkbufg_0/gopclkbufg to USCM_84_108.
Mapping instance io_jtag_tck_ibuf/opit_1 to IOL_7_206.
Mapping instance clkbufg_1/gopclkbufg to USCM_84_109.
Clock placement takes 0.50 sec.

Pre global placement takes 7.00 sec.

Phase 2 Global placement started.
Phase 2.1 Fixed placement started.
Placed fixed group with base inst io_axiClk_ibuf/opit_1 on IOL_7_205.
Placed fixed group with base inst io_jtag_tck_ibuf/opit_1 on IOL_7_206.
Placed fixed instance clkbufg_0/gopclkbufg on USCM_84_108.
Placed fixed instance clkbufg_1/gopclkbufg on USCM_84_109.
Fixed placement takes 0.00 sec.

Phase 2.2 Process placement started.
Process placement takes 0.00 sec.

Phase 2.3 IO placement started.
IO placement takes 0.03 sec.

Phase 2.4 2nd GP placement started.
Run super clustering :
	Initial slack 495121.
	3 iterations finished.
	Final slack 496461.
Super clustering done.
Design Utilization : 8%.
2nd GP placement takes 4.00 sec.

Wirelength after global placement is 30089.
Global placement takes 4.03 sec.

Phase 3 Post global placement started.
Phase 3.1 Macro cell placement started.
Wirelength after macro cell placement is 36781.
Macro cell placement takes 0.02 sec.

Phase 3.2 3rd GP placement started.
Run super clustering :
	Initial slack 495121.
	3 iterations finished.
	Final slack 496461.
Super clustering done.
Design Utilization : 8%.
3rd GP placement takes 3.89 sec.

Wirelength after post global placement is 30621.
Post global placement takes 3.91 sec.

Phase 4 Legalization started.
The average distance in LP is 1.434300.
Wirelength after legalization is 37566.
Legalization takes 0.27 sec.

Phase 5 Timing-driven detailed placement started.
Phase 5.1 Replication placement started.
Worst slack before Replication Place is 497670.
Replication placement takes 0.27 sec.

Wirelength after replication placement is 37566.
Phase 5.2 DP placement started.
Legalized cost 497670.000000.
The detailed placement ends at 0th iteration.
DP placement takes 0.19 sec.

Wirelength after detailed placement is 37566.
Timing-driven detailed placement takes 0.45 sec.

Worst slack is 497670, TNS after placement is 0.
Placement done.
Total placement takes 16.81 sec.
Finished placement. (CPU time elapsed 0h:00m:16s)

Routing started.
Building routing graph takes 1.83 sec.
Worst slack is 497670, TNS before global route is 0.
Processing design graph takes 0.42 sec.
Total memory for routing:
	118.357187 M.
Total nets for routing : 5320.
Rcf routing step 1 processed 0 nets, it takes 0.00 sec.
Rcf routing step 2 processed 0 nets, it takes 0.00 sec.
Rcf routing step 3 processed 0 nets, it takes 0.00 sec.
Global Routing step 1 processed 0 nets, it takes 0.02 sec.
Global Routing step 2 processed 0 nets, it takes 0.00 sec.
Unrouted nets 94 at the end of iteration 0.
Unrouted nets 29 at the end of iteration 1.
Unrouted nets 13 at the end of iteration 2.
Unrouted nets 2 at the end of iteration 3.
Unrouted nets 2 at the end of iteration 4.
Unrouted nets 0 at the end of iteration 5.
Global Routing step 3 processed 219 nets, it takes 0.23 sec.
Global routing takes 0.27 sec.
Total 6015 subnets.
    forward max bucket size 628 , backward 35.
        Unrouted nets 4711 at the end of iteration 0.
    route iteration 0, CPU time elapsed 0.828125 sec.
    forward max bucket size 626 , backward 46.
        Unrouted nets 3574 at the end of iteration 1.
    route iteration 1, CPU time elapsed 0.765625 sec.
    forward max bucket size 50 , backward 104.
        Unrouted nets 2831 at the end of iteration 2.
    route iteration 2, CPU time elapsed 0.562500 sec.
    forward max bucket size 99 , backward 69.
        Unrouted nets 2277 at the end of iteration 3.
    route iteration 3, CPU time elapsed 0.531250 sec.
    forward max bucket size 115 , backward 136.
        Unrouted nets 1883 at the end of iteration 4.
    route iteration 4, CPU time elapsed 0.546875 sec.
    forward max bucket size 109 , backward 109.
        Unrouted nets 1626 at the end of iteration 5.
    route iteration 5, CPU time elapsed 0.515625 sec.
    forward max bucket size 77 , backward 92.
        Unrouted nets 1818 at the end of iteration 6.
    route iteration 6, CPU time elapsed 0.421875 sec.
    forward max bucket size 64 , backward 111.
        Unrouted nets 1754 at the end of iteration 7.
    route iteration 7, CPU time elapsed 0.390625 sec.
    forward max bucket size 91 , backward 127.
        Unrouted nets 1498 at the end of iteration 8.
    route iteration 8, CPU time elapsed 0.359375 sec.
    forward max bucket size 97 , backward 138.
        Unrouted nets 1331 at the end of iteration 9.
    route iteration 9, CPU time elapsed 0.296875 sec.
    forward max bucket size 68 , backward 102.
        Unrouted nets 1080 at the end of iteration 10.
    route iteration 10, CPU time elapsed 0.250000 sec.
    forward max bucket size 52 , backward 73.
        Unrouted nets 944 at the end of iteration 11.
    route iteration 11, CPU time elapsed 0.218750 sec.
    forward max bucket size 64 , backward 118.
        Unrouted nets 763 at the end of iteration 12.
    route iteration 12, CPU time elapsed 0.187500 sec.
    forward max bucket size 92 , backward 86.
        Unrouted nets 621 at the end of iteration 13.
    route iteration 13, CPU time elapsed 0.171875 sec.
    forward max bucket size 58 , backward 65.
        Unrouted nets 495 at the end of iteration 14.
    route iteration 14, CPU time elapsed 0.140625 sec.
    forward max bucket size 90 , backward 137.
        Unrouted nets 409 at the end of iteration 15.
    route iteration 15, CPU time elapsed 0.125000 sec.
    forward max bucket size 62 , backward 73.
        Unrouted nets 383 at the end of iteration 16.
    route iteration 16, CPU time elapsed 0.109375 sec.
    forward max bucket size 63 , backward 79.
        Unrouted nets 301 at the end of iteration 17.
    route iteration 17, CPU time elapsed 0.109375 sec.
    forward max bucket size 67 , backward 69.
        Unrouted nets 239 at the end of iteration 18.
    route iteration 18, CPU time elapsed 0.078125 sec.
    forward max bucket size 72 , backward 54.
        Unrouted nets 185 at the end of iteration 19.
    route iteration 19, CPU time elapsed 0.062500 sec.
    forward max bucket size 75 , backward 57.
        Unrouted nets 141 at the end of iteration 20.
    route iteration 20, CPU time elapsed 0.062500 sec.
    forward max bucket size 51 , backward 53.
        Unrouted nets 140 at the end of iteration 21.
    route iteration 21, CPU time elapsed 0.046875 sec.
    forward max bucket size 48 , backward 42.
        Unrouted nets 139 at the end of iteration 22.
    route iteration 22, CPU time elapsed 0.046875 sec.
    forward max bucket size 44 , backward 38.
        Unrouted nets 134 at the end of iteration 23.
    route iteration 23, CPU time elapsed 0.046875 sec.
    forward max bucket size 39 , backward 49.
        Unrouted nets 103 at the end of iteration 24.
    route iteration 24, CPU time elapsed 0.031250 sec.
    forward max bucket size 41 , backward 46.
        Unrouted nets 85 at the end of iteration 25.
    route iteration 25, CPU time elapsed 0.031250 sec.
    forward max bucket size 42 , backward 41.
        Unrouted nets 75 at the end of iteration 26.
    route iteration 26, CPU time elapsed 0.031250 sec.
    forward max bucket size 56 , backward 56.
        Unrouted nets 58 at the end of iteration 27.
    route iteration 27, CPU time elapsed 0.046875 sec.
    forward max bucket size 37 , backward 49.
        Unrouted nets 58 at the end of iteration 28.
    route iteration 28, CPU time elapsed 0.031250 sec.
    forward max bucket size 38 , backward 35.
        Unrouted nets 41 at the end of iteration 29.
    route iteration 29, CPU time elapsed 0.031250 sec.
    forward max bucket size 29 , backward 27.
        Unrouted nets 39 at the end of iteration 30.
    route iteration 30, CPU time elapsed 0.031250 sec.
    forward max bucket size 54 , backward 63.
        Unrouted nets 34 at the end of iteration 31.
    route iteration 31, CPU time elapsed 0.031250 sec.
    forward max bucket size 21 , backward 23.
        Unrouted nets 26 at the end of iteration 32.
    route iteration 32, CPU time elapsed 0.031250 sec.
    forward max bucket size 27 , backward 26.
        Unrouted nets 22 at the end of iteration 33.
    route iteration 33, CPU time elapsed 0.031250 sec.
    forward max bucket size 38 , backward 27.
        Unrouted nets 21 at the end of iteration 34.
    route iteration 34, CPU time elapsed 0.031250 sec.
    forward max bucket size 48 , backward 45.
        Unrouted nets 19 at the end of iteration 35.
    route iteration 35, CPU time elapsed 0.031250 sec.
    forward max bucket size 58 , backward 76.
        Unrouted nets 18 at the end of iteration 36.
    route iteration 36, CPU time elapsed 0.031250 sec.
    forward max bucket size 49 , backward 53.
        Unrouted nets 18 at the end of iteration 37.
    route iteration 37, CPU time elapsed 0.031250 sec.
    forward max bucket size 68 , backward 99.
        Unrouted nets 28 at the end of iteration 38.
    route iteration 38, CPU time elapsed 0.031250 sec.
    forward max bucket size 31 , backward 34.
        Unrouted nets 22 at the end of iteration 39.
    route iteration 39, CPU time elapsed 0.031250 sec.
    forward max bucket size 31 , backward 41.
        Unrouted nets 20 at the end of iteration 40.
    route iteration 40, CPU time elapsed 0.031250 sec.
    forward max bucket size 23 , backward 28.
        Unrouted nets 14 at the end of iteration 41.
    route iteration 41, CPU time elapsed 0.031250 sec.
    forward max bucket size 21 , backward 25.
        Unrouted nets 10 at the end of iteration 42.
    route iteration 42, CPU time elapsed 0.015625 sec.
    forward max bucket size 46 , backward 38.
        Unrouted nets 8 at the end of iteration 43.
    route iteration 43, CPU time elapsed 0.015625 sec.
    forward max bucket size 15 , backward 26.
        Unrouted nets 5 at the end of iteration 44.
    route iteration 44, CPU time elapsed 0.015625 sec.
    forward max bucket size 21 , backward 17.
        Unrouted nets 4 at the end of iteration 45.
    route iteration 45, CPU time elapsed 0.015625 sec.
    forward max bucket size 30 , backward 28.
        Unrouted nets 4 at the end of iteration 46.
    route iteration 46, CPU time elapsed 0.015625 sec.
    forward max bucket size 35 , backward 28.
        Unrouted nets 5 at the end of iteration 47.
    route iteration 47, CPU time elapsed 0.031250 sec.
    forward max bucket size 28 , backward 21.
        Unrouted nets 3 at the end of iteration 48.
    route iteration 48, CPU time elapsed 0.015625 sec.
    forward max bucket size 44 , backward 43.
        Unrouted nets 2 at the end of iteration 49.
    route iteration 49, CPU time elapsed 0.015625 sec.
    forward max bucket size 37 , backward 47.
        Unrouted nets 2 at the end of iteration 50.
    route iteration 50, CPU time elapsed 0.015625 sec.
    forward max bucket size 80 , backward 67.
        Unrouted nets 0 at the end of iteration 51.
    route iteration 51, CPU time elapsed 0.015625 sec.
Detailed routing takes 51 iterations
Detailed routing takes 7.83 sec.
Start fix hold violation.
Build tmp routing results takes 0.06 sec.
Timing analysis takes 0.47 sec.
Hold violation fix iter 0 takes 0.00 sec, total_step_forward 144.
Incremental timing analysis takes 0.45 sec.
Hold violation fix iter 1 takes 0.00 sec, total_step_forward 0.
Hold Violation Fix in router takes 2 iterations.
Fix hold violation Finished.
Hold Violation Fix in router takes 1.30 sec.

Dispose routing result:
    Collect routing result.
    Delete unused device instances.
    Annotate routing result.
    Change LUT configuration.
    Dispose misc instances.
    Annotate routing result again.
Finish routing takes 0.52 sec.
Used SRB routing arc is 55701.
Cleanup routing takes 0.02 sec.
Routing done.
Total routing takes 12.75 sec.


Device Utilization Summary :
+---------------------------------------------------------------------------+
| Logic Utilization        | Used     | Available     | Utilization(%)     
+---------------------------------------------------------------------------+
| Use of APM               | 4        | 84            | 5                  
| Use of BKCL              | 0        | 4             | 0                  
| Use of CLMA              | 620      | 6450          | 10                 
|   FF                     | 1605     | 38700         | 5                  
|   LUT                    | 2060     | 25800         | 8                  
|   LUT-FF pairs           | 715      | 25800         | 3                  
| Use of CLMS              | 374      | 4250          | 9                  
|   FF                     | 913      | 25500         | 4                  
|   LUT                    | 1199     | 17000         | 8                  
|   LUT-FF pairs           | 369      | 17000         | 3                  
|   Distributed RAM        | 16       | 17000         | 1                  
| Use of CRYSTAL           | 0        | 2             | 0                  
| Use of DLL               | 0        | 10            | 0                  
| Use of DQSL              | 0        | 18            | 0                  
| Use of DRM               | 8        | 134           | 6                  
| Use of FUSECODE          | 0        | 1             | 0                  
| Use of HARD0N1           | 139      | 6672          | 3                  
| Use of HSST              | 0        | 1             | 0                  
| Use of IO                | 17       | 296           | 6                  
|   IOBD                   | 0        | 64            | 0                  
|   IOBR_LR                | 0        | 7             | 0                  
|   IOBR_TB                | 1        | 8             | 13                 
|   IOBS_LR                | 15       | 161           | 10                 
|   IOBS_TB                | 1        | 56            | 2                  
| Use of IOCKDIV           | 0        | 20            | 0                  
| Use of IOCKDLY           | 0        | 40            | 0                  
| Use of IOCKGATE          | 0        | 20            | 0                  
| Use of IOCKGMUX_TEST     | 0        | 20            | 0                  
| Use of IOL               | 17       | 400           | 5                  
| Use of IPAL              | 0        | 1             | 0                  
| Use of LDO               | 0        | 4             | 0                  
| Use of MFG_TEST          | 0        | 1             | 0                  
| Use of OSC               | 0        | 1             | 0                  
| Use of PCIE              | 0        | 1             | 0                  
| Use of PIOMUX_TEST       | 0        | 10            | 0                  
| Use of PLL               | 0        | 5             | 0                  
| Use of PREGMUX_TEST      | 0        | 6             | 0                  
| Use of RCKB              | 0        | 24            | 0                  
| Use of RCKBMUX_TEST      | 0        | 12            | 0                  
| Use of RESCAL            | 0        | 4             | 0                  
| Use of SCANCHAIN         | 0        | 2             | 0                  
| Use of START             | 1        | 1             | 100                
| Use of UDID              | 0        | 1             | 0                  
| Use of USCM              | 2        | 30            | 7                  
| Use of USCMMUX_TEST      | 0        | 30            | 0                  
| Use of VCKBMUX_TEST      | 0        | 12            | 0                  
+---------------------------------------------------------------------------+

Finished routing. (CPU time elapsed 0h:00m:12s)
Design 'Briey' has been placed and routed successfully.
Saving design to DB.
Finished placement and routing. (CPU time elapsed 0h:00m:39s)
Action pnr: Real time elapsed is 0h:0m:41s
Action pnr: CPU time elapsed is 0h:0m:40s
Action pnr: Process CPU time elapsed is 0h:0m:40s
Current time: Sun Feb 23 16:44:34 2025
Action pnr: Peak memory pool usage is 936 MB
