#Build: Fabric Compiler 2022.1, Build 99559, Jul 12 00:20 2022
#Install: H:\PANGO_EDA\PDS_2022.1\bin
#Application name: pds_shell.exe
#OS: Windows 10 10.0.26100
#Hostname: DESKTOP-4P2ET5G
Generated by Fabric Compiler (version 2022.1 build 99559) at Mon Feb 24 22:37:48 2025
Compiling verification operator library.
Compiling common defs.
Compiling prim grid devices.
Compiling gate devices.
Compiling gate operators.
Building architecture model.
Loading device packaging model.
Building architecture floorplan logic view.
Constraint check start.
Executing : def_port {gpio_led[0]} LOC=B2 VCCIO=1.2 IOSTANDARD=LVCMOS12 DRIVE=2 SLEW=SLOW NONE=TRUE
Executing : def_port {gpio_led[0]} LOC=B2 VCCIO=1.2 IOSTANDARD=LVCMOS12 DRIVE=2 SLEW=SLOW NONE=TRUE successfully
Executing : def_port {gpio_led[1]} LOC=A2 VCCIO=1.2 IOSTANDARD=LVCMOS12 DRIVE=2 SLEW=SLOW NONE=TRUE
Executing : def_port {gpio_led[1]} LOC=A2 VCCIO=1.2 IOSTANDARD=LVCMOS12 DRIVE=2 SLEW=SLOW NONE=TRUE successfully
Executing : def_port {gpio_led[2]} LOC=B3 VCCIO=1.2 IOSTANDARD=LVCMOS12 DRIVE=2 SLEW=SLOW NONE=TRUE
Executing : def_port {gpio_led[2]} LOC=B3 VCCIO=1.2 IOSTANDARD=LVCMOS12 DRIVE=2 SLEW=SLOW NONE=TRUE successfully
Executing : def_port {gpio_led[3]} LOC=A3 VCCIO=1.2 IOSTANDARD=LVCMOS12 DRIVE=2 SLEW=SLOW NONE=TRUE
Executing : def_port {gpio_led[3]} LOC=A3 VCCIO=1.2 IOSTANDARD=LVCMOS12 DRIVE=2 SLEW=SLOW NONE=TRUE successfully
Executing : def_port {gpio_led[4]} LOC=C5 VCCIO=1.2 IOSTANDARD=LVCMOS12 DRIVE=2 SLEW=SLOW NONE=TRUE
Executing : def_port {gpio_led[4]} LOC=C5 VCCIO=1.2 IOSTANDARD=LVCMOS12 DRIVE=2 SLEW=SLOW NONE=TRUE successfully
Executing : def_port {gpio_led[5]} LOC=A5 VCCIO=1.2 IOSTANDARD=LVCMOS12 DRIVE=2 SLEW=SLOW NONE=TRUE
Executing : def_port {gpio_led[5]} LOC=A5 VCCIO=1.2 IOSTANDARD=LVCMOS12 DRIVE=2 SLEW=SLOW NONE=TRUE successfully
Executing : def_port {io_jtag_tdo} LOC=Y11 VCCIO=1.2 IOSTANDARD=LVCMOS12 DRIVE=2 SLEW=SLOW NONE=TRUE
Executing : def_port {io_jtag_tdo} LOC=Y11 VCCIO=1.2 IOSTANDARD=LVCMOS12 DRIVE=2 SLEW=SLOW NONE=TRUE successfully
Executing : def_port {io_uart_txd} LOC=AB11 VCCIO=1.2 IOSTANDARD=LVCMOS12 DRIVE=2 SLEW=SLOW NONE=TRUE
Executing : def_port {io_uart_txd} LOC=AB11 VCCIO=1.2 IOSTANDARD=LVCMOS12 DRIVE=2 SLEW=SLOW NONE=TRUE successfully
Executing : def_port {io_asyncReset} LOC=L15 VCCIO=1.2 IOSTANDARD=LVCMOS12 NONE=TRUE
Executing : def_port {io_asyncReset} LOC=L15 VCCIO=1.2 IOSTANDARD=LVCMOS12 NONE=TRUE successfully
Executing : def_port {io_axiClk} LOC=P20 VCCIO=1.2 IOSTANDARD=LVCMOS12 NONE=TRUE
Executing : def_port {io_axiClk} LOC=P20 VCCIO=1.2 IOSTANDARD=LVCMOS12 NONE=TRUE successfully
Executing : def_port {io_coreInterrupt} LOC=K18 VCCIO=1.2 IOSTANDARD=LVCMOS12 NONE=TRUE
C: ConstraintEditor-2002: [H:/PANGO_EDA/my_project/first_try/device_map/led.pcf(line number: 13)] | Port io_coreInterrupt has been placed at location K18, whose type is share pin.
Executing : def_port {io_coreInterrupt} LOC=K18 VCCIO=1.2 IOSTANDARD=LVCMOS12 NONE=TRUE successfully
Executing : def_port {io_jtag_tck} LOC=Y13 VCCIO=1.2 IOSTANDARD=LVCMOS12 NONE=TRUE
C: ConstraintEditor-2002: [H:/PANGO_EDA/my_project/first_try/device_map/led.pcf(line number: 14)] | Port io_jtag_tck has been placed at location Y13, whose type is share pin.
Executing : def_port {io_jtag_tck} LOC=Y13 VCCIO=1.2 IOSTANDARD=LVCMOS12 NONE=TRUE successfully
Executing : def_port {io_jtag_tdi} LOC=W10 VCCIO=1.2 IOSTANDARD=LVCMOS12 NONE=TRUE
Executing : def_port {io_jtag_tdi} LOC=W10 VCCIO=1.2 IOSTANDARD=LVCMOS12 NONE=TRUE successfully
Executing : def_port {io_jtag_tms} LOC=V11 VCCIO=1.2 IOSTANDARD=LVCMOS12 NONE=TRUE
Executing : def_port {io_jtag_tms} LOC=V11 VCCIO=1.2 IOSTANDARD=LVCMOS12 NONE=TRUE successfully
Executing : def_port {io_timerExternal_clear} LOC=J17 VCCIO=1.2 IOSTANDARD=LVCMOS12 NONE=TRUE
Executing : def_port {io_timerExternal_clear} LOC=J17 VCCIO=1.2 IOSTANDARD=LVCMOS12 NONE=TRUE successfully
Executing : def_port {io_timerExternal_tick} LOC=K16 VCCIO=1.2 IOSTANDARD=LVCMOS12 NONE=TRUE
Executing : def_port {io_timerExternal_tick} LOC=K16 VCCIO=1.2 IOSTANDARD=LVCMOS12 NONE=TRUE successfully
Executing : def_port {io_uart_rxd} LOC=AB13 VCCIO=1.2 IOSTANDARD=LVCMOS12 NONE=TRUE
C: ConstraintEditor-2002: [H:/PANGO_EDA/my_project/first_try/device_map/led.pcf(line number: 19)] | Port io_uart_rxd has been placed at location AB13, whose type is share pin.
Executing : def_port {io_uart_rxd} LOC=AB13 VCCIO=1.2 IOSTANDARD=LVCMOS12 NONE=TRUE successfully
Constraint check end.
I: Column Clock Check open.
Read Column Clock Map.

Placement started.
Phase 1 Pre global placement started.
I: Infer CARRY group, base inst: axi_core_cpu/IBusCachedPlugin_cache/banks_0/iGopDrm, insts:2.
I: Infer CARRY group, base inst: axi_core_cpu/RegFilePlugin_regFile/iGopDrm, insts:2.
I: Infer CARRY group, base inst: axi_core_cpu/dataCache_1/ways_0_data_symbol0/iGopDrm, insts:2.
I: Infer CARRY group, base inst: axi_core_cpu/dataCache_1/ways_0_data_symbol2/iGopDrm, insts:2.
Phase 1.1 1st GP placement started.
Design Utilization : 8%.
Wirelength after clock region global placement is 45697.
1st GP placement takes 8.20 sec.

Phase 1.2 Clock placement started.
Mapping instance clkbufg_0/gopclkbufg to USCM_84_108.
Mapping instance clkbufg_1/gopclkbufg to USCM_84_109.
Clock placement takes 0.20 sec.

Pre global placement takes 10.16 sec.

Phase 2 Global placement started.
Phase 2.1 Fixed placement started.
Placed fixed group with base inst gpio_led_obuf[0]/opit_1 on IOL_19_374.
Placed fixed group with base inst gpio_led_obuf[1]/opit_1 on IOL_19_373.
Placed fixed group with base inst gpio_led_obuf[2]/opit_1 on IOL_35_374.
Placed fixed group with base inst gpio_led_obuf[3]/opit_1 on IOL_35_373.
Placed fixed group with base inst gpio_led_obuf[4]/opit_1 on IOL_67_374.
Placed fixed group with base inst gpio_led_obuf[5]/opit_1 on IOL_67_373.
Placed fixed group with base inst io_asyncReset_ibuf/opit_1 on IOL_327_134.
Placed fixed group with base inst io_axiClk_ibuf/opit_1 on IOL_327_210.
Placed fixed group with base inst io_coreInterrupt_ibuf/opit_1 on IOL_327_257.
Placed fixed group with base inst io_jtag_tck_ibuf/opit_1 on IOL_167_6.
Placed fixed group with base inst io_jtag_tdi_ibuf/opit_1 on IOL_123_6.
Placed fixed group with base inst io_jtag_tdo_obuf/opit_1 on IOL_159_6.
Placed fixed group with base inst io_jtag_tms_ibuf/opit_1 on IOL_135_6.
Placed fixed group with base inst io_timerExternal_clear_ibuf/opit_1 on IOL_327_297.
Placed fixed group with base inst io_timerExternal_tick_ibuf/opit_1 on IOL_327_133.
Placed fixed group with base inst io_uart_rxd_ibuf/opit_1 on IOL_167_5.
Placed fixed group with base inst io_uart_txd_obuf/opit_1 on IOL_159_5.
Placed fixed instance clkbufg_0/gopclkbufg on USCM_84_108.
Placed fixed instance clkbufg_1/gopclkbufg on USCM_84_109.
Placed fixed instance BKCL_auto_0 on BKCL_188_376.
Placed fixed instance BKCL_auto_1 on BKCL_328_184.
Placed fixed instance BKCL_auto_2 on BKCL_192_0.
Fixed placement takes 0.00 sec.

Phase 2.2 Process placement started.
Process placement takes 0.00 sec.

Phase 2.3 IO placement started.
IO placement takes 0.03 sec.

Phase 2.4 2nd GP placement started.
Run super clustering :
	Initial slack 495121.
	3 iterations finished.
	Final slack 496461.
Super clustering done.
Design Utilization : 8%.
2nd GP placement takes 6.73 sec.

Wirelength after global placement is 47357.
Global placement takes 6.77 sec.

Phase 3 Post global placement started.
Phase 3.1 Macro cell placement started.
Wirelength after macro cell placement is 50382.
Macro cell placement takes 0.05 sec.

Phase 3.2 3rd GP placement started.
Run super clustering :
	Initial slack 495121.
	3 iterations finished.
	Final slack 496461.
Super clustering done.
Design Utilization : 8%.
3rd GP placement takes 4.86 sec.

Wirelength after post global placement is 44637.
Post global placement takes 4.91 sec.

Phase 4 Legalization started.
The average distance in LP is 1.562178.
Wirelength after legalization is 51941.
Legalization takes 0.28 sec.

Phase 5 Timing-driven detailed placement started.
Phase 5.1 Replication placement started.
Worst slack before Replication Place is 497784.
Replication placement takes 0.31 sec.

Wirelength after replication placement is 51941.
Phase 5.2 DP placement started.
Legalized cost 497784.000000.
The detailed placement ends at 0th iteration.
DP placement takes 0.23 sec.

Wirelength after detailed placement is 51941.
Timing-driven detailed placement takes 0.55 sec.

Worst slack is 497784, TNS after placement is 0.
Placement done.
Total placement takes 24.22 sec.
Finished placement. (CPU time elapsed 0h:00m:24s)

Routing started.
Building routing graph takes 1.66 sec.
Worst slack is 497784, TNS before global route is 0.
Processing design graph takes 0.47 sec.
Total memory for routing:
	118.744612 M.
Total nets for routing : 5891.
Rcf routing step 1 processed 0 nets, it takes 0.00 sec.
Rcf routing step 2 processed 0 nets, it takes 0.00 sec.
Rcf routing step 3 processed 0 nets, it takes 0.00 sec.
Global Routing step 1 processed 0 nets, it takes 0.00 sec.
Global Routing step 2 processed 0 nets, it takes 0.00 sec.
Unrouted nets 92 at the end of iteration 0.
Unrouted nets 51 at the end of iteration 1.
Unrouted nets 44 at the end of iteration 2.
Unrouted nets 30 at the end of iteration 3.
Unrouted nets 19 at the end of iteration 4.
Unrouted nets 19 at the end of iteration 5.
Unrouted nets 19 at the end of iteration 6.
Unrouted nets 17 at the end of iteration 7.
Unrouted nets 8 at the end of iteration 8.
Unrouted nets 4 at the end of iteration 9.
Unrouted nets 5 at the end of iteration 10.
Unrouted nets 3 at the end of iteration 11.
Unrouted nets 3 at the end of iteration 12.
Unrouted nets 2 at the end of iteration 13.
Unrouted nets 1 at the end of iteration 14.
Unrouted nets 1 at the end of iteration 15.
Unrouted nets 1 at the end of iteration 16.
Unrouted nets 1 at the end of iteration 17.
Unrouted nets 1 at the end of iteration 18.
Unrouted nets 1 at the end of iteration 19.
Unrouted nets 1 at the end of iteration 20.
Unrouted nets 2 at the end of iteration 21.
Unrouted nets 1 at the end of iteration 22.
Unrouted nets 2 at the end of iteration 23.
Unrouted nets 2 at the end of iteration 24.
Unrouted nets 1 at the end of iteration 25.
Unrouted nets 3 at the end of iteration 26.
Unrouted nets 0 at the end of iteration 27.
Global Routing step 3 processed 241 nets, it takes 5.92 sec.
Global routing takes 5.95 sec.
Total 8364 subnets.
    forward max bucket size 1841 , backward 816.
        Unrouted nets 5181 at the end of iteration 0.
    route iteration 0, CPU time elapsed 1.156250 sec.
    forward max bucket size 1837 , backward 464.
        Unrouted nets 3666 at the end of iteration 1.
    route iteration 1, CPU time elapsed 0.843750 sec.
    forward max bucket size 861 , backward 674.
        Unrouted nets 2733 at the end of iteration 2.
    route iteration 2, CPU time elapsed 0.687500 sec.
    forward max bucket size 283 , backward 335.
        Unrouted nets 2154 at the end of iteration 3.
    route iteration 3, CPU time elapsed 0.625000 sec.
    forward max bucket size 124 , backward 135.
        Unrouted nets 1773 at the end of iteration 4.
    route iteration 4, CPU time elapsed 0.593750 sec.
    forward max bucket size 442 , backward 250.
        Unrouted nets 1971 at the end of iteration 5.
    route iteration 5, CPU time elapsed 0.453125 sec.
    forward max bucket size 147 , backward 125.
        Unrouted nets 1845 at the end of iteration 6.
    route iteration 6, CPU time elapsed 0.421875 sec.
    forward max bucket size 144 , backward 126.
        Unrouted nets 1678 at the end of iteration 7.
    route iteration 7, CPU time elapsed 0.406250 sec.
    forward max bucket size 83 , backward 115.
        Unrouted nets 1423 at the end of iteration 8.
    route iteration 8, CPU time elapsed 0.359375 sec.
    forward max bucket size 85 , backward 94.
        Unrouted nets 1175 at the end of iteration 9.
    route iteration 9, CPU time elapsed 0.281250 sec.
    forward max bucket size 75 , backward 145.
        Unrouted nets 916 at the end of iteration 10.
    route iteration 10, CPU time elapsed 0.250000 sec.
    forward max bucket size 64 , backward 69.
        Unrouted nets 753 at the end of iteration 11.
    route iteration 11, CPU time elapsed 0.218750 sec.
    forward max bucket size 45 , backward 65.
        Unrouted nets 604 at the end of iteration 12.
    route iteration 12, CPU time elapsed 0.171875 sec.
    forward max bucket size 90 , backward 81.
        Unrouted nets 515 at the end of iteration 13.
    route iteration 13, CPU time elapsed 0.156250 sec.
    forward max bucket size 160 , backward 107.
        Unrouted nets 447 at the end of iteration 14.
    route iteration 14, CPU time elapsed 0.125000 sec.
    forward max bucket size 134 , backward 158.
        Unrouted nets 363 at the end of iteration 15.
    route iteration 15, CPU time elapsed 0.125000 sec.
    forward max bucket size 50 , backward 59.
        Unrouted nets 278 at the end of iteration 16.
    route iteration 16, CPU time elapsed 0.109375 sec.
    forward max bucket size 50 , backward 53.
        Unrouted nets 251 at the end of iteration 17.
    route iteration 17, CPU time elapsed 0.093750 sec.
    forward max bucket size 35 , backward 82.
        Unrouted nets 222 at the end of iteration 18.
    route iteration 18, CPU time elapsed 0.093750 sec.
    forward max bucket size 35 , backward 57.
        Unrouted nets 184 at the end of iteration 19.
    route iteration 19, CPU time elapsed 0.078125 sec.
    forward max bucket size 43 , backward 67.
        Unrouted nets 166 at the end of iteration 20.
    route iteration 20, CPU time elapsed 0.078125 sec.
    forward max bucket size 54 , backward 64.
        Unrouted nets 120 at the end of iteration 21.
    route iteration 21, CPU time elapsed 0.062500 sec.
    forward max bucket size 36 , backward 35.
        Unrouted nets 96 at the end of iteration 22.
    route iteration 22, CPU time elapsed 0.046875 sec.
    forward max bucket size 30 , backward 31.
        Unrouted nets 79 at the end of iteration 23.
    route iteration 23, CPU time elapsed 0.046875 sec.
    forward max bucket size 66 , backward 59.
        Unrouted nets 69 at the end of iteration 24.
    route iteration 24, CPU time elapsed 0.046875 sec.
    forward max bucket size 49 , backward 93.
        Unrouted nets 43 at the end of iteration 25.
    route iteration 25, CPU time elapsed 0.046875 sec.
    forward max bucket size 52 , backward 58.
        Unrouted nets 37 at the end of iteration 26.
    route iteration 26, CPU time elapsed 0.031250 sec.
    forward max bucket size 52 , backward 57.
        Unrouted nets 24 at the end of iteration 27.
    route iteration 27, CPU time elapsed 0.046875 sec.
    forward max bucket size 41 , backward 61.
        Unrouted nets 16 at the end of iteration 28.
    route iteration 28, CPU time elapsed 0.031250 sec.
    forward max bucket size 29 , backward 32.
        Unrouted nets 15 at the end of iteration 29.
    route iteration 29, CPU time elapsed 0.031250 sec.
    forward max bucket size 28 , backward 43.
        Unrouted nets 13 at the end of iteration 30.
    route iteration 30, CPU time elapsed 0.031250 sec.
    forward max bucket size 19 , backward 39.
        Unrouted nets 6 at the end of iteration 31.
    route iteration 31, CPU time elapsed 0.031250 sec.
    forward max bucket size 14 , backward 19.
        Unrouted nets 2 at the end of iteration 32.
    route iteration 32, CPU time elapsed 0.031250 sec.
    forward max bucket size 15 , backward 25.
        Unrouted nets 4 at the end of iteration 33.
    route iteration 33, CPU time elapsed 0.031250 sec.
    forward max bucket size 37 , backward 29.
        Unrouted nets 5 at the end of iteration 34.
    route iteration 34, CPU time elapsed 0.031250 sec.
    forward max bucket size 39 , backward 29.
        Unrouted nets 4 at the end of iteration 35.
    route iteration 35, CPU time elapsed 0.031250 sec.
    forward max bucket size 40 , backward 39.
        Unrouted nets 5 at the end of iteration 36.
    route iteration 36, CPU time elapsed 0.015625 sec.
    forward max bucket size 38 , backward 54.
        Unrouted nets 4 at the end of iteration 37.
    route iteration 37, CPU time elapsed 0.031250 sec.
    forward max bucket size 38 , backward 53.
        Unrouted nets 4 at the end of iteration 38.
    route iteration 38, CPU time elapsed 0.031250 sec.
    forward max bucket size 11 , backward 17.
        Unrouted nets 2 at the end of iteration 39.
    route iteration 39, CPU time elapsed 0.015625 sec.
    forward max bucket size 11 , backward 18.
        Unrouted nets 0 at the end of iteration 40.
    route iteration 40, CPU time elapsed 0.031250 sec.
Detailed routing takes 40 iterations
Detailed routing takes 8.64 sec.
Start fix hold violation.
Build tmp routing results takes 0.06 sec.
Timing analysis takes 0.58 sec.
Hold violation fix iter 0 takes 0.00 sec, total_step_forward 203.
Incremental timing analysis takes 0.53 sec.
Hold violation fix iter 1 takes 0.00 sec, total_step_forward 7.
Incremental timing analysis takes 0.53 sec.
Hold violation fix iter 2 takes 0.00 sec, total_step_forward 0.
Hold Violation Fix in router takes 3 iterations.
Fix hold violation Finished.
Hold Violation Fix in router takes 2.53 sec.

Dispose routing result:
    Collect routing result.
    Delete unused device instances.
    Annotate routing result.
    Change LUT configuration.
    Dispose misc instances.
    Annotate routing result again.
Finish routing takes 0.61 sec.
Used SRB routing arc is 72161.
Cleanup routing takes 0.02 sec.
Routing done.
Total routing takes 20.70 sec.


Device Utilization Summary :
+----------------------------------------------------------------------------+
| Logic Utilization        | Used      | Available     | Utilization(%)     
+----------------------------------------------------------------------------+
| Use of APM               | 4         | 84            | 5                  
| Use of BKCL              | 3         | 4             | 75                 
| Use of CLMA              | 639       | 6450          | 10                 
|   FF                     | 1582      | 38700         | 5                  
|   LUT                    | 2010      | 25800         | 8                  
|   LUT-FF pairs           | 708       | 25800         | 3                  
| Use of CLMS              | 373       | 4250          | 9                  
|   FF                     | 943       | 25500         | 4                  
|   LUT                    | 1164      | 17000         | 7                  
|   LUT-FF pairs           | 384       | 17000         | 3                  
|   Distributed RAM        | 16        | 17000         | 1                  
| Use of CRYSTAL           | 0         | 2             | 0                  
| Use of DLL               | 0         | 10            | 0                  
| Use of DQSL              | 0         | 18            | 0                  
| Use of DRM               | 132.5     | 134           | 99                 
| Use of FUSECODE          | 0         | 1             | 0                  
| Use of HARD0N1           | 767       | 6672          | 12                 
| Use of HSST              | 0         | 1             | 0                  
| Use of IO                | 17        | 296           | 6                  
|   IOBD                   | 7         | 64            | 11                 
|   IOBR_LR                | 0         | 7             | 0                  
|   IOBR_TB                | 1         | 8             | 13                 
|   IOBS_LR                | 5         | 161           | 4                  
|   IOBS_TB                | 4         | 56            | 8                  
| Use of IOCKDIV           | 0         | 20            | 0                  
| Use of IOCKDLY           | 0         | 40            | 0                  
| Use of IOCKGATE          | 0         | 20            | 0                  
| Use of IOCKGMUX_TEST     | 0         | 20            | 0                  
| Use of IOL               | 17        | 400           | 5                  
| Use of IPAL              | 0         | 1             | 0                  
| Use of LDO               | 0         | 4             | 0                  
| Use of MFG_TEST          | 0         | 1             | 0                  
| Use of OSC               | 0         | 1             | 0                  
| Use of PCIE              | 0         | 1             | 0                  
| Use of PIOMUX_TEST       | 0         | 10            | 0                  
| Use of PLL               | 0         | 5             | 0                  
| Use of PREGMUX_TEST      | 0         | 6             | 0                  
| Use of RCKB              | 0         | 24            | 0                  
| Use of RCKBMUX_TEST      | 0         | 12            | 0                  
| Use of RESCAL            | 0         | 4             | 0                  
| Use of SCANCHAIN         | 0         | 2             | 0                  
| Use of START             | 1         | 1             | 100                
| Use of UDID              | 0         | 1             | 0                  
| Use of USCM              | 2         | 30            | 7                  
| Use of USCMMUX_TEST      | 0         | 30            | 0                  
| Use of VCKBMUX_TEST      | 0         | 12            | 0                  
+----------------------------------------------------------------------------+

Finished routing. (CPU time elapsed 0h:00m:20s)
Design 'Briey' has been placed and routed successfully.
Saving design to DB.
Finished placement and routing. (CPU time elapsed 0h:00m:56s)
Action pnr: Real time elapsed is 0h:1m:0s
Action pnr: CPU time elapsed is 0h:0m:57s
Action pnr: Process CPU time elapsed is 0h:0m:57s
Current time: Mon Feb 24 22:38:46 2025
Action pnr: Peak memory pool usage is 1,012 MB
