#Build: Fabric Compiler 2022.1, Build 99559, Jul 12 00:20 2022
#Install: H:\PANGO_EDA\PDS_2022.1\bin
#Application name: pds.exe
#OS: Windows 10 10.0.26100
#Hostname: DESKTOP-4P2ET5G
Generated by Fabric Compiler (version 2022.1 build 99559) at Tue Mar  4 21:52:20 2025
Parse module hierarchy of project 'H:/git_my/gowin-VexRiscV/briey_cpu_core/first_try/temp_projects/Main_Flow/Main_Flow.pds' (ADS Parser)
C: Flow-2001: Design file missing: "H:/git_my/gowin-VexRiscV/briey_cpu_core/Briey.v". 
Open IP Compiler ...
W: Public-4026: Error occurs in third party tool. Error information is "libpng warning: iCCP: known incorrect sRGB profile
" .
W: Public-4026: Error occurs in third party tool. Error information is "libpng warning: iCCP: known incorrect sRGB profile
" .
C: Flow-2008: IP file modified: "H:/git_my/gowin-VexRiscV/briey_cpu_core/first_try/ipcore/adf/adf.idf". 
Parse module hierarchy of project 'H:/git_my/gowin-VexRiscV/briey_cpu_core/first_try/temp_projects/Main_Flow/Main_Flow.pds' (ADS Parser)
IP Compiler exited.
Customize IP 'H:/git_my/gowin-VexRiscV/briey_cpu_core/first_try/ipcore/adf/adf.idf' ...
Open IP Compiler ...
IP Compiler exited.
Open IP Compiler ...
IP Compiler exited.
IP Compiler exited.
