#Build: Fabric Compiler 2022.1, Build 99559, Jul 12 00:20 2022
#Install: H:\PANGO_EDA\PDS_2022.1\bin
#Application name: pds.exe
#OS: Windows 10 10.0.26100
#Hostname: DESKTOP-4P2ET5G
Generated by Fabric Compiler (version 2022.1 build 99559) at Sun Feb 23 15:33:53 2025
Parse module hierarchy of project 'H:/PANGO_EDA/my_project/first_try/temp_projects/Main_Flow/Main_Flow.pds' (ADS Parser)


Process "Generate Netlist" started.
Current time: Sun Feb 23 15:33:58 2025
Compiling architecture definition.
Analyzing project file 'H:/PANGO_EDA/my_project/first_try/first_try.pds'.
Compiling verification operator library.
Compiling common defs.
Compiling prim grid devices.
Compiling gate devices.
Compiling gate operators.
Building architecture model.
Loading device packaging model.
Reading design from DB.
Start Generate Netlist.
NOTE: The technology fpga was specified.
NOTE: delay_model specified was generic_cmos.
NOTE: Using the fpga syntax tables...
Totals:
 Calls to malloc = 0
 Calls to calloc = 4002569

Generate Netlist is finished successfully.
Action gen_netlist: Real time elapsed is 0h:0m:7s
Action gen_netlist: CPU time elapsed is 0h:0m:5s
Action gen_netlist: Process CPU time elapsed is 0h:0m:5s
Current time: Sun Feb 23 15:34:04 2025
Action gen_netlist: Peak memory pool usage is 696 MB
Process "Generate Netlist" done.
