#Build: Fabric Compiler 2022.1, Build 99559, Jul 12 00:20 2022
#Install: H:\PANGO_EDA\PDS_2022.1\bin
#Application name: pds_shell.exe
#OS: Windows 10 10.0.26100
#Hostname: DESKTOP-4P2ET5G
Generated by Fabric Compiler (version 2022.1 build 99559) at Mon Feb 24 22:37:23 2025
License checkout: fabric_ads
Compiling verification operator library.
Loading technology operator library.
Compiling technology operator library.
Compiling technology operator (valence) library.
I: Enable Verilog2k features and keywords
Start rtl-analyze.
Executing : .rtl_analyze -work work -include_path {H:/PANGO_EDA/my_project/first_try} H:/PANGO_EDA/my_project/Briey.v
I: Verilog-0001: Analyzing file H:/PANGO_EDA/my_project/Briey.v
I: Verilog-0002: [H:/PANGO_EDA/my_project/Briey.v(line number: 7)] Analyzing module Briey (library work)
W: Verilog-2010: [H:/PANGO_EDA/my_project/Briey.v(line number: 1223)] Ignore initial statements except memory $readmemh/$readmemb initialization statements
I: Verilog-0002: [H:/PANGO_EDA/my_project/Briey.v(line number: 1784)] Analyzing module Apb3Router (library work)
I: Verilog-0002: [H:/PANGO_EDA/my_project/Briey.v(line number: 1895)] Analyzing module Apb3Decoder (library work)
I: Verilog-0002: [H:/PANGO_EDA/my_project/Briey.v(line number: 1946)] Analyzing module Axi4SharedArbiter_2 (library work)
I: Verilog-0002: [H:/PANGO_EDA/my_project/Briey.v(line number: 2208)] Analyzing module Axi4SharedArbiter_1 (library work)
I: Verilog-0002: [H:/PANGO_EDA/my_project/Briey.v(line number: 2536)] Analyzing module Axi4SharedArbiter (library work)
I: Verilog-0002: [H:/PANGO_EDA/my_project/Briey.v(line number: 2864)] Analyzing module Axi4SharedDecoder (library work)
I: Verilog-0002: [H:/PANGO_EDA/my_project/Briey.v(line number: 3232)] Analyzing module Axi4ReadOnlyDecoder (library work)
I: Verilog-0002: [H:/PANGO_EDA/my_project/Briey.v(line number: 3415)] Analyzing module SystemDebugger (library work)
I: Verilog-0002: [H:/PANGO_EDA/my_project/Briey.v(line number: 3502)] Analyzing module JtagBridge (library work)
W: Verilog-2010: [H:/PANGO_EDA/my_project/Briey.v(line number: 3641)] Ignore initial statements except memory $readmemh/$readmemb initialization statements
I: Verilog-0002: [H:/PANGO_EDA/my_project/Briey.v(line number: 4230)] Analyzing module BufferCC_1 (library work)
I: Verilog-0002: [H:/PANGO_EDA/my_project/Briey.v(line number: 4249)] Analyzing module VexRiscv (library work)
I: [H:/PANGO_EDA/my_project/Briey.v(line number: 4731)] Convert attribute name from keep to PAP_KEEP
I: [H:/PANGO_EDA/my_project/Briey.v(line number: 4731)] Convert attribute name from syn_keep to PAP_KEEP
I: [H:/PANGO_EDA/my_project/Briey.v(line number: 4731)] Convert attribute name from syn_keep to PAP_KEEP
I: [H:/PANGO_EDA/my_project/Briey.v(line number: 4733)] Convert attribute name from keep to PAP_KEEP
I: [H:/PANGO_EDA/my_project/Briey.v(line number: 4733)] Convert attribute name from syn_keep to PAP_KEEP
I: [H:/PANGO_EDA/my_project/Briey.v(line number: 4733)] Convert attribute name from syn_keep to PAP_KEEP
I: Verilog-0002: [H:/PANGO_EDA/my_project/Briey.v(line number: 9096)] Analyzing module Apb3UartCtrl (library work)
I: Verilog-0002: [H:/PANGO_EDA/my_project/Briey.v(line number: 9515)] Analyzing module PinsecTimerCtrl (library work)
I: Verilog-0002: [H:/PANGO_EDA/my_project/Briey.v(line number: 9986)] Analyzing module Apb3Gpio (library work)
I: Verilog-0002: [H:/PANGO_EDA/my_project/Briey.v(line number: 10078)] Analyzing module Axi4SharedToApb3Bridge (library work)
I: Verilog-0002: [H:/PANGO_EDA/my_project/Briey.v(line number: 10304)] Analyzing module Axi4SharedSdramCtrl (library work)
I: Verilog-0002: [H:/PANGO_EDA/my_project/Briey.v(line number: 10781)] Analyzing module Axi4SharedOnChipRam (library work)
I: Verilog-0002: [H:/PANGO_EDA/my_project/Briey.v(line number: 11143)] Analyzing module BufferCC (library work)
I: Verilog-0002: [H:/PANGO_EDA/my_project/Briey.v(line number: 11163)] Analyzing module StreamArbiter (library work)
I: Verilog-0002: [H:/PANGO_EDA/my_project/Briey.v(line number: 11239)] Analyzing module StreamArbiter_1 (library work)
I: Verilog-0002: [H:/PANGO_EDA/my_project/Briey.v(line number: 11333)] Analyzing module StreamFifoLowLatency_2 (library work)
I: Verilog-0002: [H:/PANGO_EDA/my_project/Briey.v(line number: 11368)] Analyzing module StreamArbiter_2 (library work)
I: Verilog-0002: [H:/PANGO_EDA/my_project/Briey.v(line number: 11462)] Analyzing module Axi4SharedErrorSlave (library work)
I: Verilog-0002: [H:/PANGO_EDA/my_project/Briey.v(line number: 11551)] Analyzing module Axi4ReadOnlyErrorSlave (library work)
I: Verilog-0002: [H:/PANGO_EDA/my_project/Briey.v(line number: 11610)] Analyzing module FlowCCUnsafeByToggle (library work)
W: Verilog-2010: [H:/PANGO_EDA/my_project/Briey.v(line number: 11641)] Ignore initial statements except memory $readmemh/$readmemb initialization statements
I: Verilog-0002: [H:/PANGO_EDA/my_project/Briey.v(line number: 11682)] Analyzing module DataCache (library work)
I: Verilog-0002: [H:/PANGO_EDA/my_project/Briey.v(line number: 12536)] Analyzing module InstructionCache (library work)
I: [H:/PANGO_EDA/my_project/Briey.v(line number: 12588)] Convert attribute name from keep to PAP_KEEP
I: [H:/PANGO_EDA/my_project/Briey.v(line number: 12588)] Convert attribute name from syn_keep to PAP_KEEP
I: [H:/PANGO_EDA/my_project/Briey.v(line number: 12588)] Convert attribute name from syn_keep to PAP_KEEP
I: [H:/PANGO_EDA/my_project/Briey.v(line number: 12603)] Convert attribute name from keep to PAP_KEEP
I: [H:/PANGO_EDA/my_project/Briey.v(line number: 12603)] Convert attribute name from syn_keep to PAP_KEEP
I: [H:/PANGO_EDA/my_project/Briey.v(line number: 12603)] Convert attribute name from syn_keep to PAP_KEEP
I: Verilog-0002: [H:/PANGO_EDA/my_project/Briey.v(line number: 12837)] Analyzing module StreamFifo (library work)
I: Verilog-0002: [H:/PANGO_EDA/my_project/Briey.v(line number: 12991)] Analyzing module UartCtrl (library work)
I: Verilog-0002: [H:/PANGO_EDA/my_project/Briey.v(line number: 13120)] Analyzing module InterruptCtrl (library work)
I: Verilog-0002: [H:/PANGO_EDA/my_project/Briey.v(line number: 13147)] Analyzing module Timer_1 (library work)
I: Verilog-0002: [H:/PANGO_EDA/my_project/Briey.v(line number: 13193)] Analyzing module Timer (library work)
I: Verilog-0002: [H:/PANGO_EDA/my_project/Briey.v(line number: 13239)] Analyzing module Prescaler (library work)
I: Verilog-0002: [H:/PANGO_EDA/my_project/Briey.v(line number: 13262)] Analyzing module BufferCC_2 (library work)
I: Verilog-0002: [H:/PANGO_EDA/my_project/Briey.v(line number: 13290)] Analyzing module BufferCC_4 (library work)
I: Verilog-0002: [H:/PANGO_EDA/my_project/Briey.v(line number: 13309)] Analyzing module SdramCtrl (library work)
I: Verilog-0002: [H:/PANGO_EDA/my_project/Briey.v(line number: 14524)] Analyzing module StreamFifo_4 (library work)
I: Verilog-0002: [H:/PANGO_EDA/my_project/Briey.v(line number: 14618)] Analyzing module BufferCC_5 (library work)
W: Verilog-2010: [H:/PANGO_EDA/my_project/Briey.v(line number: 14628)] Ignore initial statements except memory $readmemh/$readmemb initialization statements
I: Verilog-0002: [H:/PANGO_EDA/my_project/Briey.v(line number: 14644)] Analyzing module UartCtrlRx (library work)
I: Verilog-0002: [H:/PANGO_EDA/my_project/Briey.v(line number: 14938)] Analyzing module UartCtrlTx (library work)
I: Verilog-0002: [H:/PANGO_EDA/my_project/Briey.v(line number: 15178)] Analyzing module StreamFifoLowLatency_3 (library work)
I: Verilog-0002: [H:/PANGO_EDA/my_project/Briey.v(line number: 15231)] Analyzing module BufferCC_6 (library work)
I: Verilog-0002: [H:/PANGO_EDA/my_project/Briey.v(line number: 15255)] Analyzing module StreamFifo_5 (library work)
Parsing done.
Executing : .rtl_analyze -work work -include_path {H:/PANGO_EDA/my_project/first_try} H:/PANGO_EDA/my_project/Briey.v successfully.
I: Module "Briey" is set as top module.
Executing : rtl-analyze successfully. Time elapsed: 1.513s wall, 0.047s user + 0.000s system = 0.047s CPU (3.1%)

Start rtl-elaborate.
I: Verilog-0003: [H:/PANGO_EDA/my_project/Briey.v(line number: 7)] Elaborating module Briey
I: Verilog-0004: [H:/PANGO_EDA/my_project/Briey.v(line number: 614)] Elaborating instance io_asyncReset_buffercc
I: Verilog-0003: [H:/PANGO_EDA/my_project/Briey.v(line number: 11143)] Elaborating module BufferCC
W: Sdm-2008: The attribute named async_reg is not legal, then it has no effect, ignore its value.
W: Sdm-2008: The attribute named async_reg is not legal, then it has no effect, ignore its value.
W: Sdm-2008: The attribute named keep_hierarchy is not legal, then it has no effect, ignore its value.
I: Verilog-0004: [H:/PANGO_EDA/my_project/Briey.v(line number: 619)] Elaborating instance axi_ram
I: Verilog-0003: [H:/PANGO_EDA/my_project/Briey.v(line number: 10781)] Elaborating module Axi4SharedOnChipRam
I: Verilog-0004: [H:/PANGO_EDA/my_project/Briey.v(line number: 646)] Elaborating instance axi_sdramCtrl
I: Verilog-0003: [H:/PANGO_EDA/my_project/Briey.v(line number: 10304)] Elaborating module Axi4SharedSdramCtrl
I: Verilog-0004: [H:/PANGO_EDA/my_project/Briey.v(line number: 10472)] Elaborating instance ctrl
I: Verilog-0003: [H:/PANGO_EDA/my_project/Briey.v(line number: 13309)] Elaborating module SdramCtrl
I: Verilog-0004: [H:/PANGO_EDA/my_project/Briey.v(line number: 13583)] Elaborating instance chip_backupIn_fifo
I: Verilog-0003: [H:/PANGO_EDA/my_project/Briey.v(line number: 15178)] Elaborating module StreamFifoLowLatency_3
I: Verilog-0004: [H:/PANGO_EDA/my_project/Briey.v(line number: 15204)] Elaborating instance fifo
I: Verilog-0003: [H:/PANGO_EDA/my_project/Briey.v(line number: 15255)] Elaborating module StreamFifo_5
W: Sdm-2008: The attribute named ram_style is not legal, then it has no effect, ignore its value.
I: Verilog-0004: [H:/PANGO_EDA/my_project/Briey.v(line number: 684)] Elaborating instance axi_apbBridge
I: Verilog-0003: [H:/PANGO_EDA/my_project/Briey.v(line number: 10078)] Elaborating module Axi4SharedToApb3Bridge
I: Verilog-0004: [H:/PANGO_EDA/my_project/Briey.v(line number: 719)] Elaborating instance axi_gpioACtrl
I: Verilog-0003: [H:/PANGO_EDA/my_project/Briey.v(line number: 9986)] Elaborating module Apb3Gpio
I: Verilog-0004: [H:/PANGO_EDA/my_project/Briey.v(line number: 10013)] Elaborating instance io_gpio_read_buffercc
I: Verilog-0003: [H:/PANGO_EDA/my_project/Briey.v(line number: 13290)] Elaborating module BufferCC_4
W: Sdm-2008: The attribute named async_reg is not legal, then it has no effect, ignore its value.
W: Sdm-2008: The attribute named async_reg is not legal, then it has no effect, ignore its value.
W: Sdm-2008: The attribute named keep_hierarchy is not legal, then it has no effect, ignore its value.
I: Verilog-0004: [H:/PANGO_EDA/my_project/Briey.v(line number: 735)] Elaborating instance axi_gpioBCtrl
I: Verilog-0003: [H:/PANGO_EDA/my_project/Briey.v(line number: 9986)] Elaborating module Apb3Gpio
I: Verilog-0004: [H:/PANGO_EDA/my_project/Briey.v(line number: 751)] Elaborating instance axi_timerCtrl
I: Verilog-0003: [H:/PANGO_EDA/my_project/Briey.v(line number: 9515)] Elaborating module PinsecTimerCtrl
I: Verilog-0004: [H:/PANGO_EDA/my_project/Briey.v(line number: 9589)] Elaborating instance io_external_buffercc
I: Verilog-0003: [H:/PANGO_EDA/my_project/Briey.v(line number: 13262)] Elaborating module BufferCC_2
W: Sdm-2008: The attribute named async_reg is not legal, then it has no effect, ignore its value.
W: Sdm-2008: The attribute named async_reg is not legal, then it has no effect, ignore its value.
W: Sdm-2008: The attribute named async_reg is not legal, then it has no effect, ignore its value.
W: Sdm-2008: The attribute named async_reg is not legal, then it has no effect, ignore its value.
W: Sdm-2008: The attribute named keep_hierarchy is not legal, then it has no effect, ignore its value.
I: Verilog-0004: [H:/PANGO_EDA/my_project/Briey.v(line number: 9597)] Elaborating instance prescaler_1
I: Verilog-0003: [H:/PANGO_EDA/my_project/Briey.v(line number: 13239)] Elaborating module Prescaler
I: Verilog-0004: [H:/PANGO_EDA/my_project/Briey.v(line number: 9604)] Elaborating instance timerA
I: Verilog-0003: [H:/PANGO_EDA/my_project/Briey.v(line number: 13193)] Elaborating module Timer
I: Verilog-0004: [H:/PANGO_EDA/my_project/Briey.v(line number: 9613)] Elaborating instance timerB
I: Verilog-0003: [H:/PANGO_EDA/my_project/Briey.v(line number: 13147)] Elaborating module Timer_1
I: Verilog-0004: [H:/PANGO_EDA/my_project/Briey.v(line number: 9622)] Elaborating instance timerC
I: Verilog-0003: [H:/PANGO_EDA/my_project/Briey.v(line number: 13147)] Elaborating module Timer_1
I: Verilog-0004: [H:/PANGO_EDA/my_project/Briey.v(line number: 9631)] Elaborating instance timerD
I: Verilog-0003: [H:/PANGO_EDA/my_project/Briey.v(line number: 13147)] Elaborating module Timer_1
I: Verilog-0004: [H:/PANGO_EDA/my_project/Briey.v(line number: 9640)] Elaborating instance interruptCtrl_1
I: Verilog-0003: [H:/PANGO_EDA/my_project/Briey.v(line number: 13120)] Elaborating module InterruptCtrl
I: Verilog-0004: [H:/PANGO_EDA/my_project/Briey.v(line number: 766)] Elaborating instance axi_uartCtrl
I: Verilog-0003: [H:/PANGO_EDA/my_project/Briey.v(line number: 9096)] Elaborating module Apb3UartCtrl
I: Verilog-0004: [H:/PANGO_EDA/my_project/Briey.v(line number: 9197)] Elaborating instance uartCtrl_1
I: Verilog-0003: [H:/PANGO_EDA/my_project/Briey.v(line number: 12991)] Elaborating module UartCtrl
I: Verilog-0004: [H:/PANGO_EDA/my_project/Briey.v(line number: 13035)] Elaborating instance tx
I: Verilog-0003: [H:/PANGO_EDA/my_project/Briey.v(line number: 14938)] Elaborating module UartCtrlTx
I: Verilog-0004: [H:/PANGO_EDA/my_project/Briey.v(line number: 13049)] Elaborating instance rx
I: Verilog-0003: [H:/PANGO_EDA/my_project/Briey.v(line number: 14644)] Elaborating module UartCtrlRx
I: Verilog-0004: [H:/PANGO_EDA/my_project/Briey.v(line number: 14723)] Elaborating instance io_rxd_buffercc
I: Verilog-0003: [H:/PANGO_EDA/my_project/Briey.v(line number: 15231)] Elaborating module BufferCC_6
W: Sdm-2008: The attribute named async_reg is not legal, then it has no effect, ignore its value.
W: Sdm-2008: The attribute named async_reg is not legal, then it has no effect, ignore its value.
W: Sdm-2008: The attribute named keep_hierarchy is not legal, then it has no effect, ignore its value.
I: Verilog-0004: [H:/PANGO_EDA/my_project/Briey.v(line number: 9216)] Elaborating instance bridge_write_streamUnbuffered_queueWithOccupancy
I: Verilog-0003: [H:/PANGO_EDA/my_project/Briey.v(line number: 12837)] Elaborating module StreamFifo
I: Verilog-0004: [H:/PANGO_EDA/my_project/Briey.v(line number: 9229)] Elaborating instance axi_uartCtrl_uartCtrl_1_io_read_queueWithOccupancy
I: Verilog-0003: [H:/PANGO_EDA/my_project/Briey.v(line number: 12837)] Elaborating module StreamFifo
I: Verilog-0004: [H:/PANGO_EDA/my_project/Briey.v(line number: 780)] Elaborating instance axi_core_cpu
I: Verilog-0003: [H:/PANGO_EDA/my_project/Briey.v(line number: 4249)] Elaborating module VexRiscv
I: Verilog-0004: [H:/PANGO_EDA/my_project/Briey.v(line number: 5687)] Elaborating instance IBusCachedPlugin_cache
I: Verilog-0003: [H:/PANGO_EDA/my_project/Briey.v(line number: 12536)] Elaborating module InstructionCache
I: Verilog-0004: [H:/PANGO_EDA/my_project/Briey.v(line number: 5731)] Elaborating instance dataCache_1
I: Verilog-0003: [H:/PANGO_EDA/my_project/Briey.v(line number: 11682)] Elaborating module DataCache
W: Verilog-2024: [H:/PANGO_EDA/my_project/Briey.v(line number: 11682)] Give an initial value for the no drive output pin io_cpu_writeBack_exclusiveOk in graph of sdm module DataCache
W: Verilog-2024: [H:/PANGO_EDA/my_project/Briey.v(line number: 11682)] Give an initial value for the no drive output pin io_cpu_writesPending in graph of sdm module DataCache
W: Verilog-2036: [H:/PANGO_EDA/my_project/Briey.v(line number: 5687)] Net IBusCachedPlugin_cache_io_cpu_fetch_isRemoved connected to input port of module instance Briey.axi_core_cpu.IBusCachedPlugin_cache has no driver, tie it to 0
W: Verilog-2036: [H:/PANGO_EDA/my_project/Briey.v(line number: 5687)] Net IBusCachedPlugin_mmuBus_rsp_bypassTranslation connected to input port of module instance Briey.axi_core_cpu.IBusCachedPlugin_cache has no driver, tie it to 0
W: Verilog-2036: [H:/PANGO_EDA/my_project/Briey.v(line number: 5731)] Net DBusCachedPlugin_mmuBus_rsp_bypassTranslation connected to input port of module instance Briey.axi_core_cpu.dataCache_1 has no driver, tie it to 0
W: Verilog-2036: [H:/PANGO_EDA/my_project/Briey.v(line number: 5731)] Net dataCache_1_io_cpu_writeBack_fence_SW connected to input port of module instance Briey.axi_core_cpu.dataCache_1 has no driver, tie it to 0
W: Verilog-2036: [H:/PANGO_EDA/my_project/Briey.v(line number: 5731)] Net dataCache_1_io_cpu_writeBack_fence_SR connected to input port of module instance Briey.axi_core_cpu.dataCache_1 has no driver, tie it to 0
W: Verilog-2036: [H:/PANGO_EDA/my_project/Briey.v(line number: 5731)] Net dataCache_1_io_cpu_writeBack_fence_SO connected to input port of module instance Briey.axi_core_cpu.dataCache_1 has no driver, tie it to 0
W: Verilog-2036: [H:/PANGO_EDA/my_project/Briey.v(line number: 5731)] Net dataCache_1_io_cpu_writeBack_fence_SI connected to input port of module instance Briey.axi_core_cpu.dataCache_1 has no driver, tie it to 0
W: Verilog-2036: [H:/PANGO_EDA/my_project/Briey.v(line number: 5731)] Net dataCache_1_io_cpu_writeBack_fence_PW connected to input port of module instance Briey.axi_core_cpu.dataCache_1 has no driver, tie it to 0
W: Verilog-2036: [H:/PANGO_EDA/my_project/Briey.v(line number: 5731)] Net dataCache_1_io_cpu_writeBack_fence_PR connected to input port of module instance Briey.axi_core_cpu.dataCache_1 has no driver, tie it to 0
W: Verilog-2036: [H:/PANGO_EDA/my_project/Briey.v(line number: 5731)] Net dataCache_1_io_cpu_writeBack_fence_PO connected to input port of module instance Briey.axi_core_cpu.dataCache_1 has no driver, tie it to 0
W: Verilog-2036: [H:/PANGO_EDA/my_project/Briey.v(line number: 5731)] Net dataCache_1_io_cpu_writeBack_fence_PI connected to input port of module instance Briey.axi_core_cpu.dataCache_1 has no driver, tie it to 0
W: Verilog-2036: [H:/PANGO_EDA/my_project/Briey.v(line number: 5731)] Net dataCache_1_io_cpu_writeBack_fence_FM connected to input port of module instance Briey.axi_core_cpu.dataCache_1 has no driver, tie it to 0
I: Verilog-0004: [H:/PANGO_EDA/my_project/Briey.v(line number: 815)] Elaborating instance io_coreInterrupt_buffercc
I: Verilog-0003: [H:/PANGO_EDA/my_project/Briey.v(line number: 4230)] Elaborating module BufferCC_1
W: Sdm-2008: The attribute named async_reg is not legal, then it has no effect, ignore its value.
W: Sdm-2008: The attribute named async_reg is not legal, then it has no effect, ignore its value.
W: Sdm-2008: The attribute named keep_hierarchy is not legal, then it has no effect, ignore its value.
I: Verilog-0004: [H:/PANGO_EDA/my_project/Briey.v(line number: 821)] Elaborating instance jtagBridge_1
I: Verilog-0003: [H:/PANGO_EDA/my_project/Briey.v(line number: 3502)] Elaborating module JtagBridge
W: Sdm-2008: The attribute named async_reg is not legal, then it has no effect, ignore its value.
W: Sdm-2008: The attribute named async_reg is not legal, then it has no effect, ignore its value.
W: Sdm-2008: The attribute named async_reg is not legal, then it has no effect, ignore its value.
I: Verilog-0004: [H:/PANGO_EDA/my_project/Briey.v(line number: 3630)] Elaborating instance flowCCUnsafeByToggle_1
I: Verilog-0003: [H:/PANGO_EDA/my_project/Briey.v(line number: 11610)] Elaborating module FlowCCUnsafeByToggle
W: Sdm-2008: The attribute named async_reg is not legal, then it has no effect, ignore its value.
W: Sdm-2008: The attribute named async_reg is not legal, then it has no effect, ignore its value.
I: Verilog-0004: [H:/PANGO_EDA/my_project/Briey.v(line number: 11635)] Elaborating instance inputArea_target_buffercc
I: Verilog-0003: [H:/PANGO_EDA/my_project/Briey.v(line number: 14618)] Elaborating module BufferCC_5
W: Sdm-2008: The attribute named async_reg is not legal, then it has no effect, ignore its value.
W: Sdm-2008: The attribute named async_reg is not legal, then it has no effect, ignore its value.
W: Sdm-2008: The attribute named keep_hierarchy is not legal, then it has no effect, ignore its value.
I: Verilog-0004: [H:/PANGO_EDA/my_project/Briey.v(line number: 837)] Elaborating instance systemDebugger_1
I: Verilog-0003: [H:/PANGO_EDA/my_project/Briey.v(line number: 3415)] Elaborating module SystemDebugger
I: Verilog-0004: [H:/PANGO_EDA/my_project/Briey.v(line number: 857)] Elaborating instance axi4ReadOnlyDecoder_1
I: Verilog-0003: [H:/PANGO_EDA/my_project/Briey.v(line number: 3232)] Elaborating module Axi4ReadOnlyDecoder
I: Verilog-0004: [H:/PANGO_EDA/my_project/Briey.v(line number: 3301)] Elaborating instance errorSlave
I: Verilog-0003: [H:/PANGO_EDA/my_project/Briey.v(line number: 11551)] Elaborating module Axi4ReadOnlyErrorSlave
W: Verilog-2024: [H:/PANGO_EDA/my_project/Briey.v(line number: 11551)] Give an initial value for the no drive output pin io_axi_r_payload_data in graph of sdm module Axi4ReadOnlyErrorSlave
I: Verilog-0004: [H:/PANGO_EDA/my_project/Briey.v(line number: 897)] Elaborating instance dbus_axi_decoder
I: Verilog-0003: [H:/PANGO_EDA/my_project/Briey.v(line number: 2864)] Elaborating module Axi4SharedDecoder
I: Verilog-0004: [H:/PANGO_EDA/my_project/Briey.v(line number: 3008)] Elaborating instance errorSlave
I: Verilog-0003: [H:/PANGO_EDA/my_project/Briey.v(line number: 11462)] Elaborating module Axi4SharedErrorSlave
W: Verilog-2024: [H:/PANGO_EDA/my_project/Briey.v(line number: 11462)] Give an initial value for the no drive output pin io_axi_r_payload_data in graph of sdm module Axi4SharedErrorSlave
I: Verilog-0004: [H:/PANGO_EDA/my_project/Briey.v(line number: 985)] Elaborating instance axi_ram_io_axi_arbiter
I: Verilog-0003: [H:/PANGO_EDA/my_project/Briey.v(line number: 2536)] Elaborating module Axi4SharedArbiter
I: Verilog-0004: [H:/PANGO_EDA/my_project/Briey.v(line number: 2685)] Elaborating instance cmdArbiter
I: Verilog-0003: [H:/PANGO_EDA/my_project/Briey.v(line number: 11368)] Elaborating module StreamArbiter_2
I: Verilog-0004: [H:/PANGO_EDA/my_project/Briey.v(line number: 2715)] Elaborating instance cmdRouteFork_thrown_translated_fifo
I: Verilog-0003: [H:/PANGO_EDA/my_project/Briey.v(line number: 11333)] Elaborating module StreamFifoLowLatency_2
I: Verilog-0004: [H:/PANGO_EDA/my_project/Briey.v(line number: 11350)] Elaborating instance fifo
I: Verilog-0003: [H:/PANGO_EDA/my_project/Briey.v(line number: 14524)] Elaborating module StreamFifo_4
I: Verilog-0004: [H:/PANGO_EDA/my_project/Briey.v(line number: 1048)] Elaborating instance axi_sdramCtrl_io_axi_arbiter
I: Verilog-0003: [H:/PANGO_EDA/my_project/Briey.v(line number: 2208)] Elaborating module Axi4SharedArbiter_1
I: Verilog-0004: [H:/PANGO_EDA/my_project/Briey.v(line number: 2357)] Elaborating instance cmdArbiter
I: Verilog-0003: [H:/PANGO_EDA/my_project/Briey.v(line number: 11239)] Elaborating module StreamArbiter_1
I: Verilog-0004: [H:/PANGO_EDA/my_project/Briey.v(line number: 2387)] Elaborating instance cmdRouteFork_thrown_translated_fifo
I: Verilog-0003: [H:/PANGO_EDA/my_project/Briey.v(line number: 11333)] Elaborating module StreamFifoLowLatency_2
I: Verilog-0004: [H:/PANGO_EDA/my_project/Briey.v(line number: 1111)] Elaborating instance axi_apbBridge_io_axi_arbiter
I: Verilog-0003: [H:/PANGO_EDA/my_project/Briey.v(line number: 1946)] Elaborating module Axi4SharedArbiter_2
I: Verilog-0004: [H:/PANGO_EDA/my_project/Briey.v(line number: 2062)] Elaborating instance cmdArbiter
I: Verilog-0003: [H:/PANGO_EDA/my_project/Briey.v(line number: 11163)] Elaborating module StreamArbiter
I: Verilog-0004: [H:/PANGO_EDA/my_project/Briey.v(line number: 2083)] Elaborating instance cmdRouteFork_thrown_translated_fifo
I: Verilog-0003: [H:/PANGO_EDA/my_project/Briey.v(line number: 11333)] Elaborating module StreamFifoLowLatency_2
I: Verilog-0004: [H:/PANGO_EDA/my_project/Briey.v(line number: 1161)] Elaborating instance io_apb_decoder
I: Verilog-0003: [H:/PANGO_EDA/my_project/Briey.v(line number: 1895)] Elaborating module Apb3Decoder
I: Verilog-0004: [H:/PANGO_EDA/my_project/Briey.v(line number: 1179)] Elaborating instance apb3Router_1
I: Verilog-0003: [H:/PANGO_EDA/my_project/Briey.v(line number: 1784)] Elaborating module Apb3Router
W: [H:/PANGO_EDA/my_project/Briey.v(line number: 1224)] Lvalue in procedural assign is not memory, ignore it.
W: Verilog-2036: [H:/PANGO_EDA/my_project/Briey.v(line number: 646)] Net io_sdram_DQ_read connected to input port of module instance Briey.axi_sdramCtrl has no driver, tie it to 0
W: Verilog-2036: [H:/PANGO_EDA/my_project/Briey.v(line number: 719)] Net io_gpioA_read connected to input port of module instance Briey.axi_gpioACtrl has no driver, tie it to 0
W: Verilog-2036: [H:/PANGO_EDA/my_project/Briey.v(line number: 735)] Net io_gpioB_read connected to input port of module instance Briey.axi_gpioBCtrl has no driver, tie it to 0
Executing : rtl-elaborate successfully. Time elapsed: 0.196s wall, 0.125s user + 0.078s system = 0.203s CPU (103.8%)

Start rtl-prep.
Executing : rtl-prep successfully. Time elapsed: 0.174s wall, 0.172s user + 0.000s system = 0.172s CPU (98.8%)

Start rtl-infer.
Start DFF-inference.
W: Loop was found during constant probe.
W: Loop was found during constant probe.
W: Loop was found during constant probe.
W: Loop was found during constant probe.
W: Loop was found during constant probe.
W: Loop was found during constant probe.
W: Loop was found during constant probe.
Executing : DFF-inference successfully.
W: Loop was found during constant probe.
I: Sdm-0001: [H:/PANGO_EDA/my_project/Briey.v(line number: 10920)] Found Ram ram_symbol3, depth=65536, width=8.
I: Sdm-0001: [H:/PANGO_EDA/my_project/Briey.v(line number: 10920)] Found Ram ram_symbol0, depth=65536, width=8.
I: Sdm-0001: [H:/PANGO_EDA/my_project/Briey.v(line number: 10920)] Found Ram ram_symbol1, depth=65536, width=8.
I: Sdm-0001: [H:/PANGO_EDA/my_project/Briey.v(line number: 10920)] Found Ram ram_symbol2, depth=65536, width=8.
W: Loop was found during constant probe.
W: Loop was found during constant probe.
I: Sdm-0001: [H:/PANGO_EDA/my_project/Briey.v(line number: 5681)] Found Ram RegFilePlugin_regFile, depth=32, width=32.
I: Sdm-0001: [H:/PANGO_EDA/my_project/Briey.v(line number: 5681)] Found Ram RegFilePlugin_regFile, depth=32, width=32.
I: Removed inst jtag_writeArea_data that is redundant to jtag_tap_bypass.
I: Sdm-0001: [H:/PANGO_EDA/my_project/Briey.v(line number: 12887)] Found Ram logic_ram, depth=16, width=8.
I: Sdm-0001: [H:/PANGO_EDA/my_project/Briey.v(line number: 12647)] Found Ram banks_0, depth=256, width=32.
I: Sdm-0001: [H:/PANGO_EDA/my_project/Briey.v(line number: 12659)] Found Ram ways_0_tags, depth=32, width=24.
I: Sdm-0001: [H:/PANGO_EDA/my_project/Briey.v(line number: 11935)] Found Ram ways_0_data_symbol2, depth=256, width=8.
I: Sdm-0001: [H:/PANGO_EDA/my_project/Briey.v(line number: 11935)] Found Ram ways_0_data_symbol3, depth=256, width=8.
I: Sdm-0001: [H:/PANGO_EDA/my_project/Briey.v(line number: 11917)] Found Ram ways_0_tags, depth=32, width=24.
I: Sdm-0001: [H:/PANGO_EDA/my_project/Briey.v(line number: 11935)] Found Ram ways_0_data_symbol1, depth=256, width=8.
I: Sdm-0001: [H:/PANGO_EDA/my_project/Briey.v(line number: 11935)] Found Ram ways_0_data_symbol0, depth=256, width=8.
Executing : rtl-infer successfully. Time elapsed: 1.823s wall, 1.250s user + 0.562s system = 1.812s CPU (99.4%)

Start rtl-control-opt.
Executing : rtl-control-opt successfully. Time elapsed: 0.027s wall, 0.016s user + 0.000s system = 0.016s CPU (58.1%)

Start rtl-data-opt.
Executing : rtl-data-opt successfully. Time elapsed: 0.199s wall, 0.203s user + 0.000s system = 0.203s CPU (102.2%)

Start FSM inference.
I: FSM phase_fsm[1:0] inferred.
W: Loop was found during constant probe.
I: FSM IBusCachedPlugin_injector_port_state_fsm[2:0] inferred.
I: FSM CsrPlugin_interrupt_code_fsm[3:0] inferred.
W: Loop was found during constant probe.
W: Loop was found during constant probe.
I: FSM jtag_tap_fsm_state_fsm[3:0] inferred.
I: FSM frontend_state_fsm[1:0] inferred.
I: FSM stateMachine_state_fsm[2:0] inferred.
I: FSM stateMachine_state_fsm[2:0] inferred.
Executing : FSM inference successfully. Time elapsed: 0.283s wall, 0.281s user + 0.000s system = 0.281s CPU (99.4%)

Start sdm2adm.
W: Loop was found during constant probe.
W: Loop was found during constant probe.
I: Constant propagation done on N93 (bmsWIDEMUX).
I: Constant propagation done on N364 (bmsPMUX).
I: Constant propagation done on N112 (bmsWIDEMUX).
I: Constant propagation done on N247 (bmsPMUX).
I: Constant propagation done on N92 (bmsWIDEMUX).
I: Constant propagation done on N65 (bmsWIDEINV).
I: Constant propagation done on N348 (bmsPMUX).
I: Constant propagation done on N66_2 (bmsREDAND).
I: Constant propagation done on N66_3 (bmsREDAND).
I: Constant propagation done on N66_4 (bmsREDAND).
W: Loop was found during constant probe.
W: Loop was found during constant probe.
W: Loop was found during constant probe.
W: Loop was found during constant probe.
W: Loop was found during constant probe.
W: Loop was found during constant probe.
W: Loop was found during constant probe.
W: Loop was found during constant probe.
W: Loop was found during constant probe.
W: Loop was found during constant probe.
W: Loop was found during constant probe.
W: Loop was found during constant probe.
W: Loop was found during constant probe.
W: Loop was found during constant probe.
W: Loop was found during constant probe.
W: Loop was found during constant probe.
W: Loop was found during constant probe.
W: Loop was found during constant probe.
W: Loop was found during constant probe.
W: Loop was found during constant probe.
W: Loop was found during constant probe.
W: Loop was found during constant probe.
W: Loop was found during constant probe.
W: Loop was found during constant probe.
W: Loop was found during constant probe.
W: Loop was found during constant probe.
W: Loop was found during constant probe.
W: Loop was found during constant probe.
W: Loop was found during constant probe.
W: Loop was found during constant probe.
W: Loop was found during constant probe.
W: Loop was found during constant probe.
Executing : sdm2adm successfully. Time elapsed: 0.364s wall, 0.344s user + 0.031s system = 0.375s CPU (102.9%)

Saving design to DB.
Action compile: Real time elapsed is 0h:0m:7s
Action compile: CPU time elapsed is 0h:0m:4s
Action compile: Process CPU time elapsed is 0h:0m:4s
Current time: Mon Feb 24 22:37:29 2025
Action compile: Peak memory pool usage is 191 MB
