#Build: Fabric Compiler 2022.1, Build 99559, Jul 12 00:20 2022
#Install: H:\PANGO_EDA\PDS_2022.1\bin
#Application name: pds_shell.exe
#OS: Windows 10 10.0.26100
#Hostname: DESKTOP-4P2ET5G
Generated by Fabric Compiler (version 2022.1 build 99559) at Mon Mar 10 19:19:12 2025
Compiling verification operator library.
Compiling common defs.
Compiling prim grid devices.
Compiling gate devices.
Compiling gate operators.
Building architecture model.
Loading device packaging model.
Building architecture floorplan logic view.
Constraint check start.
Executing : def_port {mem_dq[0]} LOC=U1 VCCIO=1.5 IOSTANDARD=HSTL15_I DRIVE=8 SLEW=FAST NONE=TRUE
Executing : def_port {mem_dq[0]} LOC=U1 VCCIO=1.5 IOSTANDARD=HSTL15_I DRIVE=8 SLEW=FAST NONE=TRUE successfully
Executing : def_port {mem_dq[1]} LOC=U3 VCCIO=1.5 IOSTANDARD=HSTL15_I DRIVE=8 SLEW=FAST NONE=TRUE
Executing : def_port {mem_dq[1]} LOC=U3 VCCIO=1.5 IOSTANDARD=HSTL15_I DRIVE=8 SLEW=FAST NONE=TRUE successfully
Executing : def_port {mem_dq[2]} LOC=T2 VCCIO=1.5 IOSTANDARD=HSTL15_I DRIVE=8 SLEW=FAST NONE=TRUE
Executing : def_port {mem_dq[2]} LOC=T2 VCCIO=1.5 IOSTANDARD=HSTL15_I DRIVE=8 SLEW=FAST NONE=TRUE successfully
Executing : def_port {mem_dq[3]} LOC=Y2 VCCIO=1.5 IOSTANDARD=HSTL15_I DRIVE=8 SLEW=FAST NONE=TRUE
Executing : def_port {mem_dq[3]} LOC=Y2 VCCIO=1.5 IOSTANDARD=HSTL15_I DRIVE=8 SLEW=FAST NONE=TRUE successfully
Executing : def_port {mem_dq[4]} LOC=T1 VCCIO=1.5 IOSTANDARD=HSTL15_I DRIVE=8 SLEW=FAST NONE=TRUE
Executing : def_port {mem_dq[4]} LOC=T1 VCCIO=1.5 IOSTANDARD=HSTL15_I DRIVE=8 SLEW=FAST NONE=TRUE successfully
Executing : def_port {mem_dq[5]} LOC=Y1 VCCIO=1.5 IOSTANDARD=HSTL15_I DRIVE=8 SLEW=FAST NONE=TRUE
Executing : def_port {mem_dq[5]} LOC=Y1 VCCIO=1.5 IOSTANDARD=HSTL15_I DRIVE=8 SLEW=FAST NONE=TRUE successfully
Executing : def_port {mem_dq[6]} LOC=M7 VCCIO=1.5 IOSTANDARD=HSTL15_I DRIVE=8 SLEW=FAST NONE=TRUE
Executing : def_port {mem_dq[6]} LOC=M7 VCCIO=1.5 IOSTANDARD=HSTL15_I DRIVE=8 SLEW=FAST NONE=TRUE successfully
Executing : def_port {mem_dq[7]} LOC=W1 VCCIO=1.5 IOSTANDARD=HSTL15_I DRIVE=8 SLEW=FAST NONE=TRUE
Executing : def_port {mem_dq[7]} LOC=W1 VCCIO=1.5 IOSTANDARD=HSTL15_I DRIVE=8 SLEW=FAST NONE=TRUE successfully
Executing : def_port {mem_dq[8]} LOC=P1 VCCIO=1.5 IOSTANDARD=HSTL15_I DRIVE=8 SLEW=FAST NONE=TRUE
Executing : def_port {mem_dq[8]} LOC=P1 VCCIO=1.5 IOSTANDARD=HSTL15_I DRIVE=8 SLEW=FAST NONE=TRUE successfully
Executing : def_port {mem_dq[9]} LOC=M2 VCCIO=1.5 IOSTANDARD=HSTL15_I DRIVE=8 SLEW=FAST NONE=TRUE
C: ConstraintEditor-2002: [H:/PANGO_EDA/my_project/ddr_briey/device_map/Briey.pcf(line number: 12)] | Port mem_dq[9] has been placed at location M2, whose type is share pin.
Executing : def_port {mem_dq[9]} LOC=M2 VCCIO=1.5 IOSTANDARD=HSTL15_I DRIVE=8 SLEW=FAST NONE=TRUE successfully
Executing : def_port {mem_dq[10]} LOC=R1 VCCIO=1.5 IOSTANDARD=HSTL15_I DRIVE=8 SLEW=FAST NONE=TRUE
Executing : def_port {mem_dq[10]} LOC=R1 VCCIO=1.5 IOSTANDARD=HSTL15_I DRIVE=8 SLEW=FAST NONE=TRUE successfully
Executing : def_port {mem_dq[11]} LOC=M1 VCCIO=1.5 IOSTANDARD=HSTL15_I DRIVE=8 SLEW=FAST NONE=TRUE
C: ConstraintEditor-2002: [H:/PANGO_EDA/my_project/ddr_briey/device_map/Briey.pcf(line number: 14)] | Port mem_dq[11] has been placed at location M1, whose type is share pin.
Executing : def_port {mem_dq[11]} LOC=M1 VCCIO=1.5 IOSTANDARD=HSTL15_I DRIVE=8 SLEW=FAST NONE=TRUE successfully
Executing : def_port {mem_dq[12]} LOC=P2 VCCIO=1.5 IOSTANDARD=HSTL15_I DRIVE=8 SLEW=FAST NONE=TRUE
Executing : def_port {mem_dq[12]} LOC=P2 VCCIO=1.5 IOSTANDARD=HSTL15_I DRIVE=8 SLEW=FAST NONE=TRUE successfully
Executing : def_port {mem_dq[13]} LOC=L3 VCCIO=1.5 IOSTANDARD=HSTL15_I DRIVE=8 SLEW=FAST NONE=TRUE
Executing : def_port {mem_dq[13]} LOC=L3 VCCIO=1.5 IOSTANDARD=HSTL15_I DRIVE=8 SLEW=FAST NONE=TRUE successfully
Executing : def_port {mem_dq[14]} LOC=P3 VCCIO=1.5 IOSTANDARD=HSTL15_I DRIVE=8 SLEW=FAST NONE=TRUE
C: ConstraintEditor-2002: [H:/PANGO_EDA/my_project/ddr_briey/device_map/Briey.pcf(line number: 17)] | Port mem_dq[14] has been placed at location P3, whose type is share pin.
Executing : def_port {mem_dq[14]} LOC=P3 VCCIO=1.5 IOSTANDARD=HSTL15_I DRIVE=8 SLEW=FAST NONE=TRUE successfully
Executing : def_port {mem_dq[15]} LOC=N4 VCCIO=1.5 IOSTANDARD=HSTL15_I DRIVE=8 SLEW=FAST NONE=TRUE
Executing : def_port {mem_dq[15]} LOC=N4 VCCIO=1.5 IOSTANDARD=HSTL15_I DRIVE=8 SLEW=FAST NONE=TRUE successfully
Executing : def_port {mem_dq[16]} LOC=K4 VCCIO=1.5 IOSTANDARD=HSTL15_I DRIVE=8 SLEW=FAST NONE=TRUE
Executing : def_port {mem_dq[16]} LOC=K4 VCCIO=1.5 IOSTANDARD=HSTL15_I DRIVE=8 SLEW=FAST NONE=TRUE successfully
Executing : def_port {mem_dq[17]} LOC=K1 VCCIO=1.5 IOSTANDARD=HSTL15_I DRIVE=8 SLEW=FAST NONE=TRUE
Executing : def_port {mem_dq[17]} LOC=K1 VCCIO=1.5 IOSTANDARD=HSTL15_I DRIVE=8 SLEW=FAST NONE=TRUE successfully
Executing : def_port {mem_dq[18]} LOC=J3 VCCIO=1.5 IOSTANDARD=HSTL15_I DRIVE=8 SLEW=FAST NONE=TRUE
Executing : def_port {mem_dq[18]} LOC=J3 VCCIO=1.5 IOSTANDARD=HSTL15_I DRIVE=8 SLEW=FAST NONE=TRUE successfully
Executing : def_port {mem_dq[19]} LOC=L4 VCCIO=1.5 IOSTANDARD=HSTL15_I DRIVE=8 SLEW=FAST NONE=TRUE
Executing : def_port {mem_dq[19]} LOC=L4 VCCIO=1.5 IOSTANDARD=HSTL15_I DRIVE=8 SLEW=FAST NONE=TRUE successfully
Executing : def_port {mem_dq[20]} LOC=K3 VCCIO=1.5 IOSTANDARD=HSTL15_I DRIVE=8 SLEW=FAST NONE=TRUE
Executing : def_port {mem_dq[20]} LOC=K3 VCCIO=1.5 IOSTANDARD=HSTL15_I DRIVE=8 SLEW=FAST NONE=TRUE successfully
Executing : def_port {mem_dq[21]} LOC=M3 VCCIO=1.5 IOSTANDARD=HSTL15_I DRIVE=8 SLEW=FAST NONE=TRUE
Executing : def_port {mem_dq[21]} LOC=M3 VCCIO=1.5 IOSTANDARD=HSTL15_I DRIVE=8 SLEW=FAST NONE=TRUE successfully
Executing : def_port {mem_dq[22]} LOC=J1 VCCIO=1.5 IOSTANDARD=HSTL15_I DRIVE=8 SLEW=FAST NONE=TRUE
Executing : def_port {mem_dq[22]} LOC=J1 VCCIO=1.5 IOSTANDARD=HSTL15_I DRIVE=8 SLEW=FAST NONE=TRUE successfully
Executing : def_port {mem_dq[23]} LOC=M4 VCCIO=1.5 IOSTANDARD=HSTL15_I DRIVE=8 SLEW=FAST NONE=TRUE
Executing : def_port {mem_dq[23]} LOC=M4 VCCIO=1.5 IOSTANDARD=HSTL15_I DRIVE=8 SLEW=FAST NONE=TRUE successfully
Executing : def_port {mem_dq[24]} LOC=J6 VCCIO=1.5 IOSTANDARD=HSTL15_I DRIVE=8 SLEW=FAST NONE=TRUE
Executing : def_port {mem_dq[24]} LOC=J6 VCCIO=1.5 IOSTANDARD=HSTL15_I DRIVE=8 SLEW=FAST NONE=TRUE successfully
Executing : def_port {mem_dq[25]} LOC=F1 VCCIO=1.5 IOSTANDARD=HSTL15_I DRIVE=8 SLEW=FAST NONE=TRUE
Executing : def_port {mem_dq[25]} LOC=F1 VCCIO=1.5 IOSTANDARD=HSTL15_I DRIVE=8 SLEW=FAST NONE=TRUE successfully
Executing : def_port {mem_dq[26]} LOC=K7 VCCIO=1.5 IOSTANDARD=HSTL15_I DRIVE=8 SLEW=FAST NONE=TRUE
Executing : def_port {mem_dq[26]} LOC=K7 VCCIO=1.5 IOSTANDARD=HSTL15_I DRIVE=8 SLEW=FAST NONE=TRUE successfully
Executing : def_port {mem_dq[27]} LOC=F2 VCCIO=1.5 IOSTANDARD=HSTL15_I DRIVE=8 SLEW=FAST NONE=TRUE
Executing : def_port {mem_dq[27]} LOC=F2 VCCIO=1.5 IOSTANDARD=HSTL15_I DRIVE=8 SLEW=FAST NONE=TRUE successfully
Executing : def_port {mem_dq[28]} LOC=H5 VCCIO=1.5 IOSTANDARD=HSTL15_I DRIVE=8 SLEW=FAST NONE=TRUE
Executing : def_port {mem_dq[28]} LOC=H5 VCCIO=1.5 IOSTANDARD=HSTL15_I DRIVE=8 SLEW=FAST NONE=TRUE successfully
Executing : def_port {mem_dq[29]} LOC=H3 VCCIO=1.5 IOSTANDARD=HSTL15_I DRIVE=8 SLEW=FAST NONE=TRUE
Executing : def_port {mem_dq[29]} LOC=H3 VCCIO=1.5 IOSTANDARD=HSTL15_I DRIVE=8 SLEW=FAST NONE=TRUE successfully
Executing : def_port {mem_dq[30]} LOC=J4 VCCIO=1.5 IOSTANDARD=HSTL15_I DRIVE=8 SLEW=FAST NONE=TRUE
Executing : def_port {mem_dq[30]} LOC=J4 VCCIO=1.5 IOSTANDARD=HSTL15_I DRIVE=8 SLEW=FAST NONE=TRUE successfully
Executing : def_port {mem_dq[31]} LOC=G3 VCCIO=1.5 IOSTANDARD=HSTL15_I DRIVE=8 SLEW=FAST NONE=TRUE
Executing : def_port {mem_dq[31]} LOC=G3 VCCIO=1.5 IOSTANDARD=HSTL15_I DRIVE=8 SLEW=FAST NONE=TRUE successfully
Executing : def_port {mem_dqs[0]} LOC=V2 VCCIO=1.5 IOSTANDARD=HSTL15D_I DRIVE=8 SLEW=FAST NONE=TRUE
Executing : def_port {mem_dqs[0]} LOC=V2 VCCIO=1.5 IOSTANDARD=HSTL15D_I DRIVE=8 SLEW=FAST NONE=TRUE successfully
Executing : def_port {mem_dqs[1]} LOC=N3 VCCIO=1.5 IOSTANDARD=HSTL15D_I DRIVE=8 SLEW=FAST NONE=TRUE
Executing : def_port {mem_dqs[1]} LOC=N3 VCCIO=1.5 IOSTANDARD=HSTL15D_I DRIVE=8 SLEW=FAST NONE=TRUE successfully
Executing : def_port {mem_dqs[2]} LOC=M6 VCCIO=1.5 IOSTANDARD=HSTL15D_I DRIVE=8 SLEW=FAST NONE=TRUE
Executing : def_port {mem_dqs[2]} LOC=M6 VCCIO=1.5 IOSTANDARD=HSTL15D_I DRIVE=8 SLEW=FAST NONE=TRUE successfully
Executing : def_port {mem_dqs[3]} LOC=E3 VCCIO=1.5 IOSTANDARD=HSTL15D_I DRIVE=8 SLEW=FAST NONE=TRUE
Executing : def_port {mem_dqs[3]} LOC=E3 VCCIO=1.5 IOSTANDARD=HSTL15D_I DRIVE=8 SLEW=FAST NONE=TRUE successfully
Executing : def_port {mem_dqs_n[0]} LOC=V1 VCCIO=1.5 IOSTANDARD=HSTL15D_I DRIVE=8 SLEW=FAST NONE=TRUE
Executing : def_port {mem_dqs_n[0]} LOC=V1 VCCIO=1.5 IOSTANDARD=HSTL15D_I DRIVE=8 SLEW=FAST NONE=TRUE successfully
Executing : def_port {mem_dqs_n[1]} LOC=N1 VCCIO=1.5 IOSTANDARD=HSTL15D_I DRIVE=8 SLEW=FAST NONE=TRUE
Executing : def_port {mem_dqs_n[1]} LOC=N1 VCCIO=1.5 IOSTANDARD=HSTL15D_I DRIVE=8 SLEW=FAST NONE=TRUE successfully
Executing : def_port {mem_dqs_n[2]} LOC=L6 VCCIO=1.5 IOSTANDARD=HSTL15D_I DRIVE=8 SLEW=FAST NONE=TRUE
Executing : def_port {mem_dqs_n[2]} LOC=L6 VCCIO=1.5 IOSTANDARD=HSTL15D_I DRIVE=8 SLEW=FAST NONE=TRUE successfully
Executing : def_port {mem_dqs_n[3]} LOC=E1 VCCIO=1.5 IOSTANDARD=HSTL15D_I DRIVE=8 SLEW=FAST NONE=TRUE
Executing : def_port {mem_dqs_n[3]} LOC=E1 VCCIO=1.5 IOSTANDARD=HSTL15D_I DRIVE=8 SLEW=FAST NONE=TRUE successfully
Executing : def_port {gpio_led[0]} LOC=B2 VCCIO=1.2 IOSTANDARD=LVCMOS12 DRIVE=2 SLEW=SLOW NONE=TRUE
Executing : def_port {gpio_led[0]} LOC=B2 VCCIO=1.2 IOSTANDARD=LVCMOS12 DRIVE=2 SLEW=SLOW NONE=TRUE successfully
Executing : def_port {gpio_led[1]} LOC=A2 VCCIO=1.2 IOSTANDARD=LVCMOS12 DRIVE=2 SLEW=SLOW NONE=TRUE
Executing : def_port {gpio_led[1]} LOC=A2 VCCIO=1.2 IOSTANDARD=LVCMOS12 DRIVE=2 SLEW=SLOW NONE=TRUE successfully
Executing : def_port {gpio_led[2]} LOC=B3 VCCIO=1.2 IOSTANDARD=LVCMOS12 DRIVE=2 SLEW=SLOW NONE=TRUE
Executing : def_port {gpio_led[2]} LOC=B3 VCCIO=1.2 IOSTANDARD=LVCMOS12 DRIVE=2 SLEW=SLOW NONE=TRUE successfully
Executing : def_port {gpio_led[3]} LOC=A3 VCCIO=1.2 IOSTANDARD=LVCMOS12 DRIVE=2 SLEW=SLOW NONE=TRUE
Executing : def_port {gpio_led[3]} LOC=A3 VCCIO=1.2 IOSTANDARD=LVCMOS12 DRIVE=2 SLEW=SLOW NONE=TRUE successfully
Executing : def_port {gpio_led[4]} LOC=C5 VCCIO=1.2 IOSTANDARD=LVCMOS12 DRIVE=2 SLEW=SLOW NONE=TRUE
Executing : def_port {gpio_led[4]} LOC=C5 VCCIO=1.2 IOSTANDARD=LVCMOS12 DRIVE=2 SLEW=SLOW NONE=TRUE successfully
Executing : def_port {gpio_led[5]} LOC=A5 VCCIO=1.2 IOSTANDARD=LVCMOS12 DRIVE=2 SLEW=SLOW NONE=TRUE
Executing : def_port {gpio_led[5]} LOC=A5 VCCIO=1.2 IOSTANDARD=LVCMOS12 DRIVE=2 SLEW=SLOW NONE=TRUE successfully
Executing : def_port {io_jtag_tdo} LOC=Y11 VCCIO=1.2 IOSTANDARD=LVCMOS12 DRIVE=2 SLEW=SLOW NONE=TRUE
Executing : def_port {io_jtag_tdo} LOC=Y11 VCCIO=1.2 IOSTANDARD=LVCMOS12 DRIVE=2 SLEW=SLOW NONE=TRUE successfully
Executing : def_port {io_uart_txd} LOC=AB11 VCCIO=1.2 IOSTANDARD=LVCMOS12 DRIVE=2 SLEW=SLOW NONE=TRUE
Executing : def_port {io_uart_txd} LOC=AB11 VCCIO=1.2 IOSTANDARD=LVCMOS12 DRIVE=2 SLEW=SLOW NONE=TRUE successfully
Executing : def_port {mem_a[0]} LOC=N6 VCCIO=1.5 IOSTANDARD=HSTL15_I DRIVE=8 SLEW=FAST UNUSED=TRUE
Executing : def_port {mem_a[0]} LOC=N6 VCCIO=1.5 IOSTANDARD=HSTL15_I DRIVE=8 SLEW=FAST UNUSED=TRUE successfully
Executing : def_port {mem_a[1]} LOC=R4 VCCIO=1.5 IOSTANDARD=HSTL15_I DRIVE=8 SLEW=FAST UNUSED=TRUE
Executing : def_port {mem_a[1]} LOC=R4 VCCIO=1.5 IOSTANDARD=HSTL15_I DRIVE=8 SLEW=FAST UNUSED=TRUE successfully
Executing : def_port {mem_a[2]} LOC=P6 VCCIO=1.5 IOSTANDARD=HSTL15_I DRIVE=8 SLEW=FAST UNUSED=TRUE
Executing : def_port {mem_a[2]} LOC=P6 VCCIO=1.5 IOSTANDARD=HSTL15_I DRIVE=8 SLEW=FAST UNUSED=TRUE successfully
Executing : def_port {mem_a[3]} LOC=F3 VCCIO=1.5 IOSTANDARD=HSTL15_I DRIVE=8 SLEW=FAST UNUSED=TRUE
Executing : def_port {mem_a[3]} LOC=F3 VCCIO=1.5 IOSTANDARD=HSTL15_I DRIVE=8 SLEW=FAST UNUSED=TRUE successfully
Executing : def_port {mem_a[4]} LOC=V5 VCCIO=1.5 IOSTANDARD=HSTL15_I DRIVE=8 SLEW=FAST UNUSED=TRUE
Executing : def_port {mem_a[4]} LOC=V5 VCCIO=1.5 IOSTANDARD=HSTL15_I DRIVE=8 SLEW=FAST UNUSED=TRUE successfully
Executing : def_port {mem_a[5]} LOC=E4 VCCIO=1.5 IOSTANDARD=HSTL15_I DRIVE=8 SLEW=FAST UNUSED=TRUE
Executing : def_port {mem_a[5]} LOC=E4 VCCIO=1.5 IOSTANDARD=HSTL15_I DRIVE=8 SLEW=FAST UNUSED=TRUE successfully
Executing : def_port {mem_a[6]} LOC=V3 VCCIO=1.5 IOSTANDARD=HSTL15_I DRIVE=8 SLEW=FAST UNUSED=TRUE
Executing : def_port {mem_a[6]} LOC=V3 VCCIO=1.5 IOSTANDARD=HSTL15_I DRIVE=8 SLEW=FAST UNUSED=TRUE successfully
Executing : def_port {mem_a[7]} LOC=D2 VCCIO=1.5 IOSTANDARD=HSTL15_I DRIVE=8 SLEW=FAST UNUSED=TRUE
Executing : def_port {mem_a[7]} LOC=D2 VCCIO=1.5 IOSTANDARD=HSTL15_I DRIVE=8 SLEW=FAST UNUSED=TRUE successfully
Executing : def_port {mem_a[8]} LOC=U4 VCCIO=1.5 IOSTANDARD=HSTL15_I DRIVE=8 SLEW=FAST UNUSED=TRUE
Executing : def_port {mem_a[8]} LOC=U4 VCCIO=1.5 IOSTANDARD=HSTL15_I DRIVE=8 SLEW=FAST UNUSED=TRUE successfully
Executing : def_port {mem_a[9]} LOC=P5 VCCIO=1.5 IOSTANDARD=HSTL15_I DRIVE=8 SLEW=FAST UNUSED=TRUE
Executing : def_port {mem_a[9]} LOC=P5 VCCIO=1.5 IOSTANDARD=HSTL15_I DRIVE=8 SLEW=FAST UNUSED=TRUE successfully
Executing : def_port {mem_a[10]} LOC=P8 VCCIO=1.5 IOSTANDARD=HSTL15_I DRIVE=8 SLEW=FAST UNUSED=TRUE
Executing : def_port {mem_a[10]} LOC=P8 VCCIO=1.5 IOSTANDARD=HSTL15_I DRIVE=8 SLEW=FAST UNUSED=TRUE successfully
Executing : def_port {mem_a[11]} LOC=T4 VCCIO=1.5 IOSTANDARD=HSTL15_I DRIVE=8 SLEW=FAST UNUSED=TRUE
Executing : def_port {mem_a[11]} LOC=T4 VCCIO=1.5 IOSTANDARD=HSTL15_I DRIVE=8 SLEW=FAST UNUSED=TRUE successfully
Executing : def_port {mem_a[12]} LOC=P7 VCCIO=1.5 IOSTANDARD=HSTL15_I DRIVE=8 SLEW=FAST UNUSED=TRUE
Executing : def_port {mem_a[12]} LOC=P7 VCCIO=1.5 IOSTANDARD=HSTL15_I DRIVE=8 SLEW=FAST UNUSED=TRUE successfully
Executing : def_port {mem_a[13]} LOC=P4 VCCIO=1.5 IOSTANDARD=HSTL15_I DRIVE=8 SLEW=FAST UNUSED=TRUE
Executing : def_port {mem_a[13]} LOC=P4 VCCIO=1.5 IOSTANDARD=HSTL15_I DRIVE=8 SLEW=FAST UNUSED=TRUE successfully
Executing : def_port {mem_a[14]} LOC=T3 VCCIO=1.5 IOSTANDARD=HSTL15_I DRIVE=8 SLEW=FAST UNUSED=TRUE
Executing : def_port {mem_a[14]} LOC=T3 VCCIO=1.5 IOSTANDARD=HSTL15_I DRIVE=8 SLEW=FAST UNUSED=TRUE successfully
Executing : def_port {mem_ba[0]} LOC=F5 VCCIO=1.5 IOSTANDARD=HSTL15_I DRIVE=8 SLEW=FAST UNUSED=TRUE
Executing : def_port {mem_ba[0]} LOC=F5 VCCIO=1.5 IOSTANDARD=HSTL15_I DRIVE=8 SLEW=FAST UNUSED=TRUE successfully
Executing : def_port {mem_ba[1]} LOC=W4 VCCIO=1.5 IOSTANDARD=HSTL15_I DRIVE=8 SLEW=FAST UNUSED=TRUE
Executing : def_port {mem_ba[1]} LOC=W4 VCCIO=1.5 IOSTANDARD=HSTL15_I DRIVE=8 SLEW=FAST UNUSED=TRUE successfully
Executing : def_port {mem_ba[2]} LOC=N7 VCCIO=1.5 IOSTANDARD=HSTL15_I DRIVE=8 SLEW=FAST UNUSED=TRUE
Executing : def_port {mem_ba[2]} LOC=N7 VCCIO=1.5 IOSTANDARD=HSTL15_I DRIVE=8 SLEW=FAST UNUSED=TRUE successfully
Executing : def_port {mem_cas_n} LOC=H8 VCCIO=1.5 IOSTANDARD=HSTL15_I DRIVE=8 SLEW=FAST NONE=TRUE
Executing : def_port {mem_cas_n} LOC=H8 VCCIO=1.5 IOSTANDARD=HSTL15_I DRIVE=8 SLEW=FAST NONE=TRUE successfully
Executing : def_port {mem_ck} LOC=T6 VCCIO=1.5 IOSTANDARD=HSTL15D_I DRIVE=8 SLEW=FAST NONE=TRUE
Executing : def_port {mem_ck} LOC=T6 VCCIO=1.5 IOSTANDARD=HSTL15D_I DRIVE=8 SLEW=FAST NONE=TRUE successfully
Executing : def_port {mem_ck_n} LOC=T5 VCCIO=1.5 IOSTANDARD=HSTL15D_I DRIVE=8 SLEW=FAST NONE=TRUE
Executing : def_port {mem_ck_n} LOC=T5 VCCIO=1.5 IOSTANDARD=HSTL15D_I DRIVE=8 SLEW=FAST NONE=TRUE successfully
Executing : def_port {mem_cke} LOC=Y3 VCCIO=1.5 IOSTANDARD=HSTL15_I DRIVE=8 SLEW=FAST NONE=TRUE
Executing : def_port {mem_cke} LOC=Y3 VCCIO=1.5 IOSTANDARD=HSTL15_I DRIVE=8 SLEW=FAST NONE=TRUE successfully
Executing : def_port {mem_cs_n} LOC=G6 VCCIO=1.5 IOSTANDARD=HSTL15_I DRIVE=8 SLEW=FAST NONE=TRUE
Executing : def_port {mem_cs_n} LOC=G6 VCCIO=1.5 IOSTANDARD=HSTL15_I DRIVE=8 SLEW=FAST NONE=TRUE successfully
Executing : def_port {mem_dm[0]} LOC=W3 VCCIO=1.5 IOSTANDARD=HSTL15_I DRIVE=8 SLEW=FAST NONE=TRUE
Executing : def_port {mem_dm[0]} LOC=W3 VCCIO=1.5 IOSTANDARD=HSTL15_I DRIVE=8 SLEW=FAST NONE=TRUE successfully
Executing : def_port {mem_dm[1]} LOC=L1 VCCIO=1.5 IOSTANDARD=HSTL15_I DRIVE=8 SLEW=FAST NONE=TRUE
Executing : def_port {mem_dm[1]} LOC=L1 VCCIO=1.5 IOSTANDARD=HSTL15_I DRIVE=8 SLEW=FAST NONE=TRUE successfully
Executing : def_port {mem_dm[2]} LOC=K2 VCCIO=1.5 IOSTANDARD=HSTL15_I DRIVE=8 SLEW=FAST NONE=TRUE
Executing : def_port {mem_dm[2]} LOC=K2 VCCIO=1.5 IOSTANDARD=HSTL15_I DRIVE=8 SLEW=FAST NONE=TRUE successfully
Executing : def_port {mem_dm[3]} LOC=G1 VCCIO=1.5 IOSTANDARD=HSTL15_I DRIVE=8 SLEW=FAST NONE=TRUE
Executing : def_port {mem_dm[3]} LOC=G1 VCCIO=1.5 IOSTANDARD=HSTL15_I DRIVE=8 SLEW=FAST NONE=TRUE successfully
Executing : def_port {mem_odt} LOC=G7 VCCIO=1.5 IOSTANDARD=HSTL15_I DRIVE=8 SLEW=FAST NONE=TRUE
Executing : def_port {mem_odt} LOC=G7 VCCIO=1.5 IOSTANDARD=HSTL15_I DRIVE=8 SLEW=FAST NONE=TRUE successfully
Executing : def_port {mem_ras_n} LOC=J7 VCCIO=1.5 IOSTANDARD=HSTL15_I DRIVE=8 SLEW=FAST NONE=TRUE
Executing : def_port {mem_ras_n} LOC=J7 VCCIO=1.5 IOSTANDARD=HSTL15_I DRIVE=8 SLEW=FAST NONE=TRUE successfully
Executing : def_port {mem_rst_n} LOC=C1 VCCIO=1.5 IOSTANDARD=HSTL15_I DRIVE=8 SLEW=FAST NONE=TRUE
Executing : def_port {mem_rst_n} LOC=C1 VCCIO=1.5 IOSTANDARD=HSTL15_I DRIVE=8 SLEW=FAST NONE=TRUE successfully
Executing : def_port {mem_we_n} LOC=H6 VCCIO=1.5 IOSTANDARD=HSTL15_I DRIVE=8 SLEW=FAST NONE=TRUE
Executing : def_port {mem_we_n} LOC=H6 VCCIO=1.5 IOSTANDARD=HSTL15_I DRIVE=8 SLEW=FAST NONE=TRUE successfully
Executing : def_port {io_asyncReseta} LOC=L15 VCCIO=1.2 IOSTANDARD=LVCMOS12 NONE=TRUE
Executing : def_port {io_asyncReseta} LOC=L15 VCCIO=1.2 IOSTANDARD=LVCMOS12 NONE=TRUE successfully
Executing : def_port {io_axiClk} LOC=P20 VCCIO=1.2 IOSTANDARD=LVCMOS12 NONE=TRUE
Executing : def_port {io_axiClk} LOC=P20 VCCIO=1.2 IOSTANDARD=LVCMOS12 NONE=TRUE successfully
Executing : def_port {io_coreInterrupta} LOC=K18 VCCIO=1.2 IOSTANDARD=LVCMOS12 NONE=TRUE
C: ConstraintEditor-2002: [H:/PANGO_EDA/my_project/ddr_briey/device_map/Briey.pcf(line number: 84)] | Port io_coreInterrupta has been placed at location K18, whose type is share pin.
Executing : def_port {io_coreInterrupta} LOC=K18 VCCIO=1.2 IOSTANDARD=LVCMOS12 NONE=TRUE successfully
Executing : def_port {io_jtag_tck} LOC=Y13 VCCIO=1.2 IOSTANDARD=LVCMOS12 NONE=TRUE
C: ConstraintEditor-2002: [H:/PANGO_EDA/my_project/ddr_briey/device_map/Briey.pcf(line number: 85)] | Port io_jtag_tck has been placed at location Y13, whose type is share pin.
Executing : def_port {io_jtag_tck} LOC=Y13 VCCIO=1.2 IOSTANDARD=LVCMOS12 NONE=TRUE successfully
Executing : def_port {io_jtag_tdi} LOC=W10 VCCIO=1.2 IOSTANDARD=LVCMOS12 NONE=TRUE
Executing : def_port {io_jtag_tdi} LOC=W10 VCCIO=1.2 IOSTANDARD=LVCMOS12 NONE=TRUE successfully
Executing : def_port {io_jtag_tms} LOC=V11 VCCIO=1.2 IOSTANDARD=LVCMOS12 NONE=TRUE
Executing : def_port {io_jtag_tms} LOC=V11 VCCIO=1.2 IOSTANDARD=LVCMOS12 NONE=TRUE successfully
Executing : def_port {io_timerExternal_cleara} LOC=J17 VCCIO=1.2 IOSTANDARD=LVCMOS12 NONE=TRUE
Executing : def_port {io_timerExternal_cleara} LOC=J17 VCCIO=1.2 IOSTANDARD=LVCMOS12 NONE=TRUE successfully
Executing : def_port {io_timerExternal_ticka} LOC=K16 VCCIO=1.2 IOSTANDARD=LVCMOS12 NONE=TRUE
Executing : def_port {io_timerExternal_ticka} LOC=K16 VCCIO=1.2 IOSTANDARD=LVCMOS12 NONE=TRUE successfully
Executing : def_port {io_uart_rxd} LOC=AB13 VCCIO=1.2 IOSTANDARD=LVCMOS12 NONE=TRUE
C: ConstraintEditor-2002: [H:/PANGO_EDA/my_project/ddr_briey/device_map/Briey.pcf(line number: 90)] | Port io_uart_rxd has been placed at location AB13, whose type is share pin.
Executing : def_port {io_uart_rxd} LOC=AB13 VCCIO=1.2 IOSTANDARD=LVCMOS12 NONE=TRUE successfully
Constraint check end.
I: Column Clock Check open.
Read Column Clock Map.

Placement started.
Phase 1 Pre global placement started.
I: Infer CARRY group, base inst: axi_core_cpu/IBusCachedPlugin_cache/banks_0/iGopDrm, insts:2.
I: Infer CARRY group, base inst: axi_core_cpu/RegFilePlugin_regFile/iGopDrm, insts:2.
I: Infer CARRY group, base inst: axi_core_cpu/dataCache_1/ways_0_data_symbol0/iGopDrm, insts:2.
I: Infer CARRY group, base inst: axi_core_cpu/dataCache_1/ways_0_data_symbol2/iGopDrm, insts:2.
C: Place-2033: axi_DDRram/myddr/u_ddrphy_top/ddrphy_slice_top/u_outbuft_addr_0/opit_1_IOL constaint on IOL_7_93 is belong (axi_DDRram/myddr/u_ddrphy_top/ddrphy_slice_top/i_ca_group[0].u_ddc_ca/opit_0->DQSL_6_100).
C: Place-2033: axi_DDRram/myddr/u_ddrphy_top/ddrphy_slice_top/u_outbuft_addr_3/opit_1_IOL constaint on IOL_7_297 is belong (axi_DDRram/myddr/u_ddrphy_top/ddrphy_slice_top/i_ca_group[0].u_ddc_ca/opit_0->DQSL_6_304).
C: Place-2033: axi_DDRram/myddr/u_ddrphy_top/ddrphy_slice_top/u_outbuft_addr_5/opit_1_IOL constaint on IOL_7_298 is belong (axi_DDRram/myddr/u_ddrphy_top/ddrphy_slice_top/i_ca_group[0].u_ddc_ca/opit_0->DQSL_6_304).
C: Place-2033: axi_DDRram/myddr/u_ddrphy_top/ddrphy_slice_top/u_outbuft_addr_12/opit_1_IOL constaint on IOL_7_118 is belong (axi_DDRram/myddr/u_ddrphy_top/ddrphy_slice_top/i_ca_group[0].u_ddc_ca/opit_0->DQSL_6_100).
C: Place-2033: axi_DDRram/myddr/u_ddrphy_top/ddrphy_slice_top/u_outbuft_ba0/opit_1_IOL constaint on IOL_7_365 is belong (axi_DDRram/myddr/u_ddrphy_top/ddrphy_slice_top/i_ca_group[0].u_ddc_ca/opit_0->DQSL_6_348).
C: Place-2033: axi_DDRram/myddr/u_ddrphy_top/ddrphy_slice_top/u_outbuft_cke/opit_1_IOL constaint on IOL_7_22 is belong (axi_DDRram/myddr/u_ddrphy_top/ddrphy_slice_top/i_ca_group[0].u_ddc_ca/opit_0->DQSL_6_28).
C: Place-2033: axi_DDRram/myddr/u_ddrphy_top/ddrphy_slice_top/u_outbuft_csn/opit_1_IOL constaint on IOL_7_366 is belong (axi_DDRram/myddr/u_ddrphy_top/ddrphy_slice_top/i_ca_group[0].u_ddc_ca/opit_0->DQSL_6_348).
C: Place-2033: axi_DDRram/myddr/u_ddrphy_top/ddrphy_slice_top/u_outbuft_odt/opit_1_IOL constaint on IOL_7_358 is belong (axi_DDRram/myddr/u_ddrphy_top/ddrphy_slice_top/i_ca_group[0].u_ddc_ca/opit_0->DQSL_6_348).
E: Place-0054: The IO of inst axi_DDRram/myddr/u_ddrphy_top/ddrphy_slice_top/i_ca_group[0].u_ddc_ca/opit_0 must be constrained in same DQS group.
Program Error Out.
Action pnr: Real time elapsed is 0h:0m:9s
Action pnr: CPU time elapsed is 0h:0m:7s
Action pnr: Process CPU time elapsed is 0h:0m:7s
Current time: Mon Mar 10 19:19:19 2025
Action pnr: Peak memory pool usage is 787 MB
