#Build: Fabric Compiler 2022.1, Build 99559, Jul 12 00:20 2022
#Install: H:\PANGO_EDA\PDS_2022.1\bin
#Application name: pds_shell.exe
#OS: Windows 10 10.0.26100
#Hostname: DESKTOP-4P2ET5G
Generated by Fabric Compiler (version 2022.1 build 99559) at Sun Feb 23 15:33:59 2025
Compiling verification operator library.
Compiling common defs.
Compiling prim grid devices.
Compiling gate devices.
Compiling gate operators.
Building architecture model.
Loading device packaging model.
Reading design from DB.
Start Generate Netlist.
Generate Netlist is finished successfully.
Action gen_netlist: Real time elapsed is 0h:0m:7s
Action gen_netlist: CPU time elapsed is 0h:0m:5s
Action gen_netlist: Process CPU time elapsed is 0h:0m:5s
Current time: Sun Feb 23 15:34:04 2025
Action gen_netlist: Peak memory pool usage is 696 MB
