#Build: Fabric Compiler 2022.1, Build 99559, Jul 12 00:20 2022
#Install: H:\PANGO_EDA\PDS_2022.1\bin
#Application name: pds_shell.exe
#OS: Windows 10 10.0.26100
#Hostname: DESKTOP-4P2ET5G
Generated by Fabric Compiler (version 2022.1 build 99559) at Tue Mar 11 21:57:39 2025
License checkout: fabric_ads
Compiling verification operator library.
Compiling common defs.
Loading technology operator library.
Compiling technology operator library.
Compiling technology operator (valence) library.
Reading design from compile DB
Reading design from compile DB successfully.
Constraint check start.
Compiling prim grid devices.
Building architecture model.
Loading device packaging model.
Building architecture floorplan logic view.
E: ConstraintEditor-0046: [H:/PANGO_EDA/my_project/ddr_briey/ddr_briey_new.fdc(line number: 599)] Object 'i:I_ipsxb_ddr_top.u_ipsxb_ddrphy_pll_0.u_pll_e3' can not be found in current view.
E: ConstraintEditor-0046: [H:/PANGO_EDA/my_project/ddr_briey/ddr_briey_new.fdc(line number: 600)] Object 'i:I_ipsxb_ddr_top.u_ipsxb_ddrphy_pll_1.u_pll_e3' can not be found in current view.
E: ConstraintEditor-0046: [H:/PANGO_EDA/my_project/ddr_briey/ddr_briey_new.fdc(line number: 601)] Object 'i:I_ipsxb_ddr_top.u_ddrphy_top.ddrphy_reset_ctrl.ddrphy_ioclk_gate' can not be found in current view.
C: ConstraintEditor-2002: [H:/PANGO_EDA/my_project/ddr_briey/ddr_briey_new.fdc(line number: 68)] | Port io_coreInterrupta has been placed at location K18, whose type is share pin.
C: ConstraintEditor-2002: [H:/PANGO_EDA/my_project/ddr_briey/ddr_briey_new.fdc(line number: 73)] | Port io_jtag_tck has been placed at location Y13, whose type is share pin.
C: ConstraintEditor-2002: [H:/PANGO_EDA/my_project/ddr_briey/ddr_briey_new.fdc(line number: 98)] | Port io_uart_rxd has been placed at location AB13, whose type is share pin.
C: ConstraintEditor-2002: [H:/PANGO_EDA/my_project/ddr_briey/ddr_briey_new.fdc(line number: 348)] | Port mem_dq[14] has been placed at location P3, whose type is share pin.
C: ConstraintEditor-2002: [H:/PANGO_EDA/my_project/ddr_briey/ddr_briey_new.fdc(line number: 369)] | Port mem_dq[11] has been placed at location M1, whose type is share pin.
C: ConstraintEditor-2002: [H:/PANGO_EDA/my_project/ddr_briey/ddr_briey_new.fdc(line number: 383)] | Port mem_dq[9] has been placed at location M2, whose type is share pin.
Constraint check end.
Action synthesize: Real time elapsed is 0h:0m:4s
Action synthesize: CPU time elapsed is 0h:0m:3s
Action synthesize: Process CPU time elapsed is 0h:0m:3s
Current time: Tue Mar 11 21:57:42 2025
Action synthesize: Peak memory pool usage is 261 MB
