#Build: Fabric Compiler 2022.1, Build 99559, Jul 12 00:20 2022
#Install: H:\PANGO_EDA\PDS_2022.1\bin
#Application name: pds_shell.exe
#OS: Windows 10 10.0.26100
#Hostname: DESKTOP-4P2ET5G
Generated by Fabric Compiler (version 2022.1 build 99559) at Mon Feb 24 22:27:03 2025
Compiling verification operator library.
Compiling common defs.
Loading technology operator library.
Compiling technology operator library.
Compiling technology operator (valence) library.
Compiling operator packing rules.
Compiling prim grid devices.
Compiling gate devices.
Compiling gate operators.
Compiling tech operator impls.
Building architecture model.
Loading device packaging model.
Reading design from translate DB.
Building architecture floorplan logic view.
C: ConstraintEditor-2002: [H:/PANGO_EDA/my_project/first_try/first_try.lcf(line number: 68)] | Port io_coreInterrupt has been placed at location K18, whose type is share pin.
C: ConstraintEditor-2002: [H:/PANGO_EDA/my_project/first_try/first_try.lcf(line number: 73)] | Port io_jtag_tck has been placed at location Y13, whose type is share pin.
C: ConstraintEditor-2002: [H:/PANGO_EDA/my_project/first_try/first_try.lcf(line number: 98)] | Port io_uart_rxd has been placed at location AB13, whose type is share pin.
Flattening design 'Briey'
Device mapping started.
Optimizing circuit logic.
I: Const net (pin RSTM of inst axi_core_cpu/N490) has been disconnected.
I: Const net (pin RSTP of inst axi_core_cpu/N490) has been disconnected.
I: Const net (pin RSTM of inst axi_core_cpu/N493) has been disconnected.
I: Const net (pin RSTM of inst axi_core_cpu/N496) has been disconnected.
I: Const net (pin RSTM of inst axi_core_cpu/N499) has been disconnected.
Checking design netlist.
Processing tech operator.
I: The instance clkbufg_0(GTP_CLKBUFG) has been inserted on the net nt_io_axiClk in design, driver pin O(instance io_axiClk_ibuf) -> load pin CLK(instance _zz_toplevel_axi_core_cpu_dBus_cmd_m2sPipe_m2sPipe_s2mPipe_ready[0]).
I: The instance clkbufg_1(GTP_CLKBUFG) has been inserted on the net nt_io_jtag_tck in design, driver pin O(instance io_jtag_tck_ibuf) -> load pin I(instance jtagBridge_1/N246).
Converting tech operator to gate operator.
Processing gate operator.
I: Infer CARRY group, base inst: N551_0_1/gateop, insts:5.
I: Infer CARRY group, base inst: axi_uartCtrl/uartCtrl_1/tx/N39.eq_0/gateop, insts:2.
I: Infer CARRY group, base inst: axi_uartCtrl/uartCtrl_1/rx/N77_1_1/gateop, insts:6.
I: Infer CARRY group, base inst: axi_core_cpu/N66_0/gateop, insts:33.
I: Infer CARRY group, base inst: axi_core_cpu/N486_1_1/gateop, insts:35.
I: Infer CARRY group, base inst: axi_core_cpu/N486_2_1/gateop, insts:36.
I: Infer CARRY group, base inst: axi_core_cpu/N671_1_0/gateop, insts:31.
I: Infer CARRY group, base inst: axi_core_cpu/N997_3_0/gateop, insts:33.
I: Infer CARRY group, base inst: axi_core_cpu/N1088_1_1/gateop, insts:32.
I: Infer CARRY group, base inst: axi_core_cpu/N1097_1/gateop, insts:6.
I: Infer CARRY group, base inst: axi_core_cpu/N1107.fsub_1/gateop, insts:33.
I: Infer CARRY group, base inst: axi_core_cpu/N1139.eq_0/gateop, insts:3.
I: Infer CARRY group, base inst: axi_core_cpu/N1140.eq_0/gateop, insts:3.
I: Infer CARRY group, base inst: axi_core_cpu/N1141.eq_0/gateop, insts:3.
I: Infer CARRY group, base inst: axi_core_cpu/N1142.eq_0/gateop, insts:3.
I: Infer CARRY group, base inst: axi_core_cpu/N1146.eq_0/gateop, insts:3.
I: Infer CARRY group, base inst: axi_core_cpu/N1147.eq_0/gateop, insts:3.
I: Infer CARRY group, base inst: axi_core_cpu/N1151.eq_0/gateop, insts:3.
I: Infer CARRY group, base inst: axi_core_cpu/N1152.eq_0/gateop, insts:3.
I: Infer CARRY group, base inst: axi_core_cpu/N1160.eq_0/gateop, insts:16.
I: Infer CARRY group, base inst: axi_core_cpu/N1254_0/gateop, insts:33.
I: Infer CARRY group, base inst: axi_core_cpu/N1698_2/gateop, insts:31.
I: Infer CARRY group, base inst: axi_core_cpu/N1701_0/gateop, insts:33.
I: Infer CARRY group, base inst: axi_ram/N67_1_1/gateop, insts:9.
I: Infer CARRY group, base inst: axi_ram/N134_1.fsub_1/gateop, insts:7.
I: Infer CARRY group, base inst: axi_sdramCtrl/N82_1_1/gateop, insts:9.
I: Infer CARRY group, base inst: axi_sdramCtrl/N149_1.fsub_1/gateop, insts:7.
I: Infer CARRY group, base inst: dbus_axi_decoder/N80.eq_0/gateop, insts:2.
I: Infer CARRY group, base inst: axi4ReadOnlyDecoder_1/errorSlave/N12_1.fsub_1/gateop, insts:7.
I: Infer CARRY group, base inst: axi_core_cpu/IBusCachedPlugin_cache/N39.eq_0/gateop, insts:11.
I: Infer CARRY group, base inst: axi_core_cpu/dataCache_1/N101.eq_0/gateop, insts:4.
I: Infer CARRY group, base inst: axi_core_cpu/dataCache_1/N109.eq_0/gateop, insts:11.
I: Infer CARRY group, base inst: axi_core_cpu/dataCache_1/N112.eq_0/gateop, insts:4.
I: Infer CARRY group, base inst: axi_core_cpu/dataCache_1/N268_1_1/gateop, insts:5.
I: Infer CARRY group, base inst: axi_sdramCtrl/ctrl/N39_1_1/gateop, insts:8.
I: Infer CARRY group, base inst: axi_sdramCtrl/ctrl/N129.eq_0/gateop, insts:7.
I: Infer CARRY group, base inst: axi_sdramCtrl/ctrl/N343_1_1/gateop, insts:12.
I: Infer CARRY group, base inst: axi_timerCtrl/prescaler_1/N1.eq_0/gateop, insts:8.
I: Infer CARRY group, base inst: axi_timerCtrl/prescaler_1/N3_1_1/gateop, insts:15.
I: Infer CARRY group, base inst: axi_timerCtrl/timerA/N3.eq_0/gateop, insts:16.
I: Infer CARRY group, base inst: axi_timerCtrl/timerA/N10_1/gateop, insts:32.
I: Infer CARRY group, base inst: axi_timerCtrl/timerB/N3.eq_0/gateop, insts:8.
I: Infer CARRY group, base inst: axi_timerCtrl/timerB/N10_1/gateop, insts:16.
I: Infer CARRY group, base inst: axi_timerCtrl/timerC/N3.eq_0/gateop, insts:8.
I: Infer CARRY group, base inst: axi_timerCtrl/timerC/N10_1/gateop, insts:16.
I: Infer CARRY group, base inst: axi_timerCtrl/timerD/N3.eq_0/gateop, insts:8.
I: Infer CARRY group, base inst: axi_timerCtrl/timerD/N10_1/gateop, insts:16.
I: Infer CARRY group, base inst: axi_uartCtrl/axi_uartCtrl_uartCtrl_1_io_read_queueWithOccupancy/N12.eq_0/gateop, insts:3.
I: Infer CARRY group, base inst: axi_uartCtrl/axi_uartCtrl_uartCtrl_1_io_read_queueWithOccupancy/N13.fsub_0/gateop, insts:6.
I: Infer CARRY group, base inst: axi_uartCtrl/bridge_write_streamUnbuffered_queueWithOccupancy/N12.eq_0/gateop, insts:3.
I: Infer CARRY group, base inst: axi_uartCtrl/bridge_write_streamUnbuffered_queueWithOccupancy/N13.fsub_1/gateop, insts:5.
I: Infer CARRY group, base inst: axi_uartCtrl/uartCtrl_1/N14_1.fsub_0/gateop, insts:20.
I: Infer CARRY group, base inst: dbus_axi_decoder/errorSlave/N25_1.fsub_0/gateop, insts:8.
I: Infer CARRY group, base inst: axi_apbBridge_io_axi_arbiter/cmdRouteFork_thrown_translated_fifo/fifo/N7.eq_0/gateop, insts:2.
I: Infer CARRY group, base inst: axi_ram_io_axi_arbiter/cmdRouteFork_thrown_translated_fifo/fifo/N7.eq_0/gateop, insts:2.
I: Infer CARRY group, base inst: axi_sdramCtrl_io_axi_arbiter/cmdRouteFork_thrown_translated_fifo/fifo/N7.eq_0/gateop, insts:2.
I: Infer CARRY group, base inst: axi_uartCtrl/uartCtrl_1/rx/N48.eq_0/gateop, insts:2.
Device mapping done.
Total device mapping takes 0.64 sec.

Device Utilization Summary:
+-------------------------------------------------------------------------+
| Logic Utilization     | Used      | Available     | Utilization(%)     
+-------------------------------------------------------------------------+
| APM                   | 4         | 84            | 5                  
| IOCKDLY               | 0         | 40            | 0                  
| FF                    | 2525      | 64200         | 4                  
| LUT                   | 3169      | 42800         | 8                  
| Distributed RAM       | 16        | 17000         | 1                  
| DLL                   | 0         | 10            | 0                  
| DQSL                  | 0         | 18            | 0                  
| DRM                   | 132.5     | 134           | 99                 
| FUSECODE              | 0         | 1             | 0                  
| IO                    | 17        | 296           | 6                  
| IOCKDIV               | 0         | 20            | 0                  
| IOCKGATE              | 0         | 20            | 0                  
| IPAL                  | 0         | 1             | 0                  
| PLL                   | 0         | 5             | 0                  
| RCKB                  | 0         | 24            | 0                  
| SCANCHAIN             | 0         | 2             | 0                  
| START                 | 0         | 1             | 0                  
| USCM                  | 2         | 30            | 7                  
| HSST                  | 0         | 1             | 0                  
| OSC                   | 0         | 1             | 0                  
| CRYSTAL               | 0         | 2             | 0                  
| RESCAL                | 0         | 4             | 0                  
| UDID                  | 0         | 1             | 0                  
| PCIE                  | 0         | 1             | 0                  
+-------------------------------------------------------------------------+

Design 'Briey' has been successfully mapped to architecture-specific objects.
Saving design to DB.
W: Public-4010: Pcf file H:/PANGO_EDA/my_project/first_try/device_map/led.pcf has been covered.
Action dev_map: Real time elapsed is 0h:0m:6s
Action dev_map: CPU time elapsed is 0h:0m:4s
Action dev_map: Process CPU time elapsed is 0h:0m:4s
Current time: Mon Feb 24 22:27:07 2025
Action dev_map: Peak memory pool usage is 298 MB
