#Build: Fabric Compiler 2022.1, Build 99559, Jul 12 00:20 2022
#Install: H:\PANGO_EDA\PDS_2022.1\bin
#Application name: pds_shell.exe
#OS: Windows 10 10.0.26100
#Hostname: DESKTOP-4P2ET5G
Generated by Fabric Compiler (version 2022.1 build 99559) at Mon Feb 24 22:59:19 2025
Compiling verification operator library.
Compiling common defs.
Loading technology operator library.
Compiling technology operator library.
Compiling technology operator (valence) library.
Compiling operator packing rules.
Compiling prim grid devices.
Compiling gate devices.
Compiling gate operators.
Compiling tech operator impls.
Building architecture model.
Loading device packaging model.
Reading design from translate DB.
Building architecture floorplan logic view.
E: ConstraintEditor-0046: [H:/PANGO_EDA/my_project/first_try/first_try.lcf(line number: 57)] Object 'p:io_asyncReset' can not be found in current view.
E: ConstraintEditor-0046: [H:/PANGO_EDA/my_project/first_try/first_try.lcf(line number: 58)] Object 'p:io_asyncReset' can not be found in current view.
E: ConstraintEditor-0046: [H:/PANGO_EDA/my_project/first_try/first_try.lcf(line number: 59)] Object 'p:io_asyncReset' can not be found in current view.
E: ConstraintEditor-0046: [H:/PANGO_EDA/my_project/first_try/first_try.lcf(line number: 60)] Object 'p:io_asyncReset' can not be found in current view.
E: ConstraintEditor-0046: [H:/PANGO_EDA/my_project/first_try/first_try.lcf(line number: 61)] Object 'p:io_asyncReset' can not be found in current view.
E: ConstraintEditor-0046: [H:/PANGO_EDA/my_project/first_try/first_try.lcf(line number: 67)] Object 'p:io_coreInterrupt' can not be found in current view.
E: ConstraintEditor-0046: [H:/PANGO_EDA/my_project/first_try/first_try.lcf(line number: 68)] Object 'p:io_coreInterrupt' can not be found in current view.
E: ConstraintEditor-0046: [H:/PANGO_EDA/my_project/first_try/first_try.lcf(line number: 69)] Object 'p:io_coreInterrupt' can not be found in current view.
E: ConstraintEditor-0046: [H:/PANGO_EDA/my_project/first_try/first_try.lcf(line number: 70)] Object 'p:io_coreInterrupt' can not be found in current view.
E: ConstraintEditor-0046: [H:/PANGO_EDA/my_project/first_try/first_try.lcf(line number: 71)] Object 'p:io_coreInterrupt' can not be found in current view.
E: ConstraintEditor-0046: [H:/PANGO_EDA/my_project/first_try/first_try.lcf(line number: 87)] Object 'p:io_timerExternal_clear' can not be found in current view.
E: ConstraintEditor-0046: [H:/PANGO_EDA/my_project/first_try/first_try.lcf(line number: 88)] Object 'p:io_timerExternal_clear' can not be found in current view.
E: ConstraintEditor-0046: [H:/PANGO_EDA/my_project/first_try/first_try.lcf(line number: 89)] Object 'p:io_timerExternal_clear' can not be found in current view.
E: ConstraintEditor-0046: [H:/PANGO_EDA/my_project/first_try/first_try.lcf(line number: 90)] Object 'p:io_timerExternal_clear' can not be found in current view.
E: ConstraintEditor-0046: [H:/PANGO_EDA/my_project/first_try/first_try.lcf(line number: 91)] Object 'p:io_timerExternal_clear' can not be found in current view.
E: ConstraintEditor-0046: [H:/PANGO_EDA/my_project/first_try/first_try.lcf(line number: 92)] Object 'p:io_timerExternal_tick' can not be found in current view.
E: ConstraintEditor-0046: [H:/PANGO_EDA/my_project/first_try/first_try.lcf(line number: 93)] Object 'p:io_timerExternal_tick' can not be found in current view.
E: ConstraintEditor-0046: [H:/PANGO_EDA/my_project/first_try/first_try.lcf(line number: 94)] Object 'p:io_timerExternal_tick' can not be found in current view.
E: ConstraintEditor-0046: [H:/PANGO_EDA/my_project/first_try/first_try.lcf(line number: 95)] Object 'p:io_timerExternal_tick' can not be found in current view.
E: ConstraintEditor-0046: [H:/PANGO_EDA/my_project/first_try/first_try.lcf(line number: 96)] Object 'p:io_timerExternal_tick' can not be found in current view.
C: ConstraintEditor-2002: [H:/PANGO_EDA/my_project/first_try/first_try.lcf(line number: 73)] | Port io_jtag_tck has been placed at location Y13, whose type is share pin.
C: ConstraintEditor-2002: [H:/PANGO_EDA/my_project/first_try/first_try.lcf(line number: 98)] | Port io_uart_rxd has been placed at location AB13, whose type is share pin.
