#Build: Fabric Compiler 2022.1, Build 99559, Jul 12 00:20 2022
#Install: H:\PANGO_EDA\PDS_2022.1\bin
#Application name: pds_shell.exe
#OS: Windows 10 10.0.26100
#Hostname: DESKTOP-4P2ET5G
Generated by Fabric Compiler (version 2022.1 build 99559) at Mon Feb 24 22:04:52 2025
Compiling verification operator library.
Compiling common defs.
Loading technology operator library.
Compiling technology operator library.
Compiling technology operator (valence) library.
Compiling operator packing rules.
Compiling prim grid devices.
Compiling gate devices.
Compiling gate operators.
Compiling tech operator impls.
Building architecture model.
Loading device packaging model.
Reading design from translate DB.
Building architecture floorplan logic view.
C: ConstraintEditor-2002: [H:/PANGO_EDA/my_project/first_try/first_try.lcf(line number: 68)] | Port io_coreInterrupt has been placed at location K18, whose type is share pin.
C: ConstraintEditor-2002: [H:/PANGO_EDA/my_project/first_try/first_try.lcf(line number: 73)] | Port io_jtag_tck has been placed at location Y13, whose type is share pin.
C: ConstraintEditor-2002: [H:/PANGO_EDA/my_project/first_try/first_try.lcf(line number: 98)] | Port io_uart_rxd has been placed at location AB13, whose type is share pin.
Flattening design 'top'
W: Adm-4019: Unable to further flatten instance 'axi_vgaCtrl/dma'. The design is empty.
Device mapping started.
Optimizing circuit logic.
I: Const net (pin RSTM of inst axi_core_cpu/N543) has been disconnected.
I: Const net (pin RSTP of inst axi_core_cpu/N543) has been disconnected.
I: Const net (pin RSTM of inst axi_core_cpu/N546) has been disconnected.
I: Const net (pin RSTM of inst axi_core_cpu/N549) has been disconnected.
I: Const net (pin RSTM of inst axi_core_cpu/N552) has been disconnected.
Checking design netlist.
Processing tech operator.
I: The instance clkbufg_0(GTP_CLKBUFG) has been inserted on the net nt_io_axiClk in design, driver pin O(instance io_axiClk_ibuf) -> load pin CLK(instance _zz_toplevel_axi_core_cpu_dBus_cmd_m2sPipe_m2sPipe_s2mPipe_ready[0]).
I: The instance clkbufg_1(GTP_CLKBUFG) has been inserted on the net nt_io_jtag_tck in design, driver pin O(instance io_jtag_tck_ibuf) -> load pin I(instance jtagBridge_1/N246).
Converting tech operator to gate operator.
Processing gate operator.
I: Infer CARRY group, base inst: N617_0_1/gateop, insts:5.
I: Infer CARRY group, base inst: axi_core_cpu/N96_0/gateop, insts:33.
I: Infer CARRY group, base inst: axi_core_cpu/N536_1_1/gateop, insts:35.
I: Infer CARRY group, base inst: axi_core_cpu/N536_2_1/gateop, insts:36.
I: Infer CARRY group, base inst: axi_core_cpu/N730_1_0/gateop, insts:31.
I: Infer CARRY group, base inst: axi_core_cpu/N880_1_2/gateop, insts:30.
I: Infer CARRY group, base inst: axi_core_cpu/N1161_3_0/gateop, insts:33.
I: Infer CARRY group, base inst: axi_core_cpu/N1252_1_1/gateop, insts:32.
I: Infer CARRY group, base inst: axi_core_cpu/N1261_1/gateop, insts:6.
I: Infer CARRY group, base inst: axi_core_cpu/N1271.fsub_1/gateop, insts:33.
I: Infer CARRY group, base inst: axi_core_cpu/N1303.eq_0/gateop, insts:3.
I: Infer CARRY group, base inst: axi_core_cpu/N1304.eq_0/gateop, insts:3.
I: Infer CARRY group, base inst: axi_core_cpu/N1305.eq_0/gateop, insts:3.
I: Infer CARRY group, base inst: axi_core_cpu/N1306.eq_0/gateop, insts:3.
I: Infer CARRY group, base inst: axi_core_cpu/N1310.eq_0/gateop, insts:3.
I: Infer CARRY group, base inst: axi_core_cpu/N1311.eq_0/gateop, insts:3.
I: Infer CARRY group, base inst: axi_core_cpu/N1315.eq_0/gateop, insts:3.
I: Infer CARRY group, base inst: axi_core_cpu/N1316.eq_0/gateop, insts:3.
I: Infer CARRY group, base inst: axi_core_cpu/N1324.eq_0/gateop, insts:16.
I: Infer CARRY group, base inst: axi_core_cpu/N1481_0/gateop, insts:33.
I: Infer CARRY group, base inst: axi_core_cpu/N1925_2/gateop, insts:31.
I: Infer CARRY group, base inst: axi_core_cpu/N1928_0/gateop, insts:33.
I: Infer CARRY group, base inst: axi_ram/N69_1_1/gateop, insts:9.
I: Infer CARRY group, base inst: axi_ram/N136_1.fsub_1/gateop, insts:7.
I: Infer CARRY group, base inst: axi_sdramCtrl/N82_1_1/gateop, insts:9.
I: Infer CARRY group, base inst: axi_sdramCtrl/N149_1.fsub_1/gateop, insts:7.
I: Infer CARRY group, base inst: dbus_axi_decoder/N80.eq_0/gateop, insts:2.
I: Infer CARRY group, base inst: axi4ReadOnlyDecoder_2/errorSlave/N12_1.fsub_1/gateop, insts:7.
I: Infer CARRY group, base inst: axi_core_cpu/IBusCachedPlugin_cache/N39.eq_0/gateop, insts:10.
I: Infer CARRY group, base inst: axi_core_cpu/IBusCachedPlugin_cache/N74_1_1/gateop, insts:7.
I: Infer CARRY group, base inst: axi_core_cpu/dataCache_1/N101.eq_0/gateop, insts:5.
I: Infer CARRY group, base inst: axi_core_cpu/dataCache_1/N109.eq_0/gateop, insts:10.
I: Infer CARRY group, base inst: axi_core_cpu/dataCache_1/N112.eq_0/gateop, insts:5.
I: Infer CARRY group, base inst: axi_core_cpu/dataCache_1/N268_1_1/gateop, insts:7.
I: Infer CARRY group, base inst: axi_sdramCtrl/ctrl/N39_1_1/gateop, insts:8.
I: Infer CARRY group, base inst: axi_sdramCtrl/ctrl/N129.eq_0/gateop, insts:7.
I: Infer CARRY group, base inst: axi_sdramCtrl/ctrl/N343_1_1/gateop, insts:12.
I: Infer CARRY group, base inst: axi_sdramCtrl_io_axi_arbiter/cmdArbiter/N0.fsub_1/gateop, insts:6.
I: Infer CARRY group, base inst: axi_timerCtrl/prescaler_1/N1.eq_0/gateop, insts:8.
I: Infer CARRY group, base inst: axi_timerCtrl/prescaler_1/N3_1_1/gateop, insts:15.
I: Infer CARRY group, base inst: axi_timerCtrl/timerA/N3.eq_0/gateop, insts:16.
I: Infer CARRY group, base inst: axi_timerCtrl/timerA/N10_1/gateop, insts:32.
I: Infer CARRY group, base inst: axi_timerCtrl/timerB/N3.eq_0/gateop, insts:8.
I: Infer CARRY group, base inst: axi_timerCtrl/timerB/N10_1/gateop, insts:16.
I: Infer CARRY group, base inst: axi_timerCtrl/timerC/N3.eq_0/gateop, insts:8.
I: Infer CARRY group, base inst: axi_timerCtrl/timerC/N10_1/gateop, insts:16.
I: Infer CARRY group, base inst: axi_timerCtrl/timerD/N3.eq_0/gateop, insts:8.
I: Infer CARRY group, base inst: axi_timerCtrl/timerD/N10_1/gateop, insts:16.
I: Infer CARRY group, base inst: axi_uartCtrl/axi_uartCtrl_uartCtrl_1_io_read_queueWithOccupancy/N12.eq_0/gateop, insts:3.
I: Infer CARRY group, base inst: axi_uartCtrl/axi_uartCtrl_uartCtrl_1_io_read_queueWithOccupancy/N13.fsub_0/gateop, insts:6.
I: Infer CARRY group, base inst: axi_uartCtrl/bridge_write_streamUnbuffered_queueWithOccupancy/N12.eq_0/gateop, insts:3.
I: Infer CARRY group, base inst: axi_uartCtrl/bridge_write_streamUnbuffered_queueWithOccupancy/N13.fsub_1/gateop, insts:5.
I: Infer CARRY group, base inst: axi_uartCtrl/uartCtrl_1/N14_1.fsub_0/gateop, insts:20.
I: Infer CARRY group, base inst: dbus_axi_decoder/errorSlave/N25_1.fsub_0/gateop, insts:8.
I: Infer CARRY group, base inst: axi_apbBridge_io_axi_arbiter/cmdRouteFork_thrown_translated_fifo/fifo/N7.eq_0/gateop, insts:2.
I: Infer CARRY group, base inst: axi_ram_io_axi_arbiter/cmdRouteFork_thrown_translated_fifo/fifo/N7.eq_0/gateop, insts:2.
I: Infer CARRY group, base inst: axi_sdramCtrl_io_axi_arbiter/cmdRouteFork_thrown_translated_fifo/fifo/N7.eq_0/gateop, insts:2.
I: Infer CARRY group, base inst: axi_uartCtrl/uartCtrl_1/rx/N48.eq_0/gateop, insts:2.
I: Infer CARRY group, base inst: axi_uartCtrl/uartCtrl_1/rx/N77_1_1/gateop, insts:6.
I: Infer CARRY group, base inst: axi_uartCtrl/uartCtrl_1/tx/N39.eq_0/gateop, insts:2.
Device mapping done.
Total device mapping takes 17.08 sec.

C: DeviceMap-2003: The total resource of LUT is 42800, but there are 97643.00 in the design.
E: DRC-0018: The resource of LUT is not enough.
C: DeviceMap-2003: The total resource of LUTM is 17000, but there are 67840.00 in the design.
E: DRC-0018: The resource of LUTM is not enough.
Program Error Out.
Action dev_map: Real time elapsed is 0h:0m:27s
Action dev_map: CPU time elapsed is 0h:0m:25s
Action dev_map: Process CPU time elapsed is 0h:0m:25s
Current time: Mon Feb 24 22:05:17 2025
Action dev_map: Peak memory pool usage is 1,681 MB
