#Build: Fabric Compiler 2022.1, Build 99559, Jul 12 00:20 2022
#Install: H:\PANGO_EDA\PDS_2022.1\bin
#Application name: pds_shell.exe
#OS: Windows 10 10.0.26100
#Hostname: DESKTOP-4P2ET5G
Generated by Fabric Compiler (version 2022.1 build 99559) at Mon Mar 10 19:19:02 2025
Compiling verification operator library.
Compiling common defs.
Loading technology operator library.
Compiling technology operator library.
Compiling technology operator (valence) library.
Compiling operator packing rules.
Compiling prim grid devices.
Compiling gate devices.
Compiling gate operators.
Compiling tech operator impls.
Building architecture model.
Loading device packaging model.
Reading design from translate DB.
Flattening design 'Briey'
W: Adm-4019: Unable to further flatten instance 'axi_vgaCtrl/dma'. The design is empty.
Device mapping started.
Optimizing circuit logic.
I: Const net (pin RSTM of inst axi_core_cpu/N490) has been disconnected.
I: Const net (pin RSTP of inst axi_core_cpu/N490) has been disconnected.
I: Const net (pin RSTM of inst axi_core_cpu/N493) has been disconnected.
I: Const net (pin RSTM of inst axi_core_cpu/N496) has been disconnected.
I: Const net (pin RSTM of inst axi_core_cpu/N499) has been disconnected.
Checking design netlist.
Processing tech operator.
I: The instance clkbufg_0(GTP_CLKBUFG) has been inserted on the net axi_DDRram/myddr/ddrphy_clkin in design, driver pin CLKDIVOUT(instance axi_DDRram/myddr/I_GTP_CLKDIV) -> load pin CLK(instance axi_DDRram/myddr/u_ddrphy_top/ddrphy_calib_top/calib_mux/calib_address[0]).
C: DeviceMap-2011: The net nt_io_axiClk has both clock instance axi_DDRram/myddr/u_clkbufg(GTP_CLKBUFG) loader and other clock pin loader.
I: The instance clkbufg_1(GTP_CLKBUFG) has been inserted on the net nt_io_jtag_tck in design, driver pin O(instance io_jtag_tck_ibuf) -> load pin I(instance jtagBridge_1/N246).
W: DeviceMap-4006: Insert a inst clkgate_2(GTP_IOCLKBUF) before axi_DDRram/myddr/I_GTP_CLKDIV(GTP_IOCLKDIV).
Converting tech operator to gate operator.
Processing gate operator.
I: Infer CARRY group, base inst: N619_0_1/gateop, insts:5.
I: Infer CARRY group, base inst: axi_DDRram/myddr/u_ipsxb_ddrc_top/mcdq_dcp_top/mcdq_dcp_buf/B_ipsxb_distributed_fifo/u_ipsxb_distributed_fifo_distributed_fifo_v1_0/u_ipsxb_distributed_fifo_ctr/N19.lt_0/gateop, insts:3.
I: Infer CARRY group, base inst: axi_DDRram/myddr/u_ipsxb_ddrc_top/mcdq_dcp_top/mcdq_dcp_buf/B_ipsxb_distributed_fifo/u_ipsxb_distributed_fifo_distributed_fifo_v1_0/u_ipsxb_distributed_fifo_ctr/N24_1.fsub_1/gateop, insts:6.
I: Infer CARRY group, base inst: axi_DDRram/myddr/u_ipsxb_ddrc_top/mcdq_dcp_top/mcdq_dcp_buf/B_ipsxb_distributed_fifo/u_ipsxb_distributed_fifo_distributed_fifo_v1_0/u_ipsxb_distributed_fifo_ctr/N30.fsub_1/gateop, insts:6.
I: Infer CARRY group, base inst: axi_DDRram/myddr/u_ipsxb_ddrc_top/mcdq_dcp_top/mcdq_dcp_buf/B_ipsxb_distributed_fifo/u_ipsxb_distributed_fifo_distributed_fifo_v1_0/u_ipsxb_distributed_fifo_ctr/N36.eq_0/gateop, insts:3.
I: Infer CARRY group, base inst: axi_DDRram/myddr/u_ipsxb_ddrc_top/mcdq_rdatapath/mcdq_prefetch_fifo/ipsxb_distributed_fifo/u_ipsxb_distributed_fifo_distributed_fifo_v1_0/u_ipsxb_distributed_fifo_ctr/N2_1/gateop, insts:6.
I: Infer CARRY group, base inst: axi_core_cpu/N66_0/gateop, insts:33.
I: Infer CARRY group, base inst: axi_core_cpu/N486_2_1/gateop, insts:35.
I: Infer CARRY group, base inst: axi_core_cpu/N486_3_1/gateop, insts:36.
I: Infer CARRY group, base inst: axi_DDRram/myddr/u_ipsxb_ddrc_top/mcdq_rdatapath/mcdq_prefetch_fifo/ipsxb_distributed_fifo/u_ipsxb_distributed_fifo_distributed_fifo_v1_0/u_ipsxb_distributed_fifo_ctr/N9_1/gateop, insts:6.
I: Infer CARRY group, base inst: axi_DDRram/myddr/u_ipsxb_ddrc_top/mcdq_rdatapath/mcdq_prefetch_fifo/ipsxb_distributed_fifo/u_ipsxb_distributed_fifo_distributed_fifo_v1_0/u_ipsxb_distributed_fifo_ctr/N16.eq_0/gateop, insts:3.
I: Infer CARRY group, base inst: axi_DDRram/myddr/u_ipsxb_ddrc_top/mcdq_rdatapath/mcdq_prefetch_fifo/ipsxb_distributed_fifo/u_ipsxb_distributed_fifo_distributed_fifo_v1_0/u_ipsxb_distributed_fifo_ctr/N36.eq_0/gateop, insts:3.
I: Infer CARRY group, base inst: axi_core_cpu/N671_1_0/gateop, insts:31.
I: Infer CARRY group, base inst: axi_core_cpu/N997_3_0/gateop, insts:33.
I: Infer CARRY group, base inst: axi_core_cpu/N1088_1_1/gateop, insts:32.
I: Infer CARRY group, base inst: axi_core_cpu/N1097_1/gateop, insts:6.
I: Infer CARRY group, base inst: axi_core_cpu/N1107.fsub_1/gateop, insts:33.
I: Infer CARRY group, base inst: axi_core_cpu/N1139.eq_0/gateop, insts:3.
I: Infer CARRY group, base inst: axi_core_cpu/N1140.eq_0/gateop, insts:3.
I: Infer CARRY group, base inst: axi_core_cpu/N1141.eq_0/gateop, insts:3.
I: Infer CARRY group, base inst: axi_core_cpu/N1142.eq_0/gateop, insts:3.
I: Infer CARRY group, base inst: axi_core_cpu/N1146.eq_0/gateop, insts:3.
I: Infer CARRY group, base inst: axi_core_cpu/N1147.eq_0/gateop, insts:3.
I: Infer CARRY group, base inst: axi_core_cpu/N1151.eq_0/gateop, insts:3.
I: Infer CARRY group, base inst: axi_core_cpu/N1152.eq_0/gateop, insts:3.
I: Infer CARRY group, base inst: axi_core_cpu/N1160.eq_0/gateop, insts:16.
I: Infer CARRY group, base inst: axi_core_cpu/N1254_0/gateop, insts:33.
I: Infer CARRY group, base inst: axi_core_cpu/N1698_2/gateop, insts:31.
I: Infer CARRY group, base inst: axi_core_cpu/N1701_0/gateop, insts:33.
I: Infer CARRY group, base inst: axi_ram/N67_1_1/gateop, insts:9.
I: Infer CARRY group, base inst: axi_ram/N134_1.fsub_1/gateop, insts:7.
I: Infer CARRY group, base inst: dbus_axi_decoder/N80.eq_0/gateop, insts:2.
I: Infer CARRY group, base inst: axi4ReadOnlyDecoder_2/errorSlave/N12_1.fsub_1/gateop, insts:7.
I: Infer CARRY group, base inst: axi_DDRram_io_axi_arbiter/cmdArbiter/N0.fsub_1/gateop, insts:6.
I: Infer CARRY group, base inst: axi_core_cpu/IBusCachedPlugin_cache/N39.eq_0/gateop, insts:11.
I: Infer CARRY group, base inst: axi_core_cpu/dataCache_1/N101.eq_0/gateop, insts:4.
I: Infer CARRY group, base inst: axi_core_cpu/dataCache_1/N109.eq_0/gateop, insts:11.
I: Infer CARRY group, base inst: axi_core_cpu/dataCache_1/N112.eq_0/gateop, insts:4.
I: Infer CARRY group, base inst: axi_core_cpu/dataCache_1/N268_1_1/gateop, insts:5.
I: Infer CARRY group, base inst: axi_timerCtrl/prescaler_1/N1.eq_0/gateop, insts:8.
I: Infer CARRY group, base inst: axi_timerCtrl/prescaler_1/N3_1_1/gateop, insts:15.
I: Infer CARRY group, base inst: axi_timerCtrl/timerA/N3.eq_0/gateop, insts:16.
I: Infer CARRY group, base inst: axi_timerCtrl/timerA/N10_1/gateop, insts:32.
I: Infer CARRY group, base inst: axi_timerCtrl/timerB/N3.eq_0/gateop, insts:8.
I: Infer CARRY group, base inst: axi_timerCtrl/timerB/N10_1/gateop, insts:16.
I: Infer CARRY group, base inst: axi_timerCtrl/timerC/N3.eq_0/gateop, insts:8.
I: Infer CARRY group, base inst: axi_timerCtrl/timerC/N10_1/gateop, insts:16.
I: Infer CARRY group, base inst: axi_timerCtrl/timerD/N3.eq_0/gateop, insts:8.
I: Infer CARRY group, base inst: axi_timerCtrl/timerD/N10_1/gateop, insts:16.
I: Infer CARRY group, base inst: axi_uartCtrl/axi_uartCtrl_uartCtrl_1_io_read_queueWithOccupancy/N12.eq_0/gateop, insts:3.
I: Infer CARRY group, base inst: axi_uartCtrl/axi_uartCtrl_uartCtrl_1_io_read_queueWithOccupancy/N13.fsub_0/gateop, insts:6.
I: Infer CARRY group, base inst: axi_uartCtrl/bridge_write_streamUnbuffered_queueWithOccupancy/N12.eq_0/gateop, insts:3.
I: Infer CARRY group, base inst: axi_uartCtrl/bridge_write_streamUnbuffered_queueWithOccupancy/N13.fsub_1/gateop, insts:5.
I: Infer CARRY group, base inst: axi_uartCtrl/uartCtrl_1/N14_1.fsub_0/gateop, insts:20.
I: Infer CARRY group, base inst: dbus_axi_decoder/errorSlave/N25_1.fsub_0/gateop, insts:8.
I: Infer CARRY group, base inst: axi_DDRram_io_axi_arbiter/cmdRouteFork_thrown_translated_fifo/fifo/N7.eq_0/gateop, insts:2.
I: Infer CARRY group, base inst: axi_apbBridge_io_axi_arbiter/cmdRouteFork_thrown_translated_fifo/fifo/N7.eq_0/gateop, insts:2.
I: Infer CARRY group, base inst: axi_ram_io_axi_arbiter/cmdRouteFork_thrown_translated_fifo/fifo/N7.eq_0/gateop, insts:2.
I: Infer CARRY group, base inst: axi_uartCtrl/uartCtrl_1/rx/N48.eq_0/gateop, insts:2.
I: Infer CARRY group, base inst: axi_uartCtrl/uartCtrl_1/rx/N77_1_1/gateop, insts:6.
I: Infer CARRY group, base inst: axi_uartCtrl/uartCtrl_1/tx/N39.eq_0/gateop, insts:2.
I: Infer CARRY group, base inst: axi_DDRram/myddr/u_ddrphy_top/ddrphy_info/mc_al_6.fsub_1/gateop, insts:4.
I: Infer CARRY group, base inst: axi_DDRram/myddr/u_ddrphy_top/ddrphy_info/mc_rl_1/gateop, insts:5.
I: Infer CARRY group, base inst: axi_DDRram/myddr/u_ddrphy_top/ddrphy_info/mc_wl_0/gateop, insts:6.
I: Infer CARRY group, base inst: axi_DDRram/myddr/u_ddrphy_top/ddrphy_reset_ctrl/N29_1_1/gateop, insts:7.
I: Infer CARRY group, base inst: axi_DDRram/myddr/u_ddrphy_top/ddrphy_slice_top/N48_1_0/gateop, insts:8.
I: Infer CARRY group, base inst: axi_DDRram/myddr/u_ipsxb_ddrc_top/mcdq_ui_axi/N69_2_1/gateop, insts:25.
I: Infer CARRY group, base inst: axi_DDRram/myddr/u_ipsxb_ddrc_top/mcdq_ui_axi/N185.eq_0/gateop, insts:8.
I: Infer CARRY group, base inst: axi_DDRram/myddr/u_ipsxb_ddrc_top/mcdq_ui_axi/column_addr_end_1_2/gateop, insts:6.
I: Infer CARRY group, base inst: axi_DDRram/myddr/u_ddrphy_top/ddrphy_calib_top/ddrphy_init/N3_1_1/gateop, insts:15.
I: Infer CARRY group, base inst: axi_DDRram/myddr/u_ddrphy_top/ddrphy_calib_top/ddrphy_init/N23_1_1/gateop, insts:15.
I: Infer CARRY group, base inst: axi_DDRram/myddr/u_ddrphy_top/ddrphy_calib_top/ddrphy_init/N41_1_1/gateop, insts:7.
I: Infer CARRY group, base inst: axi_DDRram/myddr/u_ddrphy_top/ddrphy_calib_top/ddrphy_init/N79_1_1/gateop, insts:9.
I: Infer CARRY group, base inst: axi_DDRram/myddr/u_ddrphy_top/ddrphy_calib_top/ddrphy_wrlvl/N8_1_1/gateop, insts:7.
I: Infer CARRY group, base inst: axi_DDRram/myddr/u_ddrphy_top/ddrphy_calib_top/rdcal/N33_1_1/gateop, insts:17.
I: Infer CARRY group, base inst: axi_DDRram/myddr/u_ddrphy_top/ddrphy_reset_ctrl/ddrphy_pll_lock_debounce/N11_1_1/gateop, insts:18.
I: Infer CARRY group, base inst: axi_DDRram/myddr/u_ipsxb_ddrc_top/mcdq_dcd_top/mcdq_dcd_bm/N37_1_1/gateop, insts:12.
I: Infer CARRY group, base inst: axi_DDRram/myddr/u_ipsxb_ddrc_top/mcdq_dcd_top/mcdq_dcd_sm/N162_6_0[9:0]_1/gateop, insts:7.
I: Infer CARRY group, base inst: axi_DDRram/myddr/u_ipsxb_ddrc_top/mcdq_dcp_top/mcdq_dcp_buf/N46_1_1/gateop, insts:6.
I: Infer CARRY group, base inst: axi_DDRram/myddr/u_ddrphy_top/ddrphy_slice_top/i_dqs_group[0].u_ddrphy_data_slice/data_slice_wrlvl/N102_1_0/gateop, insts:8.
I: Infer CARRY group, base inst: axi_DDRram/myddr/u_ddrphy_top/ddrphy_slice_top/i_dqs_group[0].u_ddrphy_data_slice/data_slice_wrlvl/N104_1_1/gateop, insts:7.
I: Infer CARRY group, base inst: axi_DDRram/myddr/u_ddrphy_top/ddrphy_slice_top/i_dqs_group[0].u_ddrphy_data_slice/data_slice_wrlvl/N201_1_1/gateop, insts:7.
I: Infer CARRY group, base inst: axi_DDRram/myddr/u_ddrphy_top/ddrphy_slice_top/i_dqs_group[0].u_ddrphy_data_slice/dqsi_rdel_cal/N28_1.fsub_1/gateop, insts:6.
I: Infer CARRY group, base inst: axi_DDRram/myddr/u_ddrphy_top/ddrphy_slice_top/i_dqs_group[0].u_ddrphy_data_slice/dqsi_rdel_cal/N33_1_1/gateop, insts:7.
I: Infer CARRY group, base inst: axi_DDRram/myddr/u_ddrphy_top/ddrphy_slice_top/i_dqs_group[0].u_ddrphy_data_slice/dqsi_rdel_cal/N43_1.fsub_1/gateop, insts:7.
I: Infer CARRY group, base inst: axi_DDRram/myddr/u_ddrphy_top/ddrphy_slice_top/i_dqs_group[0].u_ddrphy_data_slice/dqsi_rdel_cal/N53.eq_0/gateop, insts:4.
I: Infer CARRY group, base inst: axi_DDRram/myddr/u_ddrphy_top/ddrphy_slice_top/i_dqs_group[0].u_ddrphy_data_slice/dqsi_rdel_cal/N85_1/gateop, insts:8.
I: Infer CARRY group, base inst: axi_DDRram/myddr/u_ddrphy_top/ddrphy_slice_top/i_dqs_group[0].u_ddrphy_data_slice/dqsi_rdel_cal/N104_1_1/gateop, insts:9.
I: Infer CARRY group, base inst: axi_DDRram/myddr/u_ddrphy_top/ddrphy_slice_top/i_dqs_group[0].u_ddrphy_data_slice/dqsi_rdel_cal/N108.eq_0/gateop, insts:5.
I: Infer CARRY group, base inst: axi_DDRram/myddr/u_ddrphy_top/ddrphy_slice_top/i_dqs_group[0].u_ddrphy_data_slice/dqsi_rdel_cal/N167.eq_0/gateop, insts:5.
I: Infer CARRY group, base inst: axi_DDRram/myddr/u_ddrphy_top/ddrphy_slice_top/i_dqs_group[0].u_ddrphy_data_slice/dqsi_rdel_cal/N264_1_0/gateop, insts:8.
I: Infer CARRY group, base inst: axi_DDRram/myddr/u_ddrphy_top/ddrphy_slice_top/i_dqs_group[0].u_ddrphy_data_slice/dqsi_rdel_cal/N280_1_0/gateop, insts:8.
I: Infer CARRY group, base inst: axi_DDRram/myddr/u_ddrphy_top/ddrphy_slice_top/i_dqs_group[0].u_ddrphy_data_slice/dqsi_rdel_cal/N285_1_1/gateop, insts:9.
I: Infer CARRY group, base inst: axi_DDRram/myddr/u_ddrphy_top/ddrphy_slice_top/i_dqs_group[1].u_ddrphy_data_slice/data_slice_wrlvl/N102_1_0/gateop, insts:8.
I: Infer CARRY group, base inst: axi_DDRram/myddr/u_ddrphy_top/ddrphy_slice_top/i_dqs_group[1].u_ddrphy_data_slice/data_slice_wrlvl/N104_1_1/gateop, insts:7.
I: Infer CARRY group, base inst: axi_DDRram/myddr/u_ddrphy_top/ddrphy_slice_top/i_dqs_group[1].u_ddrphy_data_slice/data_slice_wrlvl/N201_1_1/gateop, insts:7.
I: Infer CARRY group, base inst: axi_DDRram/myddr/u_ddrphy_top/ddrphy_slice_top/i_dqs_group[1].u_ddrphy_data_slice/dqsi_rdel_cal/N28_1.fsub_1/gateop, insts:6.
I: Infer CARRY group, base inst: axi_DDRram/myddr/u_ddrphy_top/ddrphy_slice_top/i_dqs_group[1].u_ddrphy_data_slice/dqsi_rdel_cal/N33_1_1/gateop, insts:7.
I: Infer CARRY group, base inst: axi_DDRram/myddr/u_ddrphy_top/ddrphy_slice_top/i_dqs_group[1].u_ddrphy_data_slice/dqsi_rdel_cal/N43_1.fsub_1/gateop, insts:7.
I: Infer CARRY group, base inst: axi_DDRram/myddr/u_ddrphy_top/ddrphy_slice_top/i_dqs_group[1].u_ddrphy_data_slice/dqsi_rdel_cal/N53.eq_0/gateop, insts:4.
I: Infer CARRY group, base inst: axi_DDRram/myddr/u_ddrphy_top/ddrphy_slice_top/i_dqs_group[1].u_ddrphy_data_slice/dqsi_rdel_cal/N85_1/gateop, insts:8.
I: Infer CARRY group, base inst: axi_DDRram/myddr/u_ddrphy_top/ddrphy_slice_top/i_dqs_group[1].u_ddrphy_data_slice/dqsi_rdel_cal/N104_1_1/gateop, insts:9.
I: Infer CARRY group, base inst: axi_DDRram/myddr/u_ddrphy_top/ddrphy_slice_top/i_dqs_group[1].u_ddrphy_data_slice/dqsi_rdel_cal/N108.eq_0/gateop, insts:5.
I: Infer CARRY group, base inst: axi_DDRram/myddr/u_ddrphy_top/ddrphy_slice_top/i_dqs_group[1].u_ddrphy_data_slice/dqsi_rdel_cal/N167.eq_0/gateop, insts:5.
I: Infer CARRY group, base inst: axi_DDRram/myddr/u_ddrphy_top/ddrphy_slice_top/i_dqs_group[1].u_ddrphy_data_slice/dqsi_rdel_cal/N264_1_0/gateop, insts:8.
I: Infer CARRY group, base inst: axi_DDRram/myddr/u_ddrphy_top/ddrphy_slice_top/i_dqs_group[1].u_ddrphy_data_slice/dqsi_rdel_cal/N280_1_0/gateop, insts:8.
I: Infer CARRY group, base inst: axi_DDRram/myddr/u_ddrphy_top/ddrphy_slice_top/i_dqs_group[1].u_ddrphy_data_slice/dqsi_rdel_cal/N285_1_1/gateop, insts:9.
I: Infer CARRY group, base inst: axi_DDRram/myddr/u_ddrphy_top/ddrphy_slice_top/i_dqs_group[2].u_ddrphy_data_slice/data_slice_wrlvl/N102_1_0/gateop, insts:8.
I: Infer CARRY group, base inst: axi_DDRram/myddr/u_ddrphy_top/ddrphy_slice_top/i_dqs_group[2].u_ddrphy_data_slice/data_slice_wrlvl/N104_1_1/gateop, insts:7.
I: Infer CARRY group, base inst: axi_DDRram/myddr/u_ddrphy_top/ddrphy_slice_top/i_dqs_group[2].u_ddrphy_data_slice/data_slice_wrlvl/N201_1_1/gateop, insts:7.
I: Infer CARRY group, base inst: axi_DDRram/myddr/u_ddrphy_top/ddrphy_slice_top/i_dqs_group[2].u_ddrphy_data_slice/dqsi_rdel_cal/N85_1/gateop, insts:8.
I: Infer CARRY group, base inst: axi_DDRram/myddr/u_ddrphy_top/ddrphy_slice_top/i_dqs_group[2].u_ddrphy_data_slice/dqsi_rdel_cal/N104_1_1/gateop, insts:9.
I: Infer CARRY group, base inst: axi_DDRram/myddr/u_ddrphy_top/ddrphy_slice_top/i_dqs_group[2].u_ddrphy_data_slice/dqsi_rdel_cal/N108.eq_0/gateop, insts:5.
I: Infer CARRY group, base inst: axi_DDRram/myddr/u_ddrphy_top/ddrphy_slice_top/i_dqs_group[2].u_ddrphy_data_slice/dqsi_rdel_cal/N167.eq_0/gateop, insts:5.
I: Infer CARRY group, base inst: axi_DDRram/myddr/u_ddrphy_top/ddrphy_slice_top/i_dqs_group[2].u_ddrphy_data_slice/dqsi_rdel_cal/N264_1_0/gateop, insts:8.
I: Infer CARRY group, base inst: axi_DDRram/myddr/u_ddrphy_top/ddrphy_slice_top/i_dqs_group[2].u_ddrphy_data_slice/dqsi_rdel_cal/N280_1_0/gateop, insts:8.
I: Infer CARRY group, base inst: axi_DDRram/myddr/u_ddrphy_top/ddrphy_slice_top/i_dqs_group[2].u_ddrphy_data_slice/dqsi_rdel_cal/N285_1_1/gateop, insts:9.
I: Infer CARRY group, base inst: axi_DDRram/myddr/u_ddrphy_top/ddrphy_slice_top/i_dqs_group[3].u_ddrphy_data_slice/data_slice_wrlvl/N102_1_0/gateop, insts:8.
I: Infer CARRY group, base inst: axi_DDRram/myddr/u_ddrphy_top/ddrphy_slice_top/i_dqs_group[3].u_ddrphy_data_slice/data_slice_wrlvl/N104_1_1/gateop, insts:7.
I: Infer CARRY group, base inst: axi_DDRram/myddr/u_ddrphy_top/ddrphy_slice_top/i_dqs_group[3].u_ddrphy_data_slice/data_slice_wrlvl/N201_1_1/gateop, insts:7.
I: Infer CARRY group, base inst: axi_DDRram/myddr/u_ddrphy_top/ddrphy_slice_top/i_dqs_group[3].u_ddrphy_data_slice/dqsi_rdel_cal/N85_1/gateop, insts:8.
I: Infer CARRY group, base inst: axi_DDRram/myddr/u_ddrphy_top/ddrphy_slice_top/i_dqs_group[3].u_ddrphy_data_slice/dqsi_rdel_cal/N104_1_1/gateop, insts:9.
I: Infer CARRY group, base inst: axi_DDRram/myddr/u_ddrphy_top/ddrphy_slice_top/i_dqs_group[3].u_ddrphy_data_slice/dqsi_rdel_cal/N108.eq_0/gateop, insts:5.
I: Infer CARRY group, base inst: axi_DDRram/myddr/u_ddrphy_top/ddrphy_slice_top/i_dqs_group[3].u_ddrphy_data_slice/dqsi_rdel_cal/N167.eq_0/gateop, insts:5.
I: Infer CARRY group, base inst: axi_DDRram/myddr/u_ddrphy_top/ddrphy_slice_top/i_dqs_group[3].u_ddrphy_data_slice/dqsi_rdel_cal/N264_1_0/gateop, insts:8.
I: Infer CARRY group, base inst: axi_DDRram/myddr/u_ddrphy_top/ddrphy_slice_top/i_dqs_group[3].u_ddrphy_data_slice/dqsi_rdel_cal/N280_1_0/gateop, insts:8.
I: Infer CARRY group, base inst: axi_DDRram/myddr/u_ddrphy_top/ddrphy_slice_top/i_dqs_group[3].u_ddrphy_data_slice/dqsi_rdel_cal/N285_1_1/gateop, insts:9.
I: Infer CARRY group, base inst: axi_DDRram/myddr/u_ipsxb_ddrc_top/mcdq_dcp_top/mcdq_dcp_back_ctrl/timing_act_pass/N31.lt_0/gateop, insts:4.
I: Infer CARRY group, base inst: axi_DDRram/myddr/u_ipsxb_ddrc_top/mcdq_dcp_top/mcdq_dcp_back_ctrl/timing_ref_pass/N27.lt_1/gateop, insts:3.
I: Infer CARRY group, base inst: axi_DDRram/myddr/u_ddrphy_top/ddrphy_slice_top/i_dqs_group[0].u_ddrphy_data_slice/data_slice_dqs_gate_cal/gatecal/N81_1_0/gateop, insts:6.
I: Infer CARRY group, base inst: axi_DDRram/myddr/u_ddrphy_top/ddrphy_slice_top/i_dqs_group[0].u_ddrphy_data_slice/data_slice_dqs_gate_cal/gatecal/N389_8.fsub_1/gateop, insts:5.
I: Infer CARRY group, base inst: axi_DDRram/myddr/u_ddrphy_top/ddrphy_slice_top/i_dqs_group[1].u_ddrphy_data_slice/data_slice_dqs_gate_cal/gatecal/N81_1_0/gateop, insts:6.
I: Infer CARRY group, base inst: axi_DDRram/myddr/u_ddrphy_top/ddrphy_slice_top/i_dqs_group[1].u_ddrphy_data_slice/data_slice_dqs_gate_cal/gatecal/N389_8.fsub_1/gateop, insts:5.
I: Infer CARRY group, base inst: axi_DDRram/myddr/u_ddrphy_top/ddrphy_slice_top/i_dqs_group[2].u_ddrphy_data_slice/data_slice_dqs_gate_cal/gatecal/N81_1_0/gateop, insts:6.
I: Infer CARRY group, base inst: axi_DDRram/myddr/u_ddrphy_top/ddrphy_slice_top/i_dqs_group[2].u_ddrphy_data_slice/data_slice_dqs_gate_cal/gatecal/N389_8.fsub_1/gateop, insts:5.
I: Infer CARRY group, base inst: axi_DDRram/myddr/u_ddrphy_top/ddrphy_slice_top/i_dqs_group[3].u_ddrphy_data_slice/data_slice_dqs_gate_cal/gatecal/N81_1_0/gateop, insts:6.
I: Infer CARRY group, base inst: axi_DDRram/myddr/u_ddrphy_top/ddrphy_slice_top/i_dqs_group[3].u_ddrphy_data_slice/data_slice_dqs_gate_cal/gatecal/N389_8.fsub_1/gateop, insts:5.
I: Infer CARRY group, base inst: axi_DDRram/myddr/u_ipsxb_ddrc_top/mcdq_wdatapath/ipsxb_distributed_fifo/u_ipsxb_distributed_fifo_distributed_fifo_v1_0/u_ipsxb_distributed_fifo_ctr/N2_1/gateop, insts:5.
I: Infer CARRY group, base inst: axi_DDRram/myddr/u_ipsxb_ddrc_top/mcdq_wdatapath/ipsxb_distributed_fifo/u_ipsxb_distributed_fifo_distributed_fifo_v1_0/u_ipsxb_distributed_fifo_ctr/N9_1/gateop, insts:5.
I: Infer CARRY group, base inst: axi_DDRram/myddr/u_ipsxb_ddrc_top/mcdq_wdatapath/ipsxb_distributed_fifo/u_ipsxb_distributed_fifo_distributed_fifo_v1_0/u_ipsxb_distributed_fifo_ctr/N36.eq_0/gateop, insts:3.
I: Infer CARRY group, base inst: axi_DDRram/myddr/u_ipsxb_ddrc_top/mcdq_dcp_top/mcdq_dcp_buf/A_ipsxb_distributed_fifo/u_ipsxb_distributed_fifo_distributed_fifo_v1_0/u_ipsxb_distributed_fifo_ctr/N2_1/gateop, insts:5.
I: Infer CARRY group, base inst: axi_DDRram/myddr/u_ipsxb_ddrc_top/mcdq_dcp_top/mcdq_dcp_buf/A_ipsxb_distributed_fifo/u_ipsxb_distributed_fifo_distributed_fifo_v1_0/u_ipsxb_distributed_fifo_ctr/N9_1/gateop, insts:5.
I: Infer CARRY group, base inst: axi_DDRram/myddr/u_ipsxb_ddrc_top/mcdq_dcp_top/mcdq_dcp_buf/A_ipsxb_distributed_fifo/u_ipsxb_distributed_fifo_distributed_fifo_v1_0/u_ipsxb_distributed_fifo_ctr/N19.lt_0/gateop, insts:3.
I: Infer CARRY group, base inst: axi_DDRram/myddr/u_ipsxb_ddrc_top/mcdq_dcp_top/mcdq_dcp_buf/A_ipsxb_distributed_fifo/u_ipsxb_distributed_fifo_distributed_fifo_v1_0/u_ipsxb_distributed_fifo_ctr/N24_1.fsub_1/gateop, insts:6.
I: Infer CARRY group, base inst: axi_DDRram/myddr/u_ipsxb_ddrc_top/mcdq_dcp_top/mcdq_dcp_buf/A_ipsxb_distributed_fifo/u_ipsxb_distributed_fifo_distributed_fifo_v1_0/u_ipsxb_distributed_fifo_ctr/N30.fsub_1/gateop, insts:6.
I: Infer CARRY group, base inst: axi_DDRram/myddr/u_ipsxb_ddrc_top/mcdq_dcp_top/mcdq_dcp_buf/A_ipsxb_distributed_fifo/u_ipsxb_distributed_fifo_distributed_fifo_v1_0/u_ipsxb_distributed_fifo_ctr/N36.eq_0/gateop, insts:3.
I: Infer CARRY group, base inst: axi_DDRram/myddr/u_ipsxb_ddrc_top/mcdq_dcp_top/mcdq_dcp_buf/B_ipsxb_distributed_fifo/u_ipsxb_distributed_fifo_distributed_fifo_v1_0/u_ipsxb_distributed_fifo_ctr/N2_1/gateop, insts:5.
I: Infer CARRY group, base inst: axi_DDRram/myddr/u_ipsxb_ddrc_top/mcdq_dcp_top/mcdq_dcp_buf/B_ipsxb_distributed_fifo/u_ipsxb_distributed_fifo_distributed_fifo_v1_0/u_ipsxb_distributed_fifo_ctr/N9_1/gateop, insts:5.
Device mapping done.
Total device mapping takes 1.56 sec.

Device Utilization Summary:
+-------------------------------------------------------------------------+
| Logic Utilization     | Used      | Available     | Utilization(%)     
+-------------------------------------------------------------------------+
| APM                   | 4         | 84            | 5                  
| IOCKDLY               | 0         | 40            | 0                  
| FF                    | 5318      | 64200         | 9                  
| LUT                   | 6448      | 42800         | 16                 
| Distributed RAM       | 98        | 17000         | 1                  
| DLL                   | 1         | 10            | 10                 
| DQSL                  | 8         | 18            | 45                 
| DRM                   | 132.5     | 134           | 99                 
| FUSECODE              | 0         | 1             | 0                  
| IO                    | 88        | 296           | 30                 
| IOCKDIV               | 1         | 20            | 5                  
| IOCKGATE              | 4         | 20            | 20                 
| IPAL                  | 0         | 1             | 0                  
| PLL                   | 2         | 5             | 40                 
| RCKB                  | 0         | 24            | 0                  
| SCANCHAIN             | 0         | 2             | 0                  
| START                 | 0         | 1             | 0                  
| USCM                  | 4         | 30            | 14                 
| HSST                  | 0         | 1             | 0                  
| OSC                   | 0         | 1             | 0                  
| CRYSTAL               | 0         | 2             | 0                  
| RESCAL                | 0         | 4             | 0                  
| UDID                  | 0         | 1             | 0                  
| PCIE                  | 0         | 1             | 0                  
+-------------------------------------------------------------------------+

Design 'Briey' has been successfully mapped to architecture-specific objects.
Saving design to DB.
W: Public-4010: Pcf file H:/PANGO_EDA/my_project/ddr_briey/device_map/Briey.pcf has been covered.
Action dev_map: Real time elapsed is 0h:0m:8s
Action dev_map: CPU time elapsed is 0h:0m:6s
Action dev_map: Process CPU time elapsed is 0h:0m:6s
Current time: Mon Mar 10 19:19:09 2025
Action dev_map: Peak memory pool usage is 346 MB
