#Build: Fabric Compiler 2022.1, Build 99559, Jul 12 00:20 2022
#Install: H:\PANGO_EDA\PDS_2022.1\bin
#Application name: pds_shell.exe
#OS: Windows 10 10.0.26100
#Hostname: DESKTOP-4P2ET5G
Generated by Fabric Compiler (version 2022.1 build 99559) at Mon Feb 24 22:21:38 2025
License checkout: fabric_ads
Compiling verification operator library.
Compiling common defs.
Loading technology operator library.
Compiling technology operator library.
Compiling technology operator (valence) library.
Reading design from compile DB
Reading design from compile DB successfully.
Constraint check start.
W: ConstraintEditor-4030: No constraint files found, so all ports are unspecified I/O constraint.
Constraint check end.
C: SDC-2025: Clock source 'n:io_jtag_tck' need a clock constraint, please use 'create_clock' or 'create_generate_clock' to generate.
Executing : get_ports io_jtag_tck
Executing : get_ports io_jtag_tck successfully.
Executing : create_clock -name Briey|io_jtag_tck [get_ports io_jtag_tck] -period 1000.000 -waveform {0.000 500.000} -add
Executing : create_clock -name Briey|io_jtag_tck [get_ports io_jtag_tck] -period 1000.000 -waveform {0.000 500.000} -add successfully.
Executing : set_clock_groups -name Inferred_clock_group_0 -asynchronous -group Briey|io_jtag_tck
Executing : set_clock_groups -name Inferred_clock_group_0 -asynchronous -group Briey|io_jtag_tck successfully.
C: SDC-2025: Clock source 'n:io_axiClk' need a clock constraint, please use 'create_clock' or 'create_generate_clock' to generate.
Executing : get_ports io_axiClk
Executing : get_ports io_axiClk successfully.
Executing : create_clock -name Briey|io_axiClk [get_ports io_axiClk] -period 1000.000 -waveform {0.000 500.000} -add
Executing : create_clock -name Briey|io_axiClk [get_ports io_axiClk] -period 1000.000 -waveform {0.000 500.000} -add successfully.
Executing : set_clock_groups -name Inferred_clock_group_1 -asynchronous -group Briey|io_axiClk
Executing : set_clock_groups -name Inferred_clock_group_1 -asynchronous -group Briey|io_axiClk successfully.
Start pre-mapping.
I: Constant propagation done on axi_core_cpu/N79 (bmsWIDEINV).
I: Constant propagation done on axi_core_cpu/N661 (bmsWIDEINV).
I: Removed bmsWIDEDFFRSE inst decode_to_execute_IS_RS2_SIGNED that is redundant to decode_to_execute_IS_RS1_SIGNED
I: Constant propagation done on axi_core_cpu/N472 (bmsWIDEINV).
I: Constant propagation done on axi_core_cpu/N5305 (bmsREDAND).
I: Constant propagation done on axi_core_cpu/N5309 (bmsREDAND).
I: Constant propagation done on axi_core_cpu/N5313 (bmsREDAND).
I: Constant propagation done on axi_core_cpu/N1446[12:11] (bmsWIDEMUX).
I: Constant propagation done on axi_core_cpu/N5318 (bmsREDOR).
I: Constant propagation done on axi_core_cpu/N5319 (bmsREDOR).
I: Constant propagation done on axi_core_cpu/N5320 (bmsREDOR).
I: Encoding type of FSM 'phase_fsm[1:0]' is: onehot.
I: [H:/PANGO_EDA/my_project/Briey.v(line number:10241)] The user initial state for regs on FSM phase_fsm[1:0] is 00 and be encoded 001.
I: Encoding table of FSM 'phase_fsm[1:0]':
I: from  axi_apbBridge/phase[1] axi_apbBridge/phase[0]
I: to  axi_apbBridge/phase_2 axi_apbBridge/phase_1 axi_apbBridge/phase_0
I: 00 => 001
I: 01 => 010
I: 10 => 100
I: Encoding type of FSM 'CsrPlugin_interrupt_code_fsm[3:0]' is: onehot.
W: [H:/PANGO_EDA/my_project/Briey.v(line number:8706)] The forced initial state for regs on FSM CsrPlugin_interrupt_code_fsm[3:0] is 0011 and be encoded 001.
I: Encoding table of FSM 'CsrPlugin_interrupt_code_fsm[3:0]':
I: from  axi_core_cpu/CsrPlugin_interrupt_code[3] axi_core_cpu/CsrPlugin_interrupt_code[2] axi_core_cpu/CsrPlugin_interrupt_code[1] axi_core_cpu/CsrPlugin_interrupt_code[0]
I: to  axi_core_cpu/CsrPlugin_interrupt_code_2 axi_core_cpu/CsrPlugin_interrupt_code_1 axi_core_cpu/CsrPlugin_interrupt_code_0
I: 0011 => 001
I: 0111 => 010
I: 1011 => 100
I: Encoding type of FSM 'IBusCachedPlugin_injector_port_state_fsm[2:0]' is: onehot.
I: [H:/PANGO_EDA/my_project/Briey.v(line number:8438)] The user initial state for regs on FSM IBusCachedPlugin_injector_port_state_fsm[2:0] is 000 and be encoded 00001.
I: Encoding table of FSM 'IBusCachedPlugin_injector_port_state_fsm[2:0]':
I: from  axi_core_cpu/IBusCachedPlugin_injector_port_state[2] axi_core_cpu/IBusCachedPlugin_injector_port_state[1] axi_core_cpu/IBusCachedPlugin_injector_port_state[0]
I: to  axi_core_cpu/IBusCachedPlugin_injector_port_state_4 axi_core_cpu/IBusCachedPlugin_injector_port_state_3 axi_core_cpu/IBusCachedPlugin_injector_port_state_2 axi_core_cpu/IBusCachedPlugin_injector_port_state_1 axi_core_cpu/IBusCachedPlugin_injector_port_state_0
I: 000 => 00001
I: 001 => 00010
I: 010 => 00100
I: 011 => 01000
I: 100 => 10000
I: Encoding type of FSM 'frontend_state_fsm[1:0]' is: onehot.
I: [H:/PANGO_EDA/my_project/Briey.v(line number:14056)] The user initial state for regs on FSM frontend_state_fsm[1:0] is 00 and be encoded 0001.
I: Encoding table of FSM 'frontend_state_fsm[1:0]':
I: from  axi_sdramCtrl/ctrl/frontend_state[1] axi_sdramCtrl/ctrl/frontend_state[0]
I: to  axi_sdramCtrl/ctrl/frontend_state_3 axi_sdramCtrl/ctrl/frontend_state_2 axi_sdramCtrl/ctrl/frontend_state_1 axi_sdramCtrl/ctrl/frontend_state_0
I: 00 => 0001
I: 01 => 0010
I: 10 => 0100
I: 11 => 1000
I: Encoding type of FSM 'stateMachine_state_fsm[2:0]' is: onehot.
I: [H:/PANGO_EDA/my_project/Briey.v(line number:14797)] The user initial state for regs on FSM stateMachine_state_fsm[2:0] is 000 and be encoded 00001.
I: Encoding table of FSM 'stateMachine_state_fsm[2:0]':
I: from  axi_uartCtrl/uartCtrl_1/rx/stateMachine_state[2] axi_uartCtrl/uartCtrl_1/rx/stateMachine_state[1] axi_uartCtrl/uartCtrl_1/rx/stateMachine_state[0]
I: to  axi_uartCtrl/uartCtrl_1/rx/stateMachine_state_4 axi_uartCtrl/uartCtrl_1/rx/stateMachine_state_3 axi_uartCtrl/uartCtrl_1/rx/stateMachine_state_2 axi_uartCtrl/uartCtrl_1/rx/stateMachine_state_1 axi_uartCtrl/uartCtrl_1/rx/stateMachine_state_0
I: 000 => 00001
I: 001 => 00010
I: 010 => 00100
I: 011 => 01000
I: 100 => 10000
I: Encoding type of FSM 'stateMachine_state_fsm[2:0]' is: onehot.
I: [H:/PANGO_EDA/my_project/Briey.v(line number:15085)] The user initial state for regs on FSM stateMachine_state_fsm[2:0] is 000 and be encoded 00001.
I: Encoding table of FSM 'stateMachine_state_fsm[2:0]':
I: from  axi_uartCtrl/uartCtrl_1/tx/stateMachine_state[2] axi_uartCtrl/uartCtrl_1/tx/stateMachine_state[1] axi_uartCtrl/uartCtrl_1/tx/stateMachine_state[0]
I: to  axi_uartCtrl/uartCtrl_1/tx/stateMachine_state_4 axi_uartCtrl/uartCtrl_1/tx/stateMachine_state_3 axi_uartCtrl/uartCtrl_1/tx/stateMachine_state_2 axi_uartCtrl/uartCtrl_1/tx/stateMachine_state_1 axi_uartCtrl/uartCtrl_1/tx/stateMachine_state_0
I: 000 => 00001
I: 001 => 00010
I: 010 => 00100
I: 011 => 01000
I: 100 => 10000
I: Encoding type of FSM 'jtag_tap_fsm_state_fsm[3:0]' is: onehot.
W: [H:/PANGO_EDA/my_project/Briey.v(line number:4170)] The forced initial state for regs on FSM jtag_tap_fsm_state_fsm[3:0] is 0000 and be encoded 000000000000001.
I: Encoding table of FSM 'jtag_tap_fsm_state_fsm[3:0]':
I: from  jtagBridge_1/jtag_tap_fsm_state[3] jtagBridge_1/jtag_tap_fsm_state[2] jtagBridge_1/jtag_tap_fsm_state[1] jtagBridge_1/jtag_tap_fsm_state[0]
I: to  jtagBridge_1/jtag_tap_fsm_state_14 jtagBridge_1/jtag_tap_fsm_state_13 jtagBridge_1/jtag_tap_fsm_state_12 jtagBridge_1/jtag_tap_fsm_state_11 jtagBridge_1/jtag_tap_fsm_state_10 jtagBridge_1/jtag_tap_fsm_state_9 jtagBridge_1/jtag_tap_fsm_state_8 jtagBridge_1/jtag_tap_fsm_state_7 jtagBridge_1/jtag_tap_fsm_state_6 jtagBridge_1/jtag_tap_fsm_state_5 jtagBridge_1/jtag_tap_fsm_state_4 jtagBridge_1/jtag_tap_fsm_state_3 jtagBridge_1/jtag_tap_fsm_state_2 jtagBridge_1/jtag_tap_fsm_state_1 jtagBridge_1/jtag_tap_fsm_state_0
I: 0000 => 000000000000001
I: 0001 => 000000000000010
I: 0010 => 000000000000100
I: 0011 => 000000000001000
I: 0100 => 000000000010000
I: 0101 => 000000000100000
I: 0110 => 000000001000000
I: 0111 => 000000010000000
I: 1000 => 000000100000000
I: 1001 => 000001000000000
I: 1010 => 000010000000000
I: 1011 => 000100000000000
I: 1100 => 001000000000000
I: 1101 => 010000000000000
I: 1110 => 100000000000000
W: Removed bmsWIDEDFFRSE inst execute_to_memory_BRANCH_CALC[31:0] at 0 that is stuck at constant 0.
W: Removed bmsWIDEDFFCPE inst loader_waysAllocator[0] that is stuck at constant 1.
Executing : pre-mapping successfully. Time elapsed: 0.359s wall, 0.359s user + 0.000s system = 0.359s CPU (100.1%)

Start mod-gen.
W: Public-4008: Instance 'rx/_zz_io_rts' of 'bmsWIDEDFFCPE' unit is dangling and will be cleaned.
W: Public-4008: Instance 'toplevel_axi_apbBridge_io_axi_arbiter_io_output_arw_rData_burst[1:0]' of 'bmsWIDEDFFRSE' unit is dangling and will be cleaned.
W: Public-4008: Instance 'toplevel_axi_apbBridge_io_axi_arbiter_io_output_arw_rData_id[3:0]' of 'bmsWIDEDFFRSE' unit is dangling and will be cleaned.
W: Public-4008: Instance 'toplevel_axi_apbBridge_io_axi_arbiter_io_output_arw_rData_len[7:0]' of 'bmsWIDEDFFRSE' unit is dangling and will be cleaned.
W: Public-4008: Instance 'toplevel_axi_apbBridge_io_axi_arbiter_io_output_arw_rData_size[2:0]' of 'bmsWIDEDFFRSE' unit is dangling and will be cleaned.
W: Public-4008: Instance 'toplevel_axi_apbBridge_io_axi_arbiter_io_output_w_rData_last' of 'bmsWIDEDFFRSE' unit is dangling and will be cleaned.
W: Public-4008: Instance 'toplevel_axi_ram_io_axi_arbiter_io_output_w_rData_last' of 'bmsWIDEDFFRSE' unit is dangling and will be cleaned.
W: Public-4008: Instance 'toplevel_axi_ram_io_axi_arbiter_io_output_w_s2mPipe_rData_last' of 'bmsWIDEDFFRSE' unit is dangling and will be cleaned.
W: Public-4008: Instance 'toplevel_axi_sdramCtrl_io_axi_arbiter_io_output_w_rData_last' of 'bmsWIDEDFFRSE' unit is dangling and will be cleaned.
W: Public-4008: Instance 'toplevel_axi_sdramCtrl_io_axi_arbiter_io_output_w_s2mPipe_rData_last' of 'bmsWIDEDFFRSE' unit is dangling and will be cleaned.
W: Public-4008: Instance 'axi_apbBridge/id[3:0]' of 'bmsWIDEDFFRSE' unit is dangling and will be cleaned.
W: Public-4008: Instance 'axi_sdramCtrl/bridge_writeRsp_rData_id[3:0]' of 'bmsWIDEDFFRSE' unit is dangling and will be cleaned.
W: Removed bmsWIDEDFFRSE inst toplevel_axi_core_cpu_dBus_cmd_rData_last that is stuck at constant 1.
W: Removed bmsWIDEDFFRSE inst axi_core_cpu/IBusCachedPlugin_cache/decodeStage_mmuRsp_allowExecute that is stuck at constant 1.
W: Removed bmsWIDEDFFRSE inst axi_core_cpu/IBusCachedPlugin_cache/decodeStage_mmuRsp_exception that is stuck at constant 0.
W: Removed bmsWIDEDFFRSE inst axi_core_cpu/IBusCachedPlugin_cache/decodeStage_mmuRsp_isPaging that is stuck at constant 0.
W: Removed bmsWIDEDFFRSE inst axi_core_cpu/IBusCachedPlugin_cache/decodeStage_mmuRsp_refilling that is stuck at constant 0.
W: Removed bmsWIDEDFFRSE inst axi_core_cpu/dataCache_1/stageB_mmuRsp_allowRead that is stuck at constant 1.
W: Removed bmsWIDEDFFRSE inst axi_core_cpu/dataCache_1/stageB_mmuRsp_allowWrite that is stuck at constant 1.
W: Removed bmsWIDEDFFRSE inst axi_core_cpu/dataCache_1/stageB_mmuRsp_exception that is stuck at constant 0.
W: Removed bmsWIDEDFFRSE inst axi_core_cpu/dataCache_1/stageB_mmuRsp_isPaging that is stuck at constant 0.
W: Removed bmsWIDEDFFRSE inst axi_core_cpu/dataCache_1/stageB_mmuRsp_refilling that is stuck at constant 0.
W: Removed bmsWIDEDFFRSE inst jtagBridge_1/system_rsp_payload_error that is stuck at constant 0.
W: Removed bmsWIDEDFFRSE inst toplevel_axi_core_cpu_dBus_cmd_m2sPipe_rData_last that is stuck at constant 1.
W: Removed bmsWIDEDFFRSE inst toplevel_axi_ram_io_axi_arbiter_io_output_arw_rData_id[3:0] at 0 that is stuck at constant 0.
W: Removed bmsWIDEDFFRSE inst toplevel_axi_ram_io_axi_arbiter_io_output_arw_rData_id[3:0] at 1 that is stuck at constant 0.
W: Removed bmsWIDEDFFRSE inst toplevel_axi_ram_io_axi_arbiter_io_output_arw_rData_id[3:0] at 2 that is stuck at constant 0.
W: Removed bmsWIDEDFFRSE inst toplevel_axi_ram_io_axi_arbiter_io_output_arw_rData_len[7:0] at 3 that is stuck at constant 0.
W: Removed bmsWIDEDFFRSE inst toplevel_axi_ram_io_axi_arbiter_io_output_arw_rData_len[7:0] at 4 that is stuck at constant 0.
W: Removed bmsWIDEDFFRSE inst toplevel_axi_ram_io_axi_arbiter_io_output_arw_rData_len[7:0] at 5 that is stuck at constant 0.
W: Removed bmsWIDEDFFRSE inst toplevel_axi_ram_io_axi_arbiter_io_output_arw_rData_len[7:0] at 6 that is stuck at constant 0.
W: Removed bmsWIDEDFFRSE inst toplevel_axi_ram_io_axi_arbiter_io_output_arw_rData_len[7:0] at 7 that is stuck at constant 0.
W: Removed bmsWIDEDFFRSE inst toplevel_axi_ram_io_axi_arbiter_io_output_arw_rData_size[2:0] at 0 that is stuck at constant 0.
W: Removed bmsWIDEDFFRSE inst toplevel_axi_ram_io_axi_arbiter_io_output_arw_rData_size[2:0] at 1 that is stuck at constant 1.
W: Removed bmsWIDEDFFRSE inst toplevel_axi_ram_io_axi_arbiter_io_output_arw_rData_burst[1:0] at 0 that is stuck at constant 1.
W: Removed bmsWIDEDFFRSE inst toplevel_axi_ram_io_axi_arbiter_io_output_arw_rData_burst[1:0] at 1 that is stuck at constant 0.
W: Removed bmsWIDEDFFRSE inst toplevel_axi_sdramCtrl_io_axi_arbiter_io_output_arw_rData_id[3:0] at 0 that is stuck at constant 0.
W: Removed bmsWIDEDFFRSE inst toplevel_axi_sdramCtrl_io_axi_arbiter_io_output_arw_rData_id[3:0] at 1 that is stuck at constant 0.
W: Removed bmsWIDEDFFRSE inst toplevel_axi_sdramCtrl_io_axi_arbiter_io_output_arw_rData_id[3:0] at 2 that is stuck at constant 0.
W: Removed bmsWIDEDFFRSE inst toplevel_axi_sdramCtrl_io_axi_arbiter_io_output_arw_rData_len[7:0] at 3 that is stuck at constant 0.
W: Removed bmsWIDEDFFRSE inst toplevel_axi_sdramCtrl_io_axi_arbiter_io_output_arw_rData_len[7:0] at 4 that is stuck at constant 0.
W: Removed bmsWIDEDFFRSE inst toplevel_axi_sdramCtrl_io_axi_arbiter_io_output_arw_rData_len[7:0] at 5 that is stuck at constant 0.
W: Removed bmsWIDEDFFRSE inst toplevel_axi_sdramCtrl_io_axi_arbiter_io_output_arw_rData_len[7:0] at 6 that is stuck at constant 0.
W: Removed bmsWIDEDFFRSE inst toplevel_axi_sdramCtrl_io_axi_arbiter_io_output_arw_rData_len[7:0] at 7 that is stuck at constant 0.
W: Removed bmsWIDEDFFRSE inst toplevel_axi_sdramCtrl_io_axi_arbiter_io_output_arw_rData_size[2:0] at 0 that is stuck at constant 0.
W: Removed bmsWIDEDFFRSE inst toplevel_axi_sdramCtrl_io_axi_arbiter_io_output_arw_rData_size[2:0] at 1 that is stuck at constant 1.
W: Removed bmsWIDEDFFRSE inst toplevel_axi_sdramCtrl_io_axi_arbiter_io_output_arw_rData_burst[1:0] at 0 that is stuck at constant 1.
W: Removed bmsWIDEDFFRSE inst toplevel_axi_sdramCtrl_io_axi_arbiter_io_output_arw_rData_burst[1:0] at 1 that is stuck at constant 0.
W: Removed bmsWIDEDFFRSE inst toplevel_axi_core_cpu_dBus_cmd_m2sPipe_m2sPipe_rData_last that is stuck at constant 1.
W: Removed bmsWIDEDFFRSE inst axi_ram/unburstify_buffer_transaction_id[3:0] at 0 that is stuck at constant 0.
W: Removed bmsWIDEDFFRSE inst axi_ram/unburstify_buffer_transaction_id[3:0] at 1 that is stuck at constant 0.
W: Removed bmsWIDEDFFRSE inst axi_ram/unburstify_buffer_transaction_id[3:0] at 2 that is stuck at constant 0.
W: Removed bmsWIDEDFFRSE inst axi_ram/unburstify_buffer_len[7:0] at 3 that is stuck at constant 0.
W: Removed bmsWIDEDFFRSE inst axi_ram/unburstify_buffer_transaction_size[2:0] at 0 that is stuck at constant 0.
W: Removed bmsWIDEDFFRSE inst axi_ram/unburstify_buffer_transaction_size[2:0] at 1 that is stuck at constant 1.
W: Removed bmsWIDEDFFRSE inst axi_ram/unburstify_buffer_transaction_burst[1:0] at 0 that is stuck at constant 1.
W: Removed bmsWIDEDFFRSE inst axi_ram/unburstify_buffer_transaction_burst[1:0] at 1 that is stuck at constant 0.
W: Removed bmsWIDEDFFRSE inst axi_sdramCtrl/unburstify_buffer_transaction_id[3:0] at 0 that is stuck at constant 0.
W: Removed bmsWIDEDFFRSE inst axi_sdramCtrl/unburstify_buffer_transaction_id[3:0] at 1 that is stuck at constant 0.
W: Removed bmsWIDEDFFRSE inst axi_sdramCtrl/unburstify_buffer_transaction_id[3:0] at 2 that is stuck at constant 0.
W: Removed bmsWIDEDFFRSE inst axi_sdramCtrl/unburstify_buffer_len[7:0] at 3 that is stuck at constant 0.
W: Removed bmsWIDEDFFRSE inst axi_sdramCtrl/unburstify_buffer_transaction_size[2:0] at 0 that is stuck at constant 0.
W: Removed bmsWIDEDFFRSE inst axi_sdramCtrl/unburstify_buffer_transaction_size[2:0] at 1 that is stuck at constant 1.
W: Removed bmsWIDEDFFRSE inst axi_sdramCtrl/unburstify_buffer_transaction_burst[1:0] at 0 that is stuck at constant 1.
W: Removed bmsWIDEDFFRSE inst axi_sdramCtrl/unburstify_buffer_transaction_burst[1:0] at 1 that is stuck at constant 0.
W: Removed bmsWIDEDFFRSE inst axi_sdramCtrl/ctrl/frontend_rsp_rData_context_id[3:0] at 0 that is stuck at constant 0.
W: Removed bmsWIDEDFFRSE inst axi_sdramCtrl/ctrl/frontend_rsp_rData_context_id[3:0] at 1 that is stuck at constant 0.
W: Removed bmsWIDEDFFRSE inst axi_sdramCtrl/ctrl/frontend_rsp_rData_context_id[3:0] at 2 that is stuck at constant 0.
W: Removed bmsWIDEDFFCPE inst _zz_2 that is stuck at constant 0.
W: Removed bmsWIDEDFFCPE inst axi_sdramCtrl/ctrl/chip_sdramCkeInternal that is stuck at constant 1.
W: Removed bmsWIDEDFFRSE inst axi_sdramCtrl/ctrl/chip_sdram_CKE that is stuck at constant 1.
W: Removed bmsWIDEDFFRSE inst axi_sdramCtrl/ctrl/chip_cmd_payload_context_delay_1_id[3:0] at 0 that is stuck at constant 0.
W: Removed bmsWIDEDFFRSE inst axi_sdramCtrl/ctrl/chip_cmd_payload_context_delay_1_id[3:0] at 1 that is stuck at constant 0.
W: Removed bmsWIDEDFFRSE inst axi_sdramCtrl/ctrl/chip_cmd_payload_context_delay_1_id[3:0] at 2 that is stuck at constant 0.
W: Removed bmsWIDEDFFCPE inst axi_sdramCtrl/ctrl/chip_sdramCkeInternal_regNext that is stuck at constant 1.
W: Removed bmsWIDEDFFRSE inst axi_sdramCtrl/ctrl/chip_cmd_payload_context_delay_2_id[3:0] at 0 that is stuck at constant 0.
W: Removed bmsWIDEDFFRSE inst axi_sdramCtrl/ctrl/chip_cmd_payload_context_delay_2_id[3:0] at 1 that is stuck at constant 0.
W: Removed bmsWIDEDFFRSE inst axi_sdramCtrl/ctrl/chip_cmd_payload_context_delay_2_id[3:0] at 2 that is stuck at constant 0.
W: Removed bmsWIDEDFFRSE inst axi_sdramCtrl/ctrl/chip_cmd_payload_context_delay_3_id[3:0] at 0 that is stuck at constant 0.
W: Removed bmsWIDEDFFRSE inst axi_sdramCtrl/ctrl/chip_cmd_payload_context_delay_3_id[3:0] at 1 that is stuck at constant 0.
W: Removed bmsWIDEDFFRSE inst axi_sdramCtrl/ctrl/chip_cmd_payload_context_delay_3_id[3:0] at 2 that is stuck at constant 0.
W: Removed bmsWIDEDFFRSE inst axi_sdramCtrl/ctrl/chip_cmd_payload_context_delay_4_id[3:0] at 0 that is stuck at constant 0.
W: Removed bmsWIDEDFFRSE inst axi_sdramCtrl/ctrl/chip_cmd_payload_context_delay_4_id[3:0] at 1 that is stuck at constant 0.
W: Removed bmsWIDEDFFRSE inst axi_sdramCtrl/ctrl/chip_cmd_payload_context_delay_4_id[3:0] at 2 that is stuck at constant 0.
W: Removed bmsWIDEDFFRSE inst axi_sdramCtrl/ctrl/chip_contextDelayed_id[3:0] at 0 that is stuck at constant 0.
W: Removed bmsWIDEDFFRSE inst axi_sdramCtrl/ctrl/chip_contextDelayed_id[3:0] at 1 that is stuck at constant 0.
W: Removed bmsWIDEDFFRSE inst axi_sdramCtrl/ctrl/chip_contextDelayed_id[3:0] at 2 that is stuck at constant 0.
W: Removed bmsWIDEDFFRSE inst axi_sdramCtrl/ctrl/chip_backupIn_fifo/fifo/logic_ram[0][20:0] at 16 that is stuck at constant 0.
W: Removed bmsWIDEDFFRSE inst axi_sdramCtrl/ctrl/chip_backupIn_fifo/fifo/logic_ram[0][20:0] at 17 that is stuck at constant 0.
W: Removed bmsWIDEDFFRSE inst axi_sdramCtrl/ctrl/chip_backupIn_fifo/fifo/logic_ram[0][20:0] at 18 that is stuck at constant 0.
W: Removed bmsWIDEDFFRSE inst axi_sdramCtrl/ctrl/chip_backupIn_fifo/fifo/logic_ram[1][20:0] at 16 that is stuck at constant 0.
W: Removed bmsWIDEDFFRSE inst axi_sdramCtrl/ctrl/chip_backupIn_fifo/fifo/logic_ram[1][20:0] at 17 that is stuck at constant 0.
W: Removed bmsWIDEDFFRSE inst axi_sdramCtrl/ctrl/chip_backupIn_fifo/fifo/logic_ram[1][20:0] at 18 that is stuck at constant 0.
I: Removed bmsWIDEDFFRSE inst axi_core_cpu/_zz_IBusCachedPlugin_iBusRsp_stages_1_output_m2sPipe_payload[31:0] that is redundant to axi_core_cpu/IBusCachedPlugin_cache/decodeStage_mmuRsp_physicalAddress[31:0]
I: Removed bmsWIDEINV inst axi_sdramCtrl/N80 that is redundant to axi_ram/N65
I: Removed bmsWIDEDFFRSE inst axi_core_cpu/execute_to_memory_MEMORY_WR that is redundant to axi_core_cpu/dataCache_1/stageA_request_wr
I: Removed bmsWIDEDFFRSE inst axi_core_cpu/memory_to_writeBack_MEMORY_WR that is redundant to axi_core_cpu/dataCache_1/stageB_request_wr
W: Public-4008: Instance 'axi_ram/unburstify_buffer_len[7:0]' of 'bmsWIDEDFFRSE' unit is dangling and will be cleaned.
W: Public-4008: Instance 'axi_sdramCtrl/unburstify_buffer_len[7:0]' of 'bmsWIDEDFFRSE' unit is dangling and will be cleaned.
W: Removed bmsWIDEDFFRSE inst axi_core_cpu/CsrPlugin_exceptionPortCtrl_exceptionContext_code[3:0] at 3 that is stuck at constant 0.
I: Removed bmsWIDEDFFRSE inst axi_ram/ram_symbol1_decode_areg that is redundant to axi_ram/ram_symbol0_decode_areg
I: Removed bmsWIDEDFFRSE inst axi_ram/ram_symbol2_decode_areg that is redundant to axi_ram/ram_symbol0_decode_areg
I: Removed bmsWIDEDFFRSE inst axi_ram/ram_symbol3_decode_areg that is redundant to axi_ram/ram_symbol0_decode_areg
W: Unable to pack axi_core_cpu/N490 with axi_core_cpu/memory_to_writeBack_MUL_HH[33:0] to APM due to incompatible signed/unsigned extension
Executing : mod-gen successfully. Time elapsed: 1.764s wall, 1.750s user + 0.000s system = 1.750s CPU (99.2%)

Start logic-optimization.
W: Public-4008: Instance 'axi_core_cpu/CsrPlugin_interrupt_code_0' of 'bmsWIDEDFFRSE' unit is dangling and will be cleaned.
W: Removed bmsWIDEDFFCPE inst axi_apbBridge_io_axi_arbiter/cmdArbiter/maskLocked_0 that is stuck at constant 1.
W: Public-4008: Instance 'axi_apbBridge_io_axi_arbiter/cmdArbiter/locked' of 'bmsWIDEDFFCPE' unit is dangling and will be cleaned.
Executing : logic-optimization successfully. Time elapsed: 2.700s wall, 2.484s user + 0.203s system = 2.688s CPU (99.5%)

Start tech-mapping phase 1.
W: Public-4008: Instance 'axi_sdramCtrl/ctrl/chip_backupIn_fifo/fifo/logic_ram[0][16]' of 'bmsWIDEDFFRSE' unit is dangling and will be cleaned.
W: Public-4008: Instance 'axi_sdramCtrl/ctrl/chip_backupIn_fifo/fifo/logic_ram[0][17]' of 'bmsWIDEDFFRSE' unit is dangling and will be cleaned.
W: Public-4008: Instance 'axi_sdramCtrl/ctrl/chip_backupIn_fifo/fifo/logic_ram[0][18]' of 'bmsWIDEDFFRSE' unit is dangling and will be cleaned.
W: Public-4008: Instance 'axi_sdramCtrl/ctrl/chip_backupIn_fifo/fifo/logic_ram[1][16]' of 'bmsWIDEDFFRSE' unit is dangling and will be cleaned.
W: Public-4008: Instance 'axi_sdramCtrl/ctrl/chip_backupIn_fifo/fifo/logic_ram[1][17]' of 'bmsWIDEDFFRSE' unit is dangling and will be cleaned.
W: Public-4008: Instance 'axi_sdramCtrl/ctrl/chip_backupIn_fifo/fifo/logic_ram[1][18]' of 'bmsWIDEDFFRSE' unit is dangling and will be cleaned.
W: Public-4008: Instance 'toplevel_axi_apbBridge_io_axi_arbiter_io_output_arw_rData_addr[8]' of 'bmsWIDEDFFRSE' unit is dangling and will be cleaned.
W: Public-4008: Instance 'toplevel_axi_apbBridge_io_axi_arbiter_io_output_arw_rData_addr[9]' of 'bmsWIDEDFFRSE' unit is dangling and will be cleaned.
W: Public-4008: Instance 'toplevel_axi_apbBridge_io_axi_arbiter_io_output_arw_rData_addr[10]' of 'bmsWIDEDFFRSE' unit is dangling and will be cleaned.
W: Public-4008: Instance 'toplevel_axi_apbBridge_io_axi_arbiter_io_output_arw_rData_addr[11]' of 'bmsWIDEDFFRSE' unit is dangling and will be cleaned.
W: Public-4008: Instance 'toplevel_axi_ram_io_axi_arbiter_io_output_arw_rData_addr[0]' of 'bmsWIDEDFFRSE' unit is dangling and will be cleaned.
W: Public-4008: Instance 'toplevel_axi_ram_io_axi_arbiter_io_output_arw_rData_addr[1]' of 'bmsWIDEDFFRSE' unit is dangling and will be cleaned.
W: Public-4008: Instance 'toplevel_axi_ram_io_axi_arbiter_io_output_arw_rData_id[0]' of 'bmsWIDEDFFRSE' unit is dangling and will be cleaned.
W: Public-4008: Instance 'toplevel_axi_ram_io_axi_arbiter_io_output_arw_rData_id[1]' of 'bmsWIDEDFFRSE' unit is dangling and will be cleaned.
W: Public-4008: Instance 'toplevel_axi_ram_io_axi_arbiter_io_output_arw_rData_id[2]' of 'bmsWIDEDFFRSE' unit is dangling and will be cleaned.
W: Public-4008: Instance 'toplevel_axi_ram_io_axi_arbiter_io_output_arw_rData_len[1]' of 'bmsWIDEDFFRSE' unit is dangling and will be cleaned.
W: Public-4008: Instance 'toplevel_axi_ram_io_axi_arbiter_io_output_arw_rData_len[2]' of 'bmsWIDEDFFRSE' unit is dangling and will be cleaned.
W: Public-4008: Instance 'toplevel_axi_ram_io_axi_arbiter_io_output_arw_rData_len[3]' of 'bmsWIDEDFFRSE' unit is dangling and will be cleaned.
W: Public-4008: Instance 'toplevel_axi_ram_io_axi_arbiter_io_output_arw_rData_len[4]' of 'bmsWIDEDFFRSE' unit is dangling and will be cleaned.
W: Public-4008: Instance 'toplevel_axi_ram_io_axi_arbiter_io_output_arw_rData_len[5]' of 'bmsWIDEDFFRSE' unit is dangling and will be cleaned.
W: Public-4008: Instance 'toplevel_axi_ram_io_axi_arbiter_io_output_arw_rData_len[6]' of 'bmsWIDEDFFRSE' unit is dangling and will be cleaned.
W: Public-4008: Instance 'toplevel_axi_ram_io_axi_arbiter_io_output_arw_rData_len[7]' of 'bmsWIDEDFFRSE' unit is dangling and will be cleaned.
W: Public-4008: Instance 'toplevel_axi_sdramCtrl_io_axi_arbiter_io_output_arw_rData_addr[0]' of 'bmsWIDEDFFRSE' unit is dangling and will be cleaned.
W: Public-4008: Instance 'toplevel_axi_sdramCtrl_io_axi_arbiter_io_output_arw_rData_addr[1]' of 'bmsWIDEDFFRSE' unit is dangling and will be cleaned.
W: Public-4008: Instance 'toplevel_axi_sdramCtrl_io_axi_arbiter_io_output_arw_rData_id[0]' of 'bmsWIDEDFFRSE' unit is dangling and will be cleaned.
W: Public-4008: Instance 'toplevel_axi_sdramCtrl_io_axi_arbiter_io_output_arw_rData_id[1]' of 'bmsWIDEDFFRSE' unit is dangling and will be cleaned.
W: Public-4008: Instance 'toplevel_axi_sdramCtrl_io_axi_arbiter_io_output_arw_rData_id[2]' of 'bmsWIDEDFFRSE' unit is dangling and will be cleaned.
W: Public-4008: Instance 'toplevel_axi_sdramCtrl_io_axi_arbiter_io_output_arw_rData_len[1]' of 'bmsWIDEDFFRSE' unit is dangling and will be cleaned.
W: Public-4008: Instance 'toplevel_axi_sdramCtrl_io_axi_arbiter_io_output_arw_rData_len[2]' of 'bmsWIDEDFFRSE' unit is dangling and will be cleaned.
W: Public-4008: Instance 'toplevel_axi_sdramCtrl_io_axi_arbiter_io_output_arw_rData_len[3]' of 'bmsWIDEDFFRSE' unit is dangling and will be cleaned.
W: Public-4008: Instance 'toplevel_axi_sdramCtrl_io_axi_arbiter_io_output_arw_rData_len[4]' of 'bmsWIDEDFFRSE' unit is dangling and will be cleaned.
W: Public-4008: Instance 'toplevel_axi_sdramCtrl_io_axi_arbiter_io_output_arw_rData_len[5]' of 'bmsWIDEDFFRSE' unit is dangling and will be cleaned.
W: Public-4008: Instance 'toplevel_axi_sdramCtrl_io_axi_arbiter_io_output_arw_rData_len[6]' of 'bmsWIDEDFFRSE' unit is dangling and will be cleaned.
W: Public-4008: Instance 'toplevel_axi_sdramCtrl_io_axi_arbiter_io_output_arw_rData_len[7]' of 'bmsWIDEDFFRSE' unit is dangling and will be cleaned.
W: Public-4008: Instance 'axi_core_cpu/CsrPlugin_exceptionPortCtrl_exceptionContext_code[3]' of 'bmsWIDEDFFRSE' unit is dangling and will be cleaned.
W: Public-4008: Instance 'axi_core_cpu/CsrPlugin_mstatus_MPP[1]' of 'bmsWIDEDFFCPE' unit is dangling and will be cleaned.
W: Public-4008: Instance 'axi_core_cpu/execute_to_memory_BRANCH_CALC[0]' of 'bmsWIDEDFFRSE' unit is dangling and will be cleaned.
W: Public-4008: Instance 'axi_core_cpu/decode_to_execute_INSTRUCTION[0]' of 'bmsWIDEDFFRSE' unit is dangling and will be cleaned.
W: Public-4008: Instance 'axi_core_cpu/decode_to_execute_INSTRUCTION[1]' of 'bmsWIDEDFFRSE' unit is dangling and will be cleaned.
W: Public-4008: Instance 'axi_core_cpu/decode_to_execute_INSTRUCTION[2]' of 'bmsWIDEDFFRSE' unit is dangling and will be cleaned.
W: Public-4008: Instance 'axi_core_cpu/decode_to_execute_INSTRUCTION[3]' of 'bmsWIDEDFFRSE' unit is dangling and will be cleaned.
W: Public-4008: Instance 'axi_core_cpu/decode_to_execute_INSTRUCTION[4]' of 'bmsWIDEDFFRSE' unit is dangling and will be cleaned.
W: Public-4008: Instance 'axi_core_cpu/decode_to_execute_INSTRUCTION[5]' of 'bmsWIDEDFFRSE' unit is dangling and will be cleaned.
W: Public-4008: Instance 'axi_core_cpu/decode_to_execute_INSTRUCTION[6]' of 'bmsWIDEDFFRSE' unit is dangling and will be cleaned.
W: Public-4008: Instance 'axi_core_cpu/execute_to_memory_INSTRUCTION[0]' of 'bmsWIDEDFFRSE' unit is dangling and will be cleaned.
W: Public-4008: Instance 'axi_core_cpu/execute_to_memory_INSTRUCTION[1]' of 'bmsWIDEDFFRSE' unit is dangling and will be cleaned.
W: Public-4008: Instance 'axi_core_cpu/execute_to_memory_INSTRUCTION[2]' of 'bmsWIDEDFFRSE' unit is dangling and will be cleaned.
W: Public-4008: Instance 'axi_core_cpu/execute_to_memory_INSTRUCTION[3]' of 'bmsWIDEDFFRSE' unit is dangling and will be cleaned.
W: Public-4008: Instance 'axi_core_cpu/execute_to_memory_INSTRUCTION[4]' of 'bmsWIDEDFFRSE' unit is dangling and will be cleaned.
W: Public-4008: Instance 'axi_core_cpu/execute_to_memory_INSTRUCTION[5]' of 'bmsWIDEDFFRSE' unit is dangling and will be cleaned.
W: Public-4008: Instance 'axi_core_cpu/execute_to_memory_INSTRUCTION[6]' of 'bmsWIDEDFFRSE' unit is dangling and will be cleaned.
W: Public-4008: Instance 'axi_core_cpu/execute_to_memory_INSTRUCTION[15]' of 'bmsWIDEDFFRSE' unit is dangling and will be cleaned.
W: Public-4008: Instance 'axi_core_cpu/execute_to_memory_INSTRUCTION[16]' of 'bmsWIDEDFFRSE' unit is dangling and will be cleaned.
W: Public-4008: Instance 'axi_core_cpu/execute_to_memory_INSTRUCTION[17]' of 'bmsWIDEDFFRSE' unit is dangling and will be cleaned.
W: Public-4008: Instance 'axi_core_cpu/execute_to_memory_INSTRUCTION[18]' of 'bmsWIDEDFFRSE' unit is dangling and will be cleaned.
W: Public-4008: Instance 'axi_core_cpu/execute_to_memory_INSTRUCTION[19]' of 'bmsWIDEDFFRSE' unit is dangling and will be cleaned.
W: Public-4008: Instance 'axi_core_cpu/execute_to_memory_INSTRUCTION[20]' of 'bmsWIDEDFFRSE' unit is dangling and will be cleaned.
W: Public-4008: Instance 'axi_core_cpu/execute_to_memory_INSTRUCTION[21]' of 'bmsWIDEDFFRSE' unit is dangling and will be cleaned.
W: Public-4008: Instance 'axi_core_cpu/execute_to_memory_INSTRUCTION[22]' of 'bmsWIDEDFFRSE' unit is dangling and will be cleaned.
W: Public-4008: Instance 'axi_core_cpu/execute_to_memory_INSTRUCTION[23]' of 'bmsWIDEDFFRSE' unit is dangling and will be cleaned.
W: Public-4008: Instance 'axi_core_cpu/execute_to_memory_INSTRUCTION[24]' of 'bmsWIDEDFFRSE' unit is dangling and will be cleaned.
W: Public-4008: Instance 'axi_core_cpu/execute_to_memory_INSTRUCTION[25]' of 'bmsWIDEDFFRSE' unit is dangling and will be cleaned.
W: Public-4008: Instance 'axi_core_cpu/execute_to_memory_INSTRUCTION[26]' of 'bmsWIDEDFFRSE' unit is dangling and will be cleaned.
W: Public-4008: Instance 'axi_core_cpu/execute_to_memory_INSTRUCTION[27]' of 'bmsWIDEDFFRSE' unit is dangling and will be cleaned.
W: Public-4008: Instance 'axi_core_cpu/execute_to_memory_INSTRUCTION[30]' of 'bmsWIDEDFFRSE' unit is dangling and will be cleaned.
W: Public-4008: Instance 'axi_core_cpu/execute_to_memory_INSTRUCTION[31]' of 'bmsWIDEDFFRSE' unit is dangling and will be cleaned.
W: Public-4008: Instance 'axi_core_cpu/memory_to_writeBack_INSTRUCTION[0]' of 'bmsWIDEDFFRSE' unit is dangling and will be cleaned.
W: Public-4008: Instance 'axi_core_cpu/memory_to_writeBack_INSTRUCTION[1]' of 'bmsWIDEDFFRSE' unit is dangling and will be cleaned.
W: Public-4008: Instance 'axi_core_cpu/memory_to_writeBack_INSTRUCTION[2]' of 'bmsWIDEDFFRSE' unit is dangling and will be cleaned.
W: Public-4008: Instance 'axi_core_cpu/memory_to_writeBack_INSTRUCTION[3]' of 'bmsWIDEDFFRSE' unit is dangling and will be cleaned.
W: Public-4008: Instance 'axi_core_cpu/memory_to_writeBack_INSTRUCTION[4]' of 'bmsWIDEDFFRSE' unit is dangling and will be cleaned.
W: Public-4008: Instance 'axi_core_cpu/memory_to_writeBack_INSTRUCTION[5]' of 'bmsWIDEDFFRSE' unit is dangling and will be cleaned.
W: Public-4008: Instance 'axi_core_cpu/memory_to_writeBack_INSTRUCTION[6]' of 'bmsWIDEDFFRSE' unit is dangling and will be cleaned.
W: Public-4008: Instance 'axi_core_cpu/memory_to_writeBack_INSTRUCTION[15]' of 'bmsWIDEDFFRSE' unit is dangling and will be cleaned.
W: Public-4008: Instance 'axi_core_cpu/memory_to_writeBack_INSTRUCTION[16]' of 'bmsWIDEDFFRSE' unit is dangling and will be cleaned.
W: Public-4008: Instance 'axi_core_cpu/memory_to_writeBack_INSTRUCTION[17]' of 'bmsWIDEDFFRSE' unit is dangling and will be cleaned.
W: Public-4008: Instance 'axi_core_cpu/memory_to_writeBack_INSTRUCTION[18]' of 'bmsWIDEDFFRSE' unit is dangling and will be cleaned.
W: Public-4008: Instance 'axi_core_cpu/memory_to_writeBack_INSTRUCTION[19]' of 'bmsWIDEDFFRSE' unit is dangling and will be cleaned.
W: Public-4008: Instance 'axi_core_cpu/memory_to_writeBack_INSTRUCTION[20]' of 'bmsWIDEDFFRSE' unit is dangling and will be cleaned.
W: Public-4008: Instance 'axi_core_cpu/memory_to_writeBack_INSTRUCTION[21]' of 'bmsWIDEDFFRSE' unit is dangling and will be cleaned.
W: Public-4008: Instance 'axi_core_cpu/memory_to_writeBack_INSTRUCTION[22]' of 'bmsWIDEDFFRSE' unit is dangling and will be cleaned.
W: Public-4008: Instance 'axi_core_cpu/memory_to_writeBack_INSTRUCTION[23]' of 'bmsWIDEDFFRSE' unit is dangling and will be cleaned.
W: Public-4008: Instance 'axi_core_cpu/memory_to_writeBack_INSTRUCTION[24]' of 'bmsWIDEDFFRSE' unit is dangling and will be cleaned.
W: Public-4008: Instance 'axi_core_cpu/memory_to_writeBack_INSTRUCTION[25]' of 'bmsWIDEDFFRSE' unit is dangling and will be cleaned.
W: Public-4008: Instance 'axi_core_cpu/memory_to_writeBack_INSTRUCTION[26]' of 'bmsWIDEDFFRSE' unit is dangling and will be cleaned.
W: Public-4008: Instance 'axi_core_cpu/memory_to_writeBack_INSTRUCTION[27]' of 'bmsWIDEDFFRSE' unit is dangling and will be cleaned.
W: Public-4008: Instance 'axi_core_cpu/memory_to_writeBack_INSTRUCTION[30]' of 'bmsWIDEDFFRSE' unit is dangling and will be cleaned.
W: Public-4008: Instance 'axi_core_cpu/memory_to_writeBack_INSTRUCTION[31]' of 'bmsWIDEDFFRSE' unit is dangling and will be cleaned.
W: Public-4008: Instance 'axi_ram/unburstify_buffer_transaction_addr[0]' of 'bmsWIDEDFFRSE' unit is dangling and will be cleaned.
W: Public-4008: Instance 'axi_ram/unburstify_buffer_transaction_addr[1]' of 'bmsWIDEDFFRSE' unit is dangling and will be cleaned.
W: Public-4008: Instance 'axi_ram/unburstify_buffer_transaction_id[0]' of 'bmsWIDEDFFRSE' unit is dangling and will be cleaned.
W: Public-4008: Instance 'axi_ram/unburstify_buffer_transaction_id[1]' of 'bmsWIDEDFFRSE' unit is dangling and will be cleaned.
W: Public-4008: Instance 'axi_ram/unburstify_buffer_transaction_id[2]' of 'bmsWIDEDFFRSE' unit is dangling and will be cleaned.
W: Public-4008: Instance 'axi_ram/stage0_rData_fragment_id[0]' of 'bmsWIDEDFFRSE' unit is dangling and will be cleaned.
W: Public-4008: Instance 'axi_ram/stage0_rData_fragment_id[1]' of 'bmsWIDEDFFRSE' unit is dangling and will be cleaned.
W: Public-4008: Instance 'axi_ram/stage0_rData_fragment_id[2]' of 'bmsWIDEDFFRSE' unit is dangling and will be cleaned.
W: Public-4008: Instance 'systemDebugger_1/dispatcher_dataShifter[0]' of 'bmsWIDEDFFRSE' unit is dangling and will be cleaned.
W: Public-4008: Instance 'systemDebugger_1/dispatcher_dataShifter[1]' of 'bmsWIDEDFFRSE' unit is dangling and will be cleaned.
W: Public-4008: Instance 'axi_sdramCtrl/unburstify_buffer_transaction_id[0]' of 'bmsWIDEDFFRSE' unit is dangling and will be cleaned.
W: Public-4008: Instance 'axi_sdramCtrl/unburstify_buffer_transaction_id[1]' of 'bmsWIDEDFFRSE' unit is dangling and will be cleaned.
W: Public-4008: Instance 'axi_sdramCtrl/unburstify_buffer_transaction_id[2]' of 'bmsWIDEDFFRSE' unit is dangling and will be cleaned.
W: Public-4008: Instance 'axi_sdramCtrl/unburstify_buffer_transaction_addr[0]' of 'bmsWIDEDFFRSE' unit is dangling and will be cleaned.
W: Public-4008: Instance 'axi_sdramCtrl/unburstify_buffer_transaction_addr[1]' of 'bmsWIDEDFFRSE' unit is dangling and will be cleaned.
W: Public-4008: Instance 'axi_sdramCtrl/ctrl/chip_cmd_payload_context_delay_1_id[0]' of 'bmsWIDEDFFRSE' unit is dangling and will be cleaned.
W: Public-4008: Instance 'axi_sdramCtrl/ctrl/chip_cmd_payload_context_delay_1_id[1]' of 'bmsWIDEDFFRSE' unit is dangling and will be cleaned.
W: Public-4008: Instance 'axi_sdramCtrl/ctrl/chip_cmd_payload_context_delay_1_id[2]' of 'bmsWIDEDFFRSE' unit is dangling and will be cleaned.
W: Public-4008: Instance 'axi_sdramCtrl/ctrl/chip_cmd_payload_context_delay_2_id[0]' of 'bmsWIDEDFFRSE' unit is dangling and will be cleaned.
W: Public-4008: Instance 'axi_sdramCtrl/ctrl/chip_cmd_payload_context_delay_2_id[1]' of 'bmsWIDEDFFRSE' unit is dangling and will be cleaned.
W: Public-4008: Instance 'axi_sdramCtrl/ctrl/chip_cmd_payload_context_delay_2_id[2]' of 'bmsWIDEDFFRSE' unit is dangling and will be cleaned.
W: Public-4008: Instance 'axi_sdramCtrl/ctrl/chip_cmd_payload_context_delay_3_id[0]' of 'bmsWIDEDFFRSE' unit is dangling and will be cleaned.
W: Public-4008: Instance 'axi_sdramCtrl/ctrl/chip_cmd_payload_context_delay_3_id[1]' of 'bmsWIDEDFFRSE' unit is dangling and will be cleaned.
W: Public-4008: Instance 'axi_sdramCtrl/ctrl/chip_cmd_payload_context_delay_3_id[2]' of 'bmsWIDEDFFRSE' unit is dangling and will be cleaned.
W: Public-4008: Instance 'axi_sdramCtrl/ctrl/chip_cmd_payload_context_delay_4_id[0]' of 'bmsWIDEDFFRSE' unit is dangling and will be cleaned.
W: Public-4008: Instance 'axi_sdramCtrl/ctrl/chip_cmd_payload_context_delay_4_id[1]' of 'bmsWIDEDFFRSE' unit is dangling and will be cleaned.
W: Public-4008: Instance 'axi_sdramCtrl/ctrl/chip_cmd_payload_context_delay_4_id[2]' of 'bmsWIDEDFFRSE' unit is dangling and will be cleaned.
W: Public-4008: Instance 'axi_sdramCtrl/ctrl/chip_contextDelayed_id[0]' of 'bmsWIDEDFFRSE' unit is dangling and will be cleaned.
W: Public-4008: Instance 'axi_sdramCtrl/ctrl/chip_contextDelayed_id[1]' of 'bmsWIDEDFFRSE' unit is dangling and will be cleaned.
W: Public-4008: Instance 'axi_sdramCtrl/ctrl/chip_contextDelayed_id[2]' of 'bmsWIDEDFFRSE' unit is dangling and will be cleaned.
W: Public-4008: Instance 'axi_sdramCtrl/ctrl/chip_sdram_DQ_writeEnable[1]' of 'bmsWIDEDFFRSE' unit is dangling and will be cleaned.
W: Public-4008: Instance 'axi_sdramCtrl/ctrl/chip_sdram_DQ_writeEnable[2]' of 'bmsWIDEDFFRSE' unit is dangling and will be cleaned.
W: Public-4008: Instance 'axi_sdramCtrl/ctrl/chip_sdram_DQ_writeEnable[3]' of 'bmsWIDEDFFRSE' unit is dangling and will be cleaned.
W: Public-4008: Instance 'axi_sdramCtrl/ctrl/chip_sdram_DQ_writeEnable[4]' of 'bmsWIDEDFFRSE' unit is dangling and will be cleaned.
W: Public-4008: Instance 'axi_sdramCtrl/ctrl/chip_sdram_DQ_writeEnable[5]' of 'bmsWIDEDFFRSE' unit is dangling and will be cleaned.
W: Public-4008: Instance 'axi_sdramCtrl/ctrl/chip_sdram_DQ_writeEnable[6]' of 'bmsWIDEDFFRSE' unit is dangling and will be cleaned.
W: Public-4008: Instance 'axi_sdramCtrl/ctrl/chip_sdram_DQ_writeEnable[7]' of 'bmsWIDEDFFRSE' unit is dangling and will be cleaned.
W: Public-4008: Instance 'axi_sdramCtrl/ctrl/chip_sdram_DQ_writeEnable[8]' of 'bmsWIDEDFFRSE' unit is dangling and will be cleaned.
W: Public-4008: Instance 'axi_sdramCtrl/ctrl/chip_sdram_DQ_writeEnable[9]' of 'bmsWIDEDFFRSE' unit is dangling and will be cleaned.
W: Public-4008: Instance 'axi_sdramCtrl/ctrl/chip_sdram_DQ_writeEnable[10]' of 'bmsWIDEDFFRSE' unit is dangling and will be cleaned.
W: Public-4008: Instance 'axi_sdramCtrl/ctrl/chip_sdram_DQ_writeEnable[11]' of 'bmsWIDEDFFRSE' unit is dangling and will be cleaned.
W: Public-4008: Instance 'axi_sdramCtrl/ctrl/chip_sdram_DQ_writeEnable[12]' of 'bmsWIDEDFFRSE' unit is dangling and will be cleaned.
W: Public-4008: Instance 'axi_sdramCtrl/ctrl/chip_sdram_DQ_writeEnable[13]' of 'bmsWIDEDFFRSE' unit is dangling and will be cleaned.
W: Public-4008: Instance 'axi_sdramCtrl/ctrl/chip_sdram_DQ_writeEnable[14]' of 'bmsWIDEDFFRSE' unit is dangling and will be cleaned.
W: Public-4008: Instance 'axi_sdramCtrl/ctrl/chip_sdram_DQ_writeEnable[15]' of 'bmsWIDEDFFRSE' unit is dangling and will be cleaned.
W: Public-4008: Instance 'axi_sdramCtrl/ctrl/frontend_rsp_rData_context_id[0]' of 'bmsWIDEDFFRSE' unit is dangling and will be cleaned.
W: Public-4008: Instance 'axi_sdramCtrl/ctrl/frontend_rsp_rData_context_id[1]' of 'bmsWIDEDFFRSE' unit is dangling and will be cleaned.
W: Public-4008: Instance 'axi_sdramCtrl/ctrl/frontend_rsp_rData_context_id[2]' of 'bmsWIDEDFFRSE' unit is dangling and will be cleaned.
W: Removed GTP_DFF_CE inst axi_core_cpu/IBusCachedPlugin_fetchPc_pcReg[0] that is stuck at constant 0.
W: Removed GTP_DFF_CE inst axi_core_cpu/IBusCachedPlugin_fetchPc_pcReg[1] that is stuck at constant 0.
W: Removed GTP_DFF_E inst axi_core_cpu/IBusCachedPlugin_cache/decodeStage_mmuRsp_physicalAddress[0] that is stuck at constant 0.
W: Removed GTP_DFF_E inst axi_core_cpu/IBusCachedPlugin_cache/decodeStage_mmuRsp_physicalAddress[1] that is stuck at constant 0.
W: Removed GTP_DFF_E inst axi_core_cpu/decode_to_execute_PC[0] that is stuck at constant 0.
W: Removed GTP_DFF_E inst axi_core_cpu/decode_to_execute_PC[1] that is stuck at constant 0.
W: Removed GTP_DFF_E inst axi_core_cpu/execute_to_memory_PC[0] that is stuck at constant 0.
W: Removed GTP_DFF_E inst axi_core_cpu/execute_to_memory_PC[1] that is stuck at constant 0.
W: Removed GTP_DFF_E inst axi_core_cpu/memory_to_writeBack_PC[0] that is stuck at constant 0.
W: Removed GTP_DFF_E inst axi_core_cpu/memory_to_writeBack_PC[1] that is stuck at constant 0.
I: Removed GTP_DFF_E inst axi_core_cpu/execute_to_memory_INSTRUCTION[12] that is redundant to axi_core_cpu/dataCache_1/stageA_request_size[0]
I: Removed GTP_DFF_E inst axi_core_cpu/execute_to_memory_INSTRUCTION[13] that is redundant to axi_core_cpu/dataCache_1/stageA_request_size[1]
I: Removed GTP_DFF_E inst axi_core_cpu/decode_to_execute_INSTRUCTION[12] that is redundant to axi_core_cpu/decode_to_execute_ALU_BITWISE_CTRL[1]
I: Removed GTP_DFF_E inst axi_core_cpu/memory_to_writeBack_INSTRUCTION[12] that is redundant to axi_core_cpu/dataCache_1/stageB_request_size[0]
I: Removed GTP_DFF_E inst axi_core_cpu/memory_to_writeBack_INSTRUCTION[13] that is redundant to axi_core_cpu/dataCache_1/stageB_request_size[1]
Executing : tech-mapping phase 1 successfully. Time elapsed: 0.320s wall, 0.312s user + 0.000s system = 0.312s CPU (97.8%)

Start tech-mapping phase 2.
I: Removed GTP_DFF_E inst axi_core_cpu/memory_DivPlugin_rs2[0] that is redundant to axi_core_cpu/execute_to_memory_MEMORY_STORE_DATA_RF[0]
Executing : tech-mapping phase 2 successfully. Time elapsed: 3.213s wall, 3.188s user + 0.031s system = 3.219s CPU (100.2%)

Start tech-optimization.
Executing : tech-optimization successfully. Time elapsed: 0.450s wall, 0.438s user + 0.016s system = 0.453s CPU (100.6%)

Start phys-optimization.
Executing : phys-optimization successfully. Time elapsed: 0.000s wall, 0.000s user + 0.000s system = 0.000s CPU (n/a%)

Start restore-hierarchy.
Executing : restore-hierarchy successfully. Time elapsed: 0.329s wall, 0.328s user + 0.000s system = 0.328s CPU (99.6%)

W: syn_maxfan of lutcarry N997_3_10 is more than 10000 on net dataCache_1_io_cpu_execute_address[9], but wasn't replicated.
W: syn_maxfan of lutcarry N997_3_9 is more than 10000 on net dataCache_1_io_cpu_execute_address[8], but wasn't replicated.
W: syn_maxfan of lutcarry N997_3_8 is more than 10000 on net dataCache_1_io_cpu_execute_address[7], but wasn't replicated.
W: syn_maxfan of lutcarry N997_3_7 is more than 10000 on net dataCache_1_io_cpu_execute_address[6], but wasn't replicated.
W: syn_maxfan of lutcarry N997_3_6 is more than 10000 on net dataCache_1_io_cpu_execute_address[5], but wasn't replicated.
W: syn_maxfan of lutcarry N997_3_5 is more than 10000 on net dataCache_1_io_cpu_execute_address[4], but wasn't replicated.
W: syn_maxfan of lutcarry N997_3_4 is more than 10000 on net dataCache_1_io_cpu_execute_address[3], but wasn't replicated.
W: syn_maxfan of lutcarry N997_3_3 is more than 10000 on net dataCache_1_io_cpu_execute_address[2], but wasn't replicated.
W: syn_maxfan of lutcarry N997_3_2 is more than 10000 on net dataCache_1_io_cpu_execute_address[1], but wasn't replicated.
W: syn_maxfan of lutcarry N997_3_1 is more than 10000 on net dataCache_1_io_cpu_execute_address[0], but wasn't replicated.
W: syn_maxfan of lutcarry N997_3_10 is more than 10000 on net dataCache_1_io_cpu_execute_address[9], but wasn't replicated.
W: syn_maxfan of lutcarry N997_3_9 is more than 10000 on net dataCache_1_io_cpu_execute_address[8], but wasn't replicated.
W: syn_maxfan of lutcarry N997_3_8 is more than 10000 on net dataCache_1_io_cpu_execute_address[7], but wasn't replicated.
W: syn_maxfan of lutcarry N997_3_7 is more than 10000 on net dataCache_1_io_cpu_execute_address[6], but wasn't replicated.
W: syn_maxfan of lutcarry N997_3_6 is more than 10000 on net dataCache_1_io_cpu_execute_address[5], but wasn't replicated.
W: syn_maxfan of lutcarry N997_3_5 is more than 10000 on net dataCache_1_io_cpu_execute_address[4], but wasn't replicated.
W: syn_maxfan of lutcarry N997_3_4 is more than 10000 on net dataCache_1_io_cpu_execute_address[3], but wasn't replicated.
W: syn_maxfan of lutcarry N997_3_3 is more than 10000 on net dataCache_1_io_cpu_execute_address[2], but wasn't replicated.
W: syn_maxfan of lutcarry N997_3_2 is more than 10000 on net dataCache_1_io_cpu_execute_address[1], but wasn't replicated.
W: syn_maxfan of lutcarry N997_3_1 is more than 10000 on net dataCache_1_io_cpu_execute_address[0], but wasn't replicated.
W: syn_maxfan of lutcarry N82_1_9 is more than 10000 on net Axi4Incr_baseIncr[11], but wasn't replicated.
W: syn_maxfan of lutcarry N82_1_8 is more than 10000 on net Axi4Incr_baseIncr[10], but wasn't replicated.
W: syn_maxfan of lutcarry N82_1_7 is more than 10000 on net Axi4Incr_baseIncr[9], but wasn't replicated.
W: syn_maxfan of lutcarry N82_1_6 is more than 10000 on net Axi4Incr_baseIncr[8], but wasn't replicated.
W: syn_maxfan of lutcarry N82_1_5 is more than 10000 on net Axi4Incr_baseIncr[7], but wasn't replicated.
W: syn_maxfan of lutcarry N82_1_4 is more than 10000 on net Axi4Incr_baseIncr[6], but wasn't replicated.
W: syn_maxfan of lutcarry N82_1_3 is more than 10000 on net Axi4Incr_baseIncr[5], but wasn't replicated.
W: syn_maxfan of lutcarry N82_1_2 is more than 10000 on net Axi4Incr_baseIncr[4], but wasn't replicated.
W: syn_maxfan of lutcarry N82_1_1 is more than 10000 on net Axi4Incr_baseIncr[3], but wasn't replicated.
W: syn_maxfan of lutcarry N82_1_9 is more than 10000 on net Axi4Incr_baseIncr[11], but wasn't replicated.
W: syn_maxfan of lutcarry N82_1_8 is more than 10000 on net Axi4Incr_baseIncr[10], but wasn't replicated.
W: syn_maxfan of lutcarry N82_1_7 is more than 10000 on net Axi4Incr_baseIncr[9], but wasn't replicated.
W: syn_maxfan of lutcarry N82_1_6 is more than 10000 on net Axi4Incr_baseIncr[8], but wasn't replicated.
W: syn_maxfan of lutcarry N82_1_5 is more than 10000 on net Axi4Incr_baseIncr[7], but wasn't replicated.
W: syn_maxfan of lutcarry N82_1_4 is more than 10000 on net Axi4Incr_baseIncr[6], but wasn't replicated.
W: syn_maxfan of lutcarry N82_1_3 is more than 10000 on net Axi4Incr_baseIncr[5], but wasn't replicated.
W: syn_maxfan of lutcarry N82_1_2 is more than 10000 on net Axi4Incr_baseIncr[4], but wasn't replicated.
W: syn_maxfan of lutcarry N82_1_1 is more than 10000 on net Axi4Incr_baseIncr[3], but wasn't replicated.
W: Public-4008: Instance 'lineLoader_address[0]' of 'GTP_DFF' unit is dangling and will be cleaned.
W: Public-4008: Instance 'lineLoader_address[1]' of 'GTP_DFF' unit is dangling and will be cleaned.
W: Public-4008: Instance 'lineLoader_address[2]' of 'GTP_DFF' unit is dangling and will be cleaned.
W: Public-4008: Instance 'lineLoader_address[3]' of 'GTP_DFF' unit is dangling and will be cleaned.
W: Public-4008: Instance 'lineLoader_address[4]' of 'GTP_DFF' unit is dangling and will be cleaned.

Cell Usage:
GTP_APM_E1                    4 uses
GTP_DFF                     306 uses
GTP_DFF_C                   146 uses
GTP_DFF_CE                  275 uses
GTP_DFF_E                  1904 uses
GTP_DFF_P                    18 uses
GTP_DFF_PE                   12 uses
GTP_DFF_R                    29 uses
GTP_DFF_RE                  148 uses
GTP_DFF_S                     4 uses
GTP_DFF_SE                   15 uses
GTP_DRM18K                  128 uses
GTP_DRM9K                     9 uses
GTP_GRS                       1 use
GTP_INV                      10 uses
GTP_LUT1                     21 uses
GTP_LUT2                    172 uses
GTP_LUT3                    469 uses
GTP_LUT4                    480 uses
GTP_LUT5                    857 uses
GTP_LUT5CARRY               688 uses
GTP_LUT5M                   568 uses
GTP_MUX2LUT6                 76 uses
GTP_MUX2LUT7                 12 uses
GTP_RAM16X1DP                16 uses

I/O ports: 273
GTP_INBUF                  89 uses
GTP_OUTBUF                184 uses

Mapping Summary:
Total LUTs: 3271 of 42800 (7.64%)
	LUTs as dram: 16 of 17000 (0.09%)
	LUTs as logic: 3255
Total Registers: 2857 of 64200 (4.45%)
Total Latches: 0

DRM18K:
Total DRM18K = 132.5 of 134 (98.88%)

APMs:
Total APMs = 4.00 of 84 (4.76%)

Total I/O ports = 273 of 296 (92.23%)


Overview of Control Sets:

Number of unique control sets : 137

Histogram:
**************************************************************
  Fanout      | Count    | Sync Set/Reset    Async Set/Reset
--------------------------------------------------------------
  [0, 2)      | 3        | 3                 0
  [2, 4)      | 37       | 9                 28
  [4, 6)      | 21       | 5                 16
  [6, 8)      | 7        | 5                 2
  [8, 10)     | 7        | 7                 0
  [10, 12)    | 1        | 0                 1
  [12, 14)    | 6        | 5                 1
  [14, 16)    | 0        | 0                 0
  [16, Inf)   | 55       | 50                5
--------------------------------------------------------------
  The maximum fanout: 302
==============================================================

Flip-Flop Distribution:
************************************************************************
  Clock Enable    Sync Set/Reset    Async Set/Reset    Total Registers
------------------------------------------------------------------------
  NO              NO                NO                 306
  NO              NO                YES                164
  NO              YES               NO                 33
  YES             NO                NO                 1904
  YES             NO                YES                287
  YES             YES               NO                 163
========================================================================

Latch Distribution:
************************************************
  Gate Enable    Preset/Clear    Total Latches
************************************************
  NO             NO              0
  NO             YES             0
  YES            NO              0
  YES            YES             0
************************************************

Design 'Briey' has been successfully synthesized to architecture-specific objects.
Saving design to DB.
Saving design to Briey_syn.vm
Constructing timing graph ...
Timing graph has been constructed successfully
W: Timing-4087: Port 'io_gpioA_write[0]' is not constrained, it is treated as combinational output.
W: Timing-4087: Port 'io_gpioA_write[1]' is not constrained, it is treated as combinational output.
W: Timing-4087: Port 'io_gpioA_write[2]' is not constrained, it is treated as combinational output.
W: Timing-4087: Port 'io_gpioA_write[3]' is not constrained, it is treated as combinational output.
W: Timing-4087: Port 'io_gpioA_write[4]' is not constrained, it is treated as combinational output.
W: Timing-4087: Port 'io_gpioA_write[5]' is not constrained, it is treated as combinational output.
W: Timing-4087: Port 'io_gpioA_write[6]' is not constrained, it is treated as combinational output.
W: Timing-4087: Port 'io_gpioA_write[7]' is not constrained, it is treated as combinational output.
W: Timing-4087: Port 'io_gpioA_write[8]' is not constrained, it is treated as combinational output.
W: Timing-4087: Port 'io_gpioA_write[9]' is not constrained, it is treated as combinational output.
W: Timing-4087: Port 'io_gpioA_write[10]' is not constrained, it is treated as combinational output.
W: Timing-4087: Port 'io_gpioA_write[11]' is not constrained, it is treated as combinational output.
W: Timing-4087: Port 'io_gpioA_write[12]' is not constrained, it is treated as combinational output.
W: Timing-4087: Port 'io_gpioA_write[13]' is not constrained, it is treated as combinational output.
W: Timing-4087: Port 'io_gpioA_write[14]' is not constrained, it is treated as combinational output.
W: Timing-4087: Port 'io_gpioA_write[15]' is not constrained, it is treated as combinational output.
W: Timing-4087: Port 'io_gpioA_write[16]' is not constrained, it is treated as combinational output.
W: Timing-4087: Port 'io_gpioA_write[17]' is not constrained, it is treated as combinational output.
W: Timing-4087: Port 'io_gpioA_write[18]' is not constrained, it is treated as combinational output.
W: Timing-4087: Port 'io_gpioA_write[19]' is not constrained, it is treated as combinational output.
W: Timing-4087: Port 'io_gpioA_write[20]' is not constrained, it is treated as combinational output.
W: Timing-4087: Port 'io_gpioA_write[21]' is not constrained, it is treated as combinational output.
W: Timing-4087: Port 'io_gpioA_write[22]' is not constrained, it is treated as combinational output.
W: Timing-4087: Port 'io_gpioA_write[23]' is not constrained, it is treated as combinational output.
W: Timing-4087: Port 'io_gpioA_write[24]' is not constrained, it is treated as combinational output.
W: Timing-4087: Port 'io_gpioA_write[25]' is not constrained, it is treated as combinational output.
W: Timing-4087: Port 'io_gpioA_write[26]' is not constrained, it is treated as combinational output.
W: Timing-4087: Port 'io_gpioA_write[27]' is not constrained, it is treated as combinational output.
W: Timing-4087: Port 'io_gpioA_write[28]' is not constrained, it is treated as combinational output.
W: Timing-4087: Port 'io_gpioA_write[29]' is not constrained, it is treated as combinational output.
W: Timing-4087: Port 'io_gpioA_write[30]' is not constrained, it is treated as combinational output.
W: Timing-4087: Port 'io_gpioA_write[31]' is not constrained, it is treated as combinational output.
W: Timing-4087: Port 'io_gpioA_writeEnable[0]' is not constrained, it is treated as combinational output.
W: Timing-4087: Port 'io_gpioA_writeEnable[1]' is not constrained, it is treated as combinational output.
W: Timing-4087: Port 'io_gpioA_writeEnable[2]' is not constrained, it is treated as combinational output.
W: Timing-4087: Port 'io_gpioA_writeEnable[3]' is not constrained, it is treated as combinational output.
W: Timing-4087: Port 'io_gpioA_writeEnable[4]' is not constrained, it is treated as combinational output.
W: Timing-4087: Port 'io_gpioA_writeEnable[5]' is not constrained, it is treated as combinational output.
W: Timing-4087: Port 'io_gpioA_writeEnable[6]' is not constrained, it is treated as combinational output.
W: Timing-4087: Port 'io_gpioA_writeEnable[7]' is not constrained, it is treated as combinational output.
W: Timing-4087: Port 'io_gpioA_writeEnable[8]' is not constrained, it is treated as combinational output.
W: Timing-4087: Port 'io_gpioA_writeEnable[9]' is not constrained, it is treated as combinational output.
W: Timing-4087: Port 'io_gpioA_writeEnable[10]' is not constrained, it is treated as combinational output.
W: Timing-4087: Port 'io_gpioA_writeEnable[11]' is not constrained, it is treated as combinational output.
W: Timing-4087: Port 'io_gpioA_writeEnable[12]' is not constrained, it is treated as combinational output.
W: Timing-4087: Port 'io_gpioA_writeEnable[13]' is not constrained, it is treated as combinational output.
W: Timing-4087: Port 'io_gpioA_writeEnable[14]' is not constrained, it is treated as combinational output.
W: Timing-4087: Port 'io_gpioA_writeEnable[15]' is not constrained, it is treated as combinational output.
W: Timing-4087: Port 'io_gpioA_writeEnable[16]' is not constrained, it is treated as combinational output.
W: Timing-4087: Port 'io_gpioA_writeEnable[17]' is not constrained, it is treated as combinational output.
W: Timing-4087: Port 'io_gpioA_writeEnable[18]' is not constrained, it is treated as combinational output.
W: Timing-4087: Port 'io_gpioA_writeEnable[19]' is not constrained, it is treated as combinational output.
W: Timing-4087: Port 'io_gpioA_writeEnable[20]' is not constrained, it is treated as combinational output.
W: Timing-4087: Port 'io_gpioA_writeEnable[21]' is not constrained, it is treated as combinational output.
W: Timing-4087: Port 'io_gpioA_writeEnable[22]' is not constrained, it is treated as combinational output.
W: Timing-4087: Port 'io_gpioA_writeEnable[23]' is not constrained, it is treated as combinational output.
W: Timing-4087: Port 'io_gpioA_writeEnable[24]' is not constrained, it is treated as combinational output.
W: Timing-4087: Port 'io_gpioA_writeEnable[25]' is not constrained, it is treated as combinational output.
W: Timing-4087: Port 'io_gpioA_writeEnable[26]' is not constrained, it is treated as combinational output.
W: Timing-4087: Port 'io_gpioA_writeEnable[27]' is not constrained, it is treated as combinational output.
W: Timing-4087: Port 'io_gpioA_writeEnable[28]' is not constrained, it is treated as combinational output.
W: Timing-4087: Port 'io_gpioA_writeEnable[29]' is not constrained, it is treated as combinational output.
W: Timing-4087: Port 'io_gpioA_writeEnable[30]' is not constrained, it is treated as combinational output.
W: Timing-4087: Port 'io_gpioA_writeEnable[31]' is not constrained, it is treated as combinational output.
W: Timing-4087: Port 'io_gpioB_write[0]' is not constrained, it is treated as combinational output.
W: Timing-4087: Port 'io_gpioB_write[1]' is not constrained, it is treated as combinational output.
W: Timing-4087: Port 'io_gpioB_write[2]' is not constrained, it is treated as combinational output.
W: Timing-4087: Port 'io_gpioB_write[3]' is not constrained, it is treated as combinational output.
W: Timing-4087: Port 'io_gpioB_write[4]' is not constrained, it is treated as combinational output.
W: Timing-4087: Port 'io_gpioB_write[5]' is not constrained, it is treated as combinational output.
W: Timing-4087: Port 'io_gpioB_write[6]' is not constrained, it is treated as combinational output.
W: Timing-4087: Port 'io_gpioB_write[7]' is not constrained, it is treated as combinational output.
W: Timing-4087: Port 'io_gpioB_write[8]' is not constrained, it is treated as combinational output.
W: Timing-4087: Port 'io_gpioB_write[9]' is not constrained, it is treated as combinational output.
W: Timing-4087: Port 'io_gpioB_write[10]' is not constrained, it is treated as combinational output.
W: Timing-4087: Port 'io_gpioB_write[11]' is not constrained, it is treated as combinational output.
W: Timing-4087: Port 'io_gpioB_write[12]' is not constrained, it is treated as combinational output.
W: Timing-4087: Port 'io_gpioB_write[13]' is not constrained, it is treated as combinational output.
W: Timing-4087: Port 'io_gpioB_write[14]' is not constrained, it is treated as combinational output.
W: Timing-4087: Port 'io_gpioB_write[15]' is not constrained, it is treated as combinational output.
W: Timing-4087: Port 'io_gpioB_write[16]' is not constrained, it is treated as combinational output.
W: Timing-4087: Port 'io_gpioB_write[17]' is not constrained, it is treated as combinational output.
W: Timing-4087: Port 'io_gpioB_write[18]' is not constrained, it is treated as combinational output.
W: Timing-4087: Port 'io_gpioB_write[19]' is not constrained, it is treated as combinational output.
W: Timing-4087: Port 'io_gpioB_write[20]' is not constrained, it is treated as combinational output.
W: Timing-4087: Port 'io_gpioB_write[21]' is not constrained, it is treated as combinational output.
W: Timing-4087: Port 'io_gpioB_write[22]' is not constrained, it is treated as combinational output.
W: Timing-4087: Port 'io_gpioB_write[23]' is not constrained, it is treated as combinational output.
W: Timing-4087: Port 'io_gpioB_write[24]' is not constrained, it is treated as combinational output.
W: Timing-4087: Port 'io_gpioB_write[25]' is not constrained, it is treated as combinational output.
W: Timing-4087: Port 'io_gpioB_write[26]' is not constrained, it is treated as combinational output.
W: Timing-4087: Port 'io_gpioB_write[27]' is not constrained, it is treated as combinational output.
W: Timing-4087: Port 'io_gpioB_write[28]' is not constrained, it is treated as combinational output.
W: Timing-4087: Port 'io_gpioB_write[29]' is not constrained, it is treated as combinational output.
W: Timing-4087: Port 'io_gpioB_write[30]' is not constrained, it is treated as combinational output.
W: Timing-4087: Port 'io_gpioB_write[31]' is not constrained, it is treated as combinational output.
W: Timing-4087: Port 'io_gpioB_writeEnable[0]' is not constrained, it is treated as combinational output.
W: Timing-4087: Port 'io_gpioB_writeEnable[1]' is not constrained, it is treated as combinational output.
W: Timing-4087: Port 'io_gpioB_writeEnable[2]' is not constrained, it is treated as combinational output.
W: Timing-4087: Port 'io_gpioB_writeEnable[3]' is not constrained, it is treated as combinational output.
W: Timing-4087: Port 'io_gpioB_writeEnable[4]' is not constrained, it is treated as combinational output.
W: Timing-4087: Port 'io_gpioB_writeEnable[5]' is not constrained, it is treated as combinational output.
W: Timing-4087: Port 'io_gpioB_writeEnable[6]' is not constrained, it is treated as combinational output.
W: Timing-4087: Port 'io_gpioB_writeEnable[7]' is not constrained, it is treated as combinational output.
W: Timing-4087: Port 'io_gpioB_writeEnable[8]' is not constrained, it is treated as combinational output.
W: Timing-4087: Port 'io_gpioB_writeEnable[9]' is not constrained, it is treated as combinational output.
W: Timing-4087: Port 'io_gpioB_writeEnable[10]' is not constrained, it is treated as combinational output.
W: Timing-4087: Port 'io_gpioB_writeEnable[11]' is not constrained, it is treated as combinational output.
W: Timing-4087: Port 'io_gpioB_writeEnable[12]' is not constrained, it is treated as combinational output.
W: Timing-4087: Port 'io_gpioB_writeEnable[13]' is not constrained, it is treated as combinational output.
W: Timing-4087: Port 'io_gpioB_writeEnable[14]' is not constrained, it is treated as combinational output.
W: Timing-4087: Port 'io_gpioB_writeEnable[15]' is not constrained, it is treated as combinational output.
W: Timing-4087: Port 'io_gpioB_writeEnable[16]' is not constrained, it is treated as combinational output.
W: Timing-4087: Port 'io_gpioB_writeEnable[17]' is not constrained, it is treated as combinational output.
W: Timing-4087: Port 'io_gpioB_writeEnable[18]' is not constrained, it is treated as combinational output.
W: Timing-4087: Port 'io_gpioB_writeEnable[19]' is not constrained, it is treated as combinational output.
W: Timing-4087: Port 'io_gpioB_writeEnable[20]' is not constrained, it is treated as combinational output.
W: Timing-4087: Port 'io_gpioB_writeEnable[21]' is not constrained, it is treated as combinational output.
W: Timing-4087: Port 'io_gpioB_writeEnable[22]' is not constrained, it is treated as combinational output.
W: Timing-4087: Port 'io_gpioB_writeEnable[23]' is not constrained, it is treated as combinational output.
W: Timing-4087: Port 'io_gpioB_writeEnable[24]' is not constrained, it is treated as combinational output.
W: Timing-4087: Port 'io_gpioB_writeEnable[25]' is not constrained, it is treated as combinational output.
W: Timing-4087: Port 'io_gpioB_writeEnable[26]' is not constrained, it is treated as combinational output.
W: Timing-4087: Port 'io_gpioB_writeEnable[27]' is not constrained, it is treated as combinational output.
W: Timing-4087: Port 'io_gpioB_writeEnable[28]' is not constrained, it is treated as combinational output.
W: Timing-4087: Port 'io_gpioB_writeEnable[29]' is not constrained, it is treated as combinational output.
W: Timing-4087: Port 'io_gpioB_writeEnable[30]' is not constrained, it is treated as combinational output.
W: Timing-4087: Port 'io_gpioB_writeEnable[31]' is not constrained, it is treated as combinational output.
W: Timing-4087: Port 'io_jtag_tdo' is not constrained, it is treated as combinational output.
W: Timing-4087: Port 'io_sdram_ADDR[0]' is not constrained, it is treated as combinational output.
W: Timing-4087: Port 'io_sdram_ADDR[1]' is not constrained, it is treated as combinational output.
W: Timing-4087: Port 'io_sdram_ADDR[2]' is not constrained, it is treated as combinational output.
W: Timing-4087: Port 'io_sdram_ADDR[3]' is not constrained, it is treated as combinational output.
W: Timing-4087: Port 'io_sdram_ADDR[4]' is not constrained, it is treated as combinational output.
W: Timing-4087: Port 'io_sdram_ADDR[5]' is not constrained, it is treated as combinational output.
W: Timing-4087: Port 'io_sdram_ADDR[6]' is not constrained, it is treated as combinational output.
W: Timing-4087: Port 'io_sdram_ADDR[7]' is not constrained, it is treated as combinational output.
W: Timing-4087: Port 'io_sdram_ADDR[8]' is not constrained, it is treated as combinational output.
W: Timing-4087: Port 'io_sdram_ADDR[9]' is not constrained, it is treated as combinational output.
W: Timing-4087: Port 'io_sdram_ADDR[10]' is not constrained, it is treated as combinational output.
W: Timing-4087: Port 'io_sdram_ADDR[11]' is not constrained, it is treated as combinational output.
W: Timing-4087: Port 'io_sdram_ADDR[12]' is not constrained, it is treated as combinational output.
W: Timing-4087: Port 'io_sdram_BA[0]' is not constrained, it is treated as combinational output.
W: Timing-4087: Port 'io_sdram_BA[1]' is not constrained, it is treated as combinational output.
W: Timing-4087: Port 'io_sdram_CASn' is not constrained, it is treated as combinational output.
W: Timing-4087: Port 'io_sdram_CKE' is not constrained, it is treated as combinational output.
W: Timing-4087: Port 'io_sdram_CSn' is not constrained, it is treated as combinational output.
W: Timing-4087: Port 'io_sdram_DQM[0]' is not constrained, it is treated as combinational output.
W: Timing-4087: Port 'io_sdram_DQM[1]' is not constrained, it is treated as combinational output.
W: Timing-4087: Port 'io_sdram_DQ_write[0]' is not constrained, it is treated as combinational output.
W: Timing-4087: Port 'io_sdram_DQ_write[1]' is not constrained, it is treated as combinational output.
W: Timing-4087: Port 'io_sdram_DQ_write[2]' is not constrained, it is treated as combinational output.
W: Timing-4087: Port 'io_sdram_DQ_write[3]' is not constrained, it is treated as combinational output.
W: Timing-4087: Port 'io_sdram_DQ_write[4]' is not constrained, it is treated as combinational output.
W: Timing-4087: Port 'io_sdram_DQ_write[5]' is not constrained, it is treated as combinational output.
W: Timing-4087: Port 'io_sdram_DQ_write[6]' is not constrained, it is treated as combinational output.
W: Timing-4087: Port 'io_sdram_DQ_write[7]' is not constrained, it is treated as combinational output.
W: Timing-4087: Port 'io_sdram_DQ_write[8]' is not constrained, it is treated as combinational output.
W: Timing-4087: Port 'io_sdram_DQ_write[9]' is not constrained, it is treated as combinational output.
W: Timing-4087: Port 'io_sdram_DQ_write[10]' is not constrained, it is treated as combinational output.
W: Timing-4087: Port 'io_sdram_DQ_write[11]' is not constrained, it is treated as combinational output.
W: Timing-4087: Port 'io_sdram_DQ_write[12]' is not constrained, it is treated as combinational output.
W: Timing-4087: Port 'io_sdram_DQ_write[13]' is not constrained, it is treated as combinational output.
W: Timing-4087: Port 'io_sdram_DQ_write[14]' is not constrained, it is treated as combinational output.
W: Timing-4087: Port 'io_sdram_DQ_write[15]' is not constrained, it is treated as combinational output.
W: Timing-4087: Port 'io_sdram_DQ_writeEnable[0]' is not constrained, it is treated as combinational output.
W: Timing-4087: Port 'io_sdram_DQ_writeEnable[1]' is not constrained, it is treated as combinational output.
W: Timing-4087: Port 'io_sdram_DQ_writeEnable[2]' is not constrained, it is treated as combinational output.
W: Timing-4087: Port 'io_sdram_DQ_writeEnable[3]' is not constrained, it is treated as combinational output.
W: Timing-4087: Port 'io_sdram_DQ_writeEnable[4]' is not constrained, it is treated as combinational output.
W: Timing-4087: Port 'io_sdram_DQ_writeEnable[5]' is not constrained, it is treated as combinational output.
W: Timing-4087: Port 'io_sdram_DQ_writeEnable[6]' is not constrained, it is treated as combinational output.
W: Timing-4087: Port 'io_sdram_DQ_writeEnable[7]' is not constrained, it is treated as combinational output.
W: Timing-4087: Port 'io_sdram_DQ_writeEnable[8]' is not constrained, it is treated as combinational output.
W: Timing-4087: Port 'io_sdram_DQ_writeEnable[9]' is not constrained, it is treated as combinational output.
W: Timing-4087: Port 'io_sdram_DQ_writeEnable[10]' is not constrained, it is treated as combinational output.
W: Timing-4087: Port 'io_sdram_DQ_writeEnable[11]' is not constrained, it is treated as combinational output.
W: Timing-4087: Port 'io_sdram_DQ_writeEnable[12]' is not constrained, it is treated as combinational output.
W: Timing-4087: Port 'io_sdram_DQ_writeEnable[13]' is not constrained, it is treated as combinational output.
W: Timing-4087: Port 'io_sdram_DQ_writeEnable[14]' is not constrained, it is treated as combinational output.
W: Timing-4087: Port 'io_sdram_DQ_writeEnable[15]' is not constrained, it is treated as combinational output.
W: Timing-4087: Port 'io_sdram_RASn' is not constrained, it is treated as combinational output.
W: Timing-4087: Port 'io_sdram_WEn' is not constrained, it is treated as combinational output.
W: Timing-4087: Port 'io_uart_txd' is not constrained, it is treated as combinational output.
W: Timing-4086: Port 'io_asyncReset' is not constrained, it is treated as combinational input.
W: Timing-4086: Port 'io_coreInterrupt' is not constrained, it is treated as combinational input.
W: Timing-4086: Port 'io_gpioA_read[0]' is not constrained, it is treated as combinational input.
W: Timing-4086: Port 'io_gpioA_read[1]' is not constrained, it is treated as combinational input.
W: Timing-4086: Port 'io_gpioA_read[2]' is not constrained, it is treated as combinational input.
W: Timing-4086: Port 'io_gpioA_read[3]' is not constrained, it is treated as combinational input.
W: Timing-4086: Port 'io_gpioA_read[4]' is not constrained, it is treated as combinational input.
W: Timing-4086: Port 'io_gpioA_read[5]' is not constrained, it is treated as combinational input.
W: Timing-4086: Port 'io_gpioA_read[6]' is not constrained, it is treated as combinational input.
W: Timing-4086: Port 'io_gpioA_read[7]' is not constrained, it is treated as combinational input.
W: Timing-4086: Port 'io_gpioA_read[8]' is not constrained, it is treated as combinational input.
W: Timing-4086: Port 'io_gpioA_read[9]' is not constrained, it is treated as combinational input.
W: Timing-4086: Port 'io_gpioA_read[10]' is not constrained, it is treated as combinational input.
W: Timing-4086: Port 'io_gpioA_read[11]' is not constrained, it is treated as combinational input.
W: Timing-4086: Port 'io_gpioA_read[12]' is not constrained, it is treated as combinational input.
W: Timing-4086: Port 'io_gpioA_read[13]' is not constrained, it is treated as combinational input.
W: Timing-4086: Port 'io_gpioA_read[14]' is not constrained, it is treated as combinational input.
W: Timing-4086: Port 'io_gpioA_read[15]' is not constrained, it is treated as combinational input.
W: Timing-4086: Port 'io_gpioA_read[16]' is not constrained, it is treated as combinational input.
W: Timing-4086: Port 'io_gpioA_read[17]' is not constrained, it is treated as combinational input.
W: Timing-4086: Port 'io_gpioA_read[18]' is not constrained, it is treated as combinational input.
W: Timing-4086: Port 'io_gpioA_read[19]' is not constrained, it is treated as combinational input.
W: Timing-4086: Port 'io_gpioA_read[20]' is not constrained, it is treated as combinational input.
W: Timing-4086: Port 'io_gpioA_read[21]' is not constrained, it is treated as combinational input.
W: Timing-4086: Port 'io_gpioA_read[22]' is not constrained, it is treated as combinational input.
W: Timing-4086: Port 'io_gpioA_read[23]' is not constrained, it is treated as combinational input.
W: Timing-4086: Port 'io_gpioA_read[24]' is not constrained, it is treated as combinational input.
W: Timing-4086: Port 'io_gpioA_read[25]' is not constrained, it is treated as combinational input.
W: Timing-4086: Port 'io_gpioA_read[26]' is not constrained, it is treated as combinational input.
W: Timing-4086: Port 'io_gpioA_read[27]' is not constrained, it is treated as combinational input.
W: Timing-4086: Port 'io_gpioA_read[28]' is not constrained, it is treated as combinational input.
W: Timing-4086: Port 'io_gpioA_read[29]' is not constrained, it is treated as combinational input.
W: Timing-4086: Port 'io_gpioA_read[30]' is not constrained, it is treated as combinational input.
W: Timing-4086: Port 'io_gpioA_read[31]' is not constrained, it is treated as combinational input.
W: Timing-4086: Port 'io_gpioB_read[0]' is not constrained, it is treated as combinational input.
W: Timing-4086: Port 'io_gpioB_read[1]' is not constrained, it is treated as combinational input.
W: Timing-4086: Port 'io_gpioB_read[2]' is not constrained, it is treated as combinational input.
W: Timing-4086: Port 'io_gpioB_read[3]' is not constrained, it is treated as combinational input.
W: Timing-4086: Port 'io_gpioB_read[4]' is not constrained, it is treated as combinational input.
W: Timing-4086: Port 'io_gpioB_read[5]' is not constrained, it is treated as combinational input.
W: Timing-4086: Port 'io_gpioB_read[6]' is not constrained, it is treated as combinational input.
W: Timing-4086: Port 'io_gpioB_read[7]' is not constrained, it is treated as combinational input.
W: Timing-4086: Port 'io_gpioB_read[8]' is not constrained, it is treated as combinational input.
W: Timing-4086: Port 'io_gpioB_read[9]' is not constrained, it is treated as combinational input.
W: Timing-4086: Port 'io_gpioB_read[10]' is not constrained, it is treated as combinational input.
W: Timing-4086: Port 'io_gpioB_read[11]' is not constrained, it is treated as combinational input.
W: Timing-4086: Port 'io_gpioB_read[12]' is not constrained, it is treated as combinational input.
W: Timing-4086: Port 'io_gpioB_read[13]' is not constrained, it is treated as combinational input.
W: Timing-4086: Port 'io_gpioB_read[14]' is not constrained, it is treated as combinational input.
W: Timing-4086: Port 'io_gpioB_read[15]' is not constrained, it is treated as combinational input.
W: Timing-4086: Port 'io_gpioB_read[16]' is not constrained, it is treated as combinational input.
W: Timing-4086: Port 'io_gpioB_read[17]' is not constrained, it is treated as combinational input.
W: Timing-4086: Port 'io_gpioB_read[18]' is not constrained, it is treated as combinational input.
W: Timing-4086: Port 'io_gpioB_read[19]' is not constrained, it is treated as combinational input.
W: Timing-4086: Port 'io_gpioB_read[20]' is not constrained, it is treated as combinational input.
W: Timing-4086: Port 'io_gpioB_read[21]' is not constrained, it is treated as combinational input.
W: Timing-4086: Port 'io_gpioB_read[22]' is not constrained, it is treated as combinational input.
W: Timing-4086: Port 'io_gpioB_read[23]' is not constrained, it is treated as combinational input.
W: Timing-4086: Port 'io_gpioB_read[24]' is not constrained, it is treated as combinational input.
W: Timing-4086: Port 'io_gpioB_read[25]' is not constrained, it is treated as combinational input.
W: Timing-4086: Port 'io_gpioB_read[26]' is not constrained, it is treated as combinational input.
W: Timing-4086: Port 'io_gpioB_read[27]' is not constrained, it is treated as combinational input.
W: Timing-4086: Port 'io_gpioB_read[28]' is not constrained, it is treated as combinational input.
W: Timing-4086: Port 'io_gpioB_read[29]' is not constrained, it is treated as combinational input.
W: Timing-4086: Port 'io_gpioB_read[30]' is not constrained, it is treated as combinational input.
W: Timing-4086: Port 'io_gpioB_read[31]' is not constrained, it is treated as combinational input.
W: Timing-4086: Port 'io_jtag_tdi' is not constrained, it is treated as combinational input.
W: Timing-4086: Port 'io_jtag_tms' is not constrained, it is treated as combinational input.
W: Timing-4086: Port 'io_sdram_DQ_read[0]' is not constrained, it is treated as combinational input.
W: Timing-4086: Port 'io_sdram_DQ_read[1]' is not constrained, it is treated as combinational input.
W: Timing-4086: Port 'io_sdram_DQ_read[2]' is not constrained, it is treated as combinational input.
W: Timing-4086: Port 'io_sdram_DQ_read[3]' is not constrained, it is treated as combinational input.
W: Timing-4086: Port 'io_sdram_DQ_read[4]' is not constrained, it is treated as combinational input.
W: Timing-4086: Port 'io_sdram_DQ_read[5]' is not constrained, it is treated as combinational input.
W: Timing-4086: Port 'io_sdram_DQ_read[6]' is not constrained, it is treated as combinational input.
W: Timing-4086: Port 'io_sdram_DQ_read[7]' is not constrained, it is treated as combinational input.
W: Timing-4086: Port 'io_sdram_DQ_read[8]' is not constrained, it is treated as combinational input.
W: Timing-4086: Port 'io_sdram_DQ_read[9]' is not constrained, it is treated as combinational input.
W: Timing-4086: Port 'io_sdram_DQ_read[10]' is not constrained, it is treated as combinational input.
W: Timing-4086: Port 'io_sdram_DQ_read[11]' is not constrained, it is treated as combinational input.
W: Timing-4086: Port 'io_sdram_DQ_read[12]' is not constrained, it is treated as combinational input.
W: Timing-4086: Port 'io_sdram_DQ_read[13]' is not constrained, it is treated as combinational input.
W: Timing-4086: Port 'io_sdram_DQ_read[14]' is not constrained, it is treated as combinational input.
W: Timing-4086: Port 'io_sdram_DQ_read[15]' is not constrained, it is treated as combinational input.
W: Timing-4086: Port 'io_timerExternal_clear' is not constrained, it is treated as combinational input.
W: Timing-4086: Port 'io_timerExternal_tick' is not constrained, it is treated as combinational input.
W: Timing-4086: Port 'io_uart_rxd' is not constrained, it is treated as combinational input.
Action synthesize: Real time elapsed is 0h:0m:13s
Action synthesize: CPU time elapsed is 0h:0m:11s
Action synthesize: Process CPU time elapsed is 0h:0m:11s
Current time: Mon Feb 24 22:21:50 2025
Action synthesize: Peak memory pool usage is 265 MB
