#Build: Fabric Compiler 2022.1, Build 99559, Jul 12 00:20 2022
#Install: H:\PANGO_EDA\PDS_2022.1\bin
#Application name: pds_shell.exe
#OS: Windows 10 10.0.26100
#Hostname: DESKTOP-4P2ET5G
Generated by Fabric Compiler (version 2022.1 build 99559) at Mon Feb 24 20:12:24 2025
Compiling verification operator library.
Compiling common defs.
Compiling prim grid devices.
Compiling gate devices.
Compiling gate operators.
Building architecture model.
Loading device packaging model.
Reading design from DB.
Start Generating Programming File...
Reading design from DB takes 0.593750 sec.
Generating architecture configuration.
The bitstream file is "H:/PANGO_EDA/my_project/first_try/generate_bitstream/Briey.sbit"
Generate programming file takes 6.484375 sec.
Generating Programming File done.
Action gen_bit_stream: Real time elapsed is 0h:0m:12s
Action gen_bit_stream: CPU time elapsed is 0h:0m:10s
Action gen_bit_stream: Process CPU time elapsed is 0h:0m:10s
Current time: Mon Feb 24 20:12:34 2025
Action gen_bit_stream: Peak memory pool usage is 671 MB
